<?xml version="1.0" encoding="UTF-8"?>
<testng-results ignored="5" total="86" passed="81" failed="0" skipped="0">
  <reporter-output>
  </reporter-output>
  <suite started-at="2023-04-10T14:11:11 ICT" name="suite changePass" finished-at="2023-04-10T14:11:20 ICT" duration-ms="9290">
    <groups>
      <group name="changepass">
        <method signature="ApplicationFastFood.testChangePass(java.lang.String,java.lang.String,java.lang.String,java.lang.String,java.lang.String,java.lang.String)[pri:0, instance:test.ApplicationFastFood[frame0,23,0,1235x702,invalid,hidden,layout=java.awt.BorderLayout,title=,normal,defaultCloseOperation=EXIT_ON_CLOSE,rootPane=javax.swing.JRootPane[,7,30,1221x665,invalid,layout=javax.swing.JRootPane$RootLayout,alignmentX=0.0,alignmentY=0.0,border=,flags=16777673,maximumSize=,minimumSize=,preferredSize=],rootPaneCheckingEnabled=true]]" name="testChangePass" class="test.ApplicationFastFood"/>
      </group> <!-- changepass -->
    </groups>
    <test started-at="2023-04-10T14:11:11 ICT" name="changepass" finished-at="2023-04-10T14:11:20 ICT" duration-ms="9290">
      <class name="test.ApplicationFastFood">
        <test-method is-config="true" signature="testBeforeClassChangePass()[pri:0, instance:test.ApplicationFastFood[frame0,23,0,1235x702,invalid,hidden,layout=java.awt.BorderLayout,title=,normal,defaultCloseOperation=EXIT_ON_CLOSE,rootPane=javax.swing.JRootPane[,7,30,1221x665,invalid,layout=javax.swing.JRootPane$RootLayout,alignmentX=0.0,alignmentY=0.0,border=,flags=16777673,maximumSize=,minimumSize=,preferredSize=],rootPaneCheckingEnabled=true]]" started-at="2023-04-10T14:11:11 ICT" name="testBeforeClassChangePass" finished-at="2023-04-10T14:11:13 ICT" duration-ms="1765" status="PASS">
          <reporter-output>
          </reporter-output>
        </test-method> <!-- testBeforeClassChangePass -->
        <test-method signature="testChangePass(java.lang.String,java.lang.String,java.lang.String,java.lang.String,java.lang.String,java.lang.String)[pri:0, instance:test.ApplicationFastFood[frame0,23,0,1235x702,invalid,hidden,layout=java.awt.BorderLayout,title=,normal,defaultCloseOperation=EXIT_ON_CLOSE,rootPane=javax.swing.JRootPane[,7,30,1221x665,invalid,layout=javax.swing.JRootPane$RootLayout,alignmentX=0.0,alignmentY=0.0,border=,flags=16777673,maximumSize=,minimumSize=,preferredSize=],rootPaneCheckingEnabled=true]]" started-at="2023-04-10T14:11:13 ICT" name="testChangePass" data-provider="testDataChangePass" finished-at="2023-04-10T14:11:13 ICT" duration-ms="76" status="PASS">
          <params>
            <param index="0">
              <value>
                <![CDATA[]]>
              </value>
            </param>
            <param index="1">
              <value>
                <![CDATA[PassCurrent cann't be empty]]>
              </value>
            </param>
            <param index="2">
              <value>
                <![CDATA[]]>
              </value>
            </param>
            <param index="3">
              <value>
                <![CDATA[NewPass cann't be empty]]>
              </value>
            </param>
            <param index="4">
              <value>
                <![CDATA[]]>
              </value>
            </param>
            <param index="5">
              <value>
                <![CDATA[Confirm cann't be empty]]>
              </value>
            </param>
          </params>
          <reporter-output>
          </reporter-output>
        </test-method> <!-- testChangePass -->
        <test-method signature="testChangePass(java.lang.String,java.lang.String,java.lang.String,java.lang.String,java.lang.String,java.lang.String)[pri:0, instance:test.ApplicationFastFood[frame0,23,0,1235x702,invalid,hidden,layout=java.awt.BorderLayout,title=,normal,defaultCloseOperation=EXIT_ON_CLOSE,rootPane=javax.swing.JRootPane[,7,30,1221x665,invalid,layout=javax.swing.JRootPane$RootLayout,alignmentX=0.0,alignmentY=0.0,border=,flags=16777673,maximumSize=,minimumSize=,preferredSize=],rootPaneCheckingEnabled=true]]" started-at="2023-04-10T14:11:13 ICT" name="testChangePass" data-provider="testDataChangePass" finished-at="2023-04-10T14:11:13 ICT" duration-ms="79" status="PASS">
          <params>
            <param index="0">
              <value>
                <![CDATA[asdf]]>
              </value>
            </param>
            <param index="1">
              <value>
                <![CDATA[PassCurrent has to bigger 6 character]]>
              </value>
            </param>
            <param index="2">
              <value>
                <![CDATA[]]>
              </value>
            </param>
            <param index="3">
              <value>
                <![CDATA[NewPass cann't be empty]]>
              </value>
            </param>
            <param index="4">
              <value>
                <![CDATA[]]>
              </value>
            </param>
            <param index="5">
              <value>
                <![CDATA[Confirm cann't be empty]]>
              </value>
            </param>
          </params>
          <reporter-output>
          </reporter-output>
        </test-method> <!-- testChangePass -->
        <test-method signature="testChangePass(java.lang.String,java.lang.String,java.lang.String,java.lang.String,java.lang.String,java.lang.String)[pri:0, instance:test.ApplicationFastFood[frame0,23,0,1235x702,invalid,hidden,layout=java.awt.BorderLayout,title=,normal,defaultCloseOperation=EXIT_ON_CLOSE,rootPane=javax.swing.JRootPane[,7,30,1221x665,invalid,layout=javax.swing.JRootPane$RootLayout,alignmentX=0.0,alignmentY=0.0,border=,flags=16777673,maximumSize=,minimumSize=,preferredSize=],rootPaneCheckingEnabled=true]]" started-at="2023-04-10T14:11:13 ICT" name="testChangePass" data-provider="testDataChangePass" finished-at="2023-04-10T14:11:13 ICT" duration-ms="74" status="PASS">
          <params>
            <param index="0">
              <value>
                <![CDATA[as df]]>
              </value>
            </param>
            <param index="1">
              <value>
                <![CDATA[PassCurrent has to bigger 6 character]]>
              </value>
            </param>
            <param index="2">
              <value>
                <![CDATA[]]>
              </value>
            </param>
            <param index="3">
              <value>
                <![CDATA[NewPass cann't be empty]]>
              </value>
            </param>
            <param index="4">
              <value>
                <![CDATA[]]>
              </value>
            </param>
            <param index="5">
              <value>
                <![CDATA[Confirm cann't be empty]]>
              </value>
            </param>
          </params>
          <reporter-output>
          </reporter-output>
        </test-method> <!-- testChangePass -->
        <test-method signature="testChangePass(java.lang.String,java.lang.String,java.lang.String,java.lang.String,java.lang.String,java.lang.String)[pri:0, instance:test.ApplicationFastFood[frame0,23,0,1235x702,invalid,hidden,layout=java.awt.BorderLayout,title=,normal,defaultCloseOperation=EXIT_ON_CLOSE,rootPane=javax.swing.JRootPane[,7,30,1221x665,invalid,layout=javax.swing.JRootPane$RootLayout,alignmentX=0.0,alignmentY=0.0,border=,flags=16777673,maximumSize=,minimumSize=,preferredSize=],rootPaneCheckingEnabled=true]]" started-at="2023-04-10T14:11:13 ICT" name="testChangePass" data-provider="testDataChangePass" finished-at="2023-04-10T14:11:14 ICT" duration-ms="71" status="PASS">
          <params>
            <param index="0">
              <value>
                <![CDATA[a df#]]>
              </value>
            </param>
            <param index="1">
              <value>
                <![CDATA[PassCurrent has to bigger 6 character]]>
              </value>
            </param>
            <param index="2">
              <value>
                <![CDATA[]]>
              </value>
            </param>
            <param index="3">
              <value>
                <![CDATA[NewPass cann't be empty]]>
              </value>
            </param>
            <param index="4">
              <value>
                <![CDATA[]]>
              </value>
            </param>
            <param index="5">
              <value>
                <![CDATA[Confirm cann't be empty]]>
              </value>
            </param>
          </params>
          <reporter-output>
          </reporter-output>
        </test-method> <!-- testChangePass -->
        <test-method signature="testChangePass(java.lang.String,java.lang.String,java.lang.String,java.lang.String,java.lang.String,java.lang.String)[pri:0, instance:test.ApplicationFastFood[frame0,23,0,1235x702,invalid,hidden,layout=java.awt.BorderLayout,title=,normal,defaultCloseOperation=EXIT_ON_CLOSE,rootPane=javax.swing.JRootPane[,7,30,1221x665,invalid,layout=javax.swing.JRootPane$RootLayout,alignmentX=0.0,alignmentY=0.0,border=,flags=16777673,maximumSize=,minimumSize=,preferredSize=],rootPaneCheckingEnabled=true]]" started-at="2023-04-10T14:11:14 ICT" name="testChangePass" data-provider="testDataChangePass" finished-at="2023-04-10T14:11:14 ICT" duration-ms="77" status="PASS">
          <params>
            <param index="0">
              <value>
                <![CDATA[cuongcuongcuongcuongcuongcuongcuongcuongcuong]]>
              </value>
            </param>
            <param index="1">
              <value>
                <![CDATA[PassCurrent has to lower 40 character]]>
              </value>
            </param>
            <param index="2">
              <value>
                <![CDATA[]]>
              </value>
            </param>
            <param index="3">
              <value>
                <![CDATA[NewPass cann't be empty]]>
              </value>
            </param>
            <param index="4">
              <value>
                <![CDATA[]]>
              </value>
            </param>
            <param index="5">
              <value>
                <![CDATA[Confirm cann't be empty]]>
              </value>
            </param>
          </params>
          <reporter-output>
          </reporter-output>
        </test-method> <!-- testChangePass -->
        <test-method signature="testChangePass(java.lang.String,java.lang.String,java.lang.String,java.lang.String,java.lang.String,java.lang.String)[pri:0, instance:test.ApplicationFastFood[frame0,23,0,1235x702,invalid,hidden,layout=java.awt.BorderLayout,title=,normal,defaultCloseOperation=EXIT_ON_CLOSE,rootPane=javax.swing.JRootPane[,7,30,1221x665,invalid,layout=javax.swing.JRootPane$RootLayout,alignmentX=0.0,alignmentY=0.0,border=,flags=16777673,maximumSize=,minimumSize=,preferredSize=],rootPaneCheckingEnabled=true]]" started-at="2023-04-10T14:11:14 ICT" name="testChangePass" data-provider="testDataChangePass" finished-at="2023-04-10T14:11:14 ICT" duration-ms="71" status="PASS">
          <params>
            <param index="0">
              <value>
                <![CDATA[cuongcuongcuongcuong cuongcuongcuongcuongcuong]]>
              </value>
            </param>
            <param index="1">
              <value>
                <![CDATA[PassCurrent has to lower 40 character]]>
              </value>
            </param>
            <param index="2">
              <value>
                <![CDATA[]]>
              </value>
            </param>
            <param index="3">
              <value>
                <![CDATA[NewPass cann't be empty]]>
              </value>
            </param>
            <param index="4">
              <value>
                <![CDATA[]]>
              </value>
            </param>
            <param index="5">
              <value>
                <![CDATA[Confirm cann't be empty]]>
              </value>
            </param>
          </params>
          <reporter-output>
          </reporter-output>
        </test-method> <!-- testChangePass -->
        <test-method signature="testChangePass(java.lang.String,java.lang.String,java.lang.String,java.lang.String,java.lang.String,java.lang.String)[pri:0, instance:test.ApplicationFastFood[frame0,23,0,1235x702,invalid,hidden,layout=java.awt.BorderLayout,title=,normal,defaultCloseOperation=EXIT_ON_CLOSE,rootPane=javax.swing.JRootPane[,7,30,1221x665,invalid,layout=javax.swing.JRootPane$RootLayout,alignmentX=0.0,alignmentY=0.0,border=,flags=16777673,maximumSize=,minimumSize=,preferredSize=],rootPaneCheckingEnabled=true]]" started-at="2023-04-10T14:11:14 ICT" name="testChangePass" data-provider="testDataChangePass" finished-at="2023-04-10T14:11:14 ICT" duration-ms="78" status="PASS">
          <params>
            <param index="0">
              <value>
                <![CDATA[cuongcuongcuongcuong& #&cuongcuongcuongcuongcuong]]>
              </value>
            </param>
            <param index="1">
              <value>
                <![CDATA[PassCurrent has to lower 40 character]]>
              </value>
            </param>
            <param index="2">
              <value>
                <![CDATA[]]>
              </value>
            </param>
            <param index="3">
              <value>
                <![CDATA[NewPass cann't be empty]]>
              </value>
            </param>
            <param index="4">
              <value>
                <![CDATA[]]>
              </value>
            </param>
            <param index="5">
              <value>
                <![CDATA[Confirm cann't be empty]]>
              </value>
            </param>
          </params>
          <reporter-output>
          </reporter-output>
        </test-method> <!-- testChangePass -->
        <test-method signature="testChangePass(java.lang.String,java.lang.String,java.lang.String,java.lang.String,java.lang.String,java.lang.String)[pri:0, instance:test.ApplicationFastFood[frame0,23,0,1235x702,invalid,hidden,layout=java.awt.BorderLayout,title=,normal,defaultCloseOperation=EXIT_ON_CLOSE,rootPane=javax.swing.JRootPane[,7,30,1221x665,invalid,layout=javax.swing.JRootPane$RootLayout,alignmentX=0.0,alignmentY=0.0,border=,flags=16777673,maximumSize=,minimumSize=,preferredSize=],rootPaneCheckingEnabled=true]]" started-at="2023-04-10T14:11:14 ICT" name="testChangePass" data-provider="testDataChangePass" finished-at="2023-04-10T14:11:14 ICT" duration-ms="79" status="PASS">
          <params>
            <param index="0">
              <value>
                <![CDATA[cuongcuong]]>
              </value>
            </param>
            <param index="1">
              <value>
                <![CDATA[PassCurrent malformed. Phải có chữ hoa và số]]>
              </value>
            </param>
            <param index="2">
              <value>
                <![CDATA[]]>
              </value>
            </param>
            <param index="3">
              <value>
                <![CDATA[NewPass cann't be empty]]>
              </value>
            </param>
            <param index="4">
              <value>
                <![CDATA[]]>
              </value>
            </param>
            <param index="5">
              <value>
                <![CDATA[Confirm cann't be empty]]>
              </value>
            </param>
          </params>
          <reporter-output>
          </reporter-output>
        </test-method> <!-- testChangePass -->
        <test-method signature="testChangePass(java.lang.String,java.lang.String,java.lang.String,java.lang.String,java.lang.String,java.lang.String)[pri:0, instance:test.ApplicationFastFood[frame0,23,0,1235x702,invalid,hidden,layout=java.awt.BorderLayout,title=,normal,defaultCloseOperation=EXIT_ON_CLOSE,rootPane=javax.swing.JRootPane[,7,30,1221x665,invalid,layout=javax.swing.JRootPane$RootLayout,alignmentX=0.0,alignmentY=0.0,border=,flags=16777673,maximumSize=,minimumSize=,preferredSize=],rootPaneCheckingEnabled=true]]" started-at="2023-04-10T14:11:14 ICT" name="testChangePass" data-provider="testDataChangePass" finished-at="2023-04-10T14:11:14 ICT" duration-ms="79" status="PASS">
          <params>
            <param index="0">
              <value>
                <![CDATA[cuongcuongA 7]]>
              </value>
            </param>
            <param index="1">
              <value>
                <![CDATA[PassCurrent malformed. Phải có chữ hoa và số]]>
              </value>
            </param>
            <param index="2">
              <value>
                <![CDATA[]]>
              </value>
            </param>
            <param index="3">
              <value>
                <![CDATA[NewPass cann't be empty]]>
              </value>
            </param>
            <param index="4">
              <value>
                <![CDATA[]]>
              </value>
            </param>
            <param index="5">
              <value>
                <![CDATA[Confirm cann't be empty]]>
              </value>
            </param>
          </params>
          <reporter-output>
          </reporter-output>
        </test-method> <!-- testChangePass -->
        <test-method signature="testChangePass(java.lang.String,java.lang.String,java.lang.String,java.lang.String,java.lang.String,java.lang.String)[pri:0, instance:test.ApplicationFastFood[frame0,23,0,1235x702,invalid,hidden,layout=java.awt.BorderLayout,title=,normal,defaultCloseOperation=EXIT_ON_CLOSE,rootPane=javax.swing.JRootPane[,7,30,1221x665,invalid,layout=javax.swing.JRootPane$RootLayout,alignmentX=0.0,alignmentY=0.0,border=,flags=16777673,maximumSize=,minimumSize=,preferredSize=],rootPaneCheckingEnabled=true]]" started-at="2023-04-10T14:11:14 ICT" name="testChangePass" data-provider="testDataChangePass" finished-at="2023-04-10T14:11:14 ICT" duration-ms="73" status="PASS">
          <params>
            <param index="0">
              <value>
                <![CDATA[cuongcuongÁ 7]]>
              </value>
            </param>
            <param index="1">
              <value>
                <![CDATA[PassCurrent malformed. Phải có chữ hoa và số]]>
              </value>
            </param>
            <param index="2">
              <value>
                <![CDATA[]]>
              </value>
            </param>
            <param index="3">
              <value>
                <![CDATA[NewPass cann't be empty]]>
              </value>
            </param>
            <param index="4">
              <value>
                <![CDATA[]]>
              </value>
            </param>
            <param index="5">
              <value>
                <![CDATA[Confirm cann't be empty]]>
              </value>
            </param>
          </params>
          <reporter-output>
          </reporter-output>
        </test-method> <!-- testChangePass -->
        <test-method signature="testChangePass(java.lang.String,java.lang.String,java.lang.String,java.lang.String,java.lang.String,java.lang.String)[pri:0, instance:test.ApplicationFastFood[frame0,23,0,1235x702,invalid,hidden,layout=java.awt.BorderLayout,title=,normal,defaultCloseOperation=EXIT_ON_CLOSE,rootPane=javax.swing.JRootPane[,7,30,1221x665,invalid,layout=javax.swing.JRootPane$RootLayout,alignmentX=0.0,alignmentY=0.0,border=,flags=16777673,maximumSize=,minimumSize=,preferredSize=],rootPaneCheckingEnabled=true]]" started-at="2023-04-10T14:11:14 ICT" name="testChangePass" data-provider="testDataChangePass" finished-at="2023-04-10T14:11:14 ICT" duration-ms="74" status="PASS">
          <params>
            <param index="0">
              <value>
                <![CDATA[cuongcuongA7]]>
              </value>
            </param>
            <param index="1">
              <value>
                <![CDATA[]]>
              </value>
            </param>
            <param index="2">
              <value>
                <![CDATA[]]>
              </value>
            </param>
            <param index="3">
              <value>
                <![CDATA[NewPass cann't be empty]]>
              </value>
            </param>
            <param index="4">
              <value>
                <![CDATA[]]>
              </value>
            </param>
            <param index="5">
              <value>
                <![CDATA[Confirm cann't be empty]]>
              </value>
            </param>
          </params>
          <reporter-output>
          </reporter-output>
        </test-method> <!-- testChangePass -->
        <test-method signature="testChangePass(java.lang.String,java.lang.String,java.lang.String,java.lang.String,java.lang.String,java.lang.String)[pri:0, instance:test.ApplicationFastFood[frame0,23,0,1235x702,invalid,hidden,layout=java.awt.BorderLayout,title=,normal,defaultCloseOperation=EXIT_ON_CLOSE,rootPane=javax.swing.JRootPane[,7,30,1221x665,invalid,layout=javax.swing.JRootPane$RootLayout,alignmentX=0.0,alignmentY=0.0,border=,flags=16777673,maximumSize=,minimumSize=,preferredSize=],rootPaneCheckingEnabled=true]]" started-at="2023-04-10T14:11:14 ICT" name="testChangePass" data-provider="testDataChangePass" finished-at="2023-04-10T14:11:14 ICT" duration-ms="70" status="PASS">
          <params>
            <param index="0">
              <value>
                <![CDATA[asdf]]>
              </value>
            </param>
            <param index="1">
              <value>
                <![CDATA[PassCurrent has to bigger 6 character]]>
              </value>
            </param>
            <param index="2">
              <value>
                <![CDATA[asdf]]>
              </value>
            </param>
            <param index="3">
              <value>
                <![CDATA[NewPass has to bigger 6 character]]>
              </value>
            </param>
            <param index="4">
              <value>
                <![CDATA[]]>
              </value>
            </param>
            <param index="5">
              <value>
                <![CDATA[Confirm cann't be empty]]>
              </value>
            </param>
          </params>
          <reporter-output>
          </reporter-output>
        </test-method> <!-- testChangePass -->
        <test-method signature="testChangePass(java.lang.String,java.lang.String,java.lang.String,java.lang.String,java.lang.String,java.lang.String)[pri:0, instance:test.ApplicationFastFood[frame0,23,0,1235x702,invalid,hidden,layout=java.awt.BorderLayout,title=,normal,defaultCloseOperation=EXIT_ON_CLOSE,rootPane=javax.swing.JRootPane[,7,30,1221x665,invalid,layout=javax.swing.JRootPane$RootLayout,alignmentX=0.0,alignmentY=0.0,border=,flags=16777673,maximumSize=,minimumSize=,preferredSize=],rootPaneCheckingEnabled=true]]" started-at="2023-04-10T14:11:14 ICT" name="testChangePass" data-provider="testDataChangePass" finished-at="2023-04-10T14:11:14 ICT" duration-ms="75" status="PASS">
          <params>
            <param index="0">
              <value>
                <![CDATA[as df]]>
              </value>
            </param>
            <param index="1">
              <value>
                <![CDATA[PassCurrent has to bigger 6 character]]>
              </value>
            </param>
            <param index="2">
              <value>
                <![CDATA[asdf]]>
              </value>
            </param>
            <param index="3">
              <value>
                <![CDATA[NewPass has to bigger 6 character]]>
              </value>
            </param>
            <param index="4">
              <value>
                <![CDATA[]]>
              </value>
            </param>
            <param index="5">
              <value>
                <![CDATA[Confirm cann't be empty]]>
              </value>
            </param>
          </params>
          <reporter-output>
          </reporter-output>
        </test-method> <!-- testChangePass -->
        <test-method signature="testChangePass(java.lang.String,java.lang.String,java.lang.String,java.lang.String,java.lang.String,java.lang.String)[pri:0, instance:test.ApplicationFastFood[frame0,23,0,1235x702,invalid,hidden,layout=java.awt.BorderLayout,title=,normal,defaultCloseOperation=EXIT_ON_CLOSE,rootPane=javax.swing.JRootPane[,7,30,1221x665,invalid,layout=javax.swing.JRootPane$RootLayout,alignmentX=0.0,alignmentY=0.0,border=,flags=16777673,maximumSize=,minimumSize=,preferredSize=],rootPaneCheckingEnabled=true]]" started-at="2023-04-10T14:11:14 ICT" name="testChangePass" data-provider="testDataChangePass" finished-at="2023-04-10T14:11:14 ICT" duration-ms="72" status="PASS">
          <params>
            <param index="0">
              <value>
                <![CDATA[asdf]]>
              </value>
            </param>
            <param index="1">
              <value>
                <![CDATA[PassCurrent has to bigger 6 character]]>
              </value>
            </param>
            <param index="2">
              <value>
                <![CDATA[ d f]]>
              </value>
            </param>
            <param index="3">
              <value>
                <![CDATA[NewPass has to bigger 6 character]]>
              </value>
            </param>
            <param index="4">
              <value>
                <![CDATA[]]>
              </value>
            </param>
            <param index="5">
              <value>
                <![CDATA[Confirm cann't be empty]]>
              </value>
            </param>
          </params>
          <reporter-output>
          </reporter-output>
        </test-method> <!-- testChangePass -->
        <test-method signature="testChangePass(java.lang.String,java.lang.String,java.lang.String,java.lang.String,java.lang.String,java.lang.String)[pri:0, instance:test.ApplicationFastFood[frame0,23,0,1235x702,invalid,hidden,layout=java.awt.BorderLayout,title=,normal,defaultCloseOperation=EXIT_ON_CLOSE,rootPane=javax.swing.JRootPane[,7,30,1221x665,invalid,layout=javax.swing.JRootPane$RootLayout,alignmentX=0.0,alignmentY=0.0,border=,flags=16777673,maximumSize=,minimumSize=,preferredSize=],rootPaneCheckingEnabled=true]]" started-at="2023-04-10T14:11:14 ICT" name="testChangePass" data-provider="testDataChangePass" finished-at="2023-04-10T14:11:14 ICT" duration-ms="73" status="PASS">
          <params>
            <param index="0">
              <value>
                <![CDATA[as df]]>
              </value>
            </param>
            <param index="1">
              <value>
                <![CDATA[PassCurrent has to bigger 6 character]]>
              </value>
            </param>
            <param index="2">
              <value>
                <![CDATA[as df]]>
              </value>
            </param>
            <param index="3">
              <value>
                <![CDATA[NewPass has to bigger 6 character]]>
              </value>
            </param>
            <param index="4">
              <value>
                <![CDATA[]]>
              </value>
            </param>
            <param index="5">
              <value>
                <![CDATA[Confirm cann't be empty]]>
              </value>
            </param>
          </params>
          <reporter-output>
          </reporter-output>
        </test-method> <!-- testChangePass -->
        <test-method signature="testChangePass(java.lang.String,java.lang.String,java.lang.String,java.lang.String,java.lang.String,java.lang.String)[pri:0, instance:test.ApplicationFastFood[frame0,23,0,1235x702,invalid,hidden,layout=java.awt.BorderLayout,title=,normal,defaultCloseOperation=EXIT_ON_CLOSE,rootPane=javax.swing.JRootPane[,7,30,1221x665,invalid,layout=javax.swing.JRootPane$RootLayout,alignmentX=0.0,alignmentY=0.0,border=,flags=16777673,maximumSize=,minimumSize=,preferredSize=],rootPaneCheckingEnabled=true]]" started-at="2023-04-10T14:11:14 ICT" name="testChangePass" data-provider="testDataChangePass" finished-at="2023-04-10T14:11:14 ICT" duration-ms="73" status="PASS">
          <params>
            <param index="0">
              <value>
                <![CDATA[a df#]]>
              </value>
            </param>
            <param index="1">
              <value>
                <![CDATA[PassCurrent has to bigger 6 character]]>
              </value>
            </param>
            <param index="2">
              <value>
                <![CDATA[a df#]]>
              </value>
            </param>
            <param index="3">
              <value>
                <![CDATA[NewPass has to bigger 6 character]]>
              </value>
            </param>
            <param index="4">
              <value>
                <![CDATA[]]>
              </value>
            </param>
            <param index="5">
              <value>
                <![CDATA[Confirm cann't be empty]]>
              </value>
            </param>
          </params>
          <reporter-output>
          </reporter-output>
        </test-method> <!-- testChangePass -->
        <test-method signature="testChangePass(java.lang.String,java.lang.String,java.lang.String,java.lang.String,java.lang.String,java.lang.String)[pri:0, instance:test.ApplicationFastFood[frame0,23,0,1235x702,invalid,hidden,layout=java.awt.BorderLayout,title=,normal,defaultCloseOperation=EXIT_ON_CLOSE,rootPane=javax.swing.JRootPane[,7,30,1221x665,invalid,layout=javax.swing.JRootPane$RootLayout,alignmentX=0.0,alignmentY=0.0,border=,flags=16777673,maximumSize=,minimumSize=,preferredSize=],rootPaneCheckingEnabled=true]]" started-at="2023-04-10T14:11:14 ICT" name="testChangePass" data-provider="testDataChangePass" finished-at="2023-04-10T14:11:15 ICT" duration-ms="72" status="PASS">
          <params>
            <param index="0">
              <value>
                <![CDATA[asdf]]>
              </value>
            </param>
            <param index="1">
              <value>
                <![CDATA[PassCurrent has to bigger 6 character]]>
              </value>
            </param>
            <param index="2">
              <value>
                <![CDATA[cuongcuongcuongcuongcuongcuongcuongcuongcuong]]>
              </value>
            </param>
            <param index="3">
              <value>
                <![CDATA[NewPass has to lower 40 character]]>
              </value>
            </param>
            <param index="4">
              <value>
                <![CDATA[]]>
              </value>
            </param>
            <param index="5">
              <value>
                <![CDATA[Confirm cann't be empty]]>
              </value>
            </param>
          </params>
          <reporter-output>
          </reporter-output>
        </test-method> <!-- testChangePass -->
        <test-method signature="testChangePass(java.lang.String,java.lang.String,java.lang.String,java.lang.String,java.lang.String,java.lang.String)[pri:0, instance:test.ApplicationFastFood[frame0,23,0,1235x702,invalid,hidden,layout=java.awt.BorderLayout,title=,normal,defaultCloseOperation=EXIT_ON_CLOSE,rootPane=javax.swing.JRootPane[,7,30,1221x665,invalid,layout=javax.swing.JRootPane$RootLayout,alignmentX=0.0,alignmentY=0.0,border=,flags=16777673,maximumSize=,minimumSize=,preferredSize=],rootPaneCheckingEnabled=true]]" started-at="2023-04-10T14:11:15 ICT" name="testChangePass" data-provider="testDataChangePass" finished-at="2023-04-10T14:11:15 ICT" duration-ms="74" status="PASS">
          <params>
            <param index="0">
              <value>
                <![CDATA[cuongcuongcuongcuongcuongcuongcuongcuongcuong]]>
              </value>
            </param>
            <param index="1">
              <value>
                <![CDATA[PassCurrent has to lower 40 character]]>
              </value>
            </param>
            <param index="2">
              <value>
                <![CDATA[asdf]]>
              </value>
            </param>
            <param index="3">
              <value>
                <![CDATA[NewPass has to bigger 6 character]]>
              </value>
            </param>
            <param index="4">
              <value>
                <![CDATA[]]>
              </value>
            </param>
            <param index="5">
              <value>
                <![CDATA[Confirm cann't be empty]]>
              </value>
            </param>
          </params>
          <reporter-output>
          </reporter-output>
        </test-method> <!-- testChangePass -->
        <test-method signature="testChangePass(java.lang.String,java.lang.String,java.lang.String,java.lang.String,java.lang.String,java.lang.String)[pri:0, instance:test.ApplicationFastFood[frame0,23,0,1235x702,invalid,hidden,layout=java.awt.BorderLayout,title=,normal,defaultCloseOperation=EXIT_ON_CLOSE,rootPane=javax.swing.JRootPane[,7,30,1221x665,invalid,layout=javax.swing.JRootPane$RootLayout,alignmentX=0.0,alignmentY=0.0,border=,flags=16777673,maximumSize=,minimumSize=,preferredSize=],rootPaneCheckingEnabled=true]]" started-at="2023-04-10T14:11:15 ICT" name="testChangePass" data-provider="testDataChangePass" finished-at="2023-04-10T14:11:15 ICT" duration-ms="73" status="PASS">
          <params>
            <param index="0">
              <value>
                <![CDATA[cuongcuongcuongcuongcuongcuongcuongcuongcuong]]>
              </value>
            </param>
            <param index="1">
              <value>
                <![CDATA[PassCurrent has to lower 40 character]]>
              </value>
            </param>
            <param index="2">
              <value>
                <![CDATA[cuongcuongcuongcuongcuongcuongcuongcuongcuong]]>
              </value>
            </param>
            <param index="3">
              <value>
                <![CDATA[NewPass has to lower 40 character]]>
              </value>
            </param>
            <param index="4">
              <value>
                <![CDATA[]]>
              </value>
            </param>
            <param index="5">
              <value>
                <![CDATA[Confirm cann't be empty]]>
              </value>
            </param>
          </params>
          <reporter-output>
          </reporter-output>
        </test-method> <!-- testChangePass -->
        <test-method signature="testChangePass(java.lang.String,java.lang.String,java.lang.String,java.lang.String,java.lang.String,java.lang.String)[pri:0, instance:test.ApplicationFastFood[frame0,23,0,1235x702,invalid,hidden,layout=java.awt.BorderLayout,title=,normal,defaultCloseOperation=EXIT_ON_CLOSE,rootPane=javax.swing.JRootPane[,7,30,1221x665,invalid,layout=javax.swing.JRootPane$RootLayout,alignmentX=0.0,alignmentY=0.0,border=,flags=16777673,maximumSize=,minimumSize=,preferredSize=],rootPaneCheckingEnabled=true]]" started-at="2023-04-10T14:11:15 ICT" name="testChangePass" data-provider="testDataChangePass" finished-at="2023-04-10T14:11:15 ICT" duration-ms="72" status="PASS">
          <params>
            <param index="0">
              <value>
                <![CDATA[a df#]]>
              </value>
            </param>
            <param index="1">
              <value>
                <![CDATA[PassCurrent has to bigger 6 character]]>
              </value>
            </param>
            <param index="2">
              <value>
                <![CDATA[cuongcuongcuongcuong cuongcuongcuongcuongcuong]]>
              </value>
            </param>
            <param index="3">
              <value>
                <![CDATA[NewPass has to lower 40 character]]>
              </value>
            </param>
            <param index="4">
              <value>
                <![CDATA[]]>
              </value>
            </param>
            <param index="5">
              <value>
                <![CDATA[Confirm cann't be empty]]>
              </value>
            </param>
          </params>
          <reporter-output>
          </reporter-output>
        </test-method> <!-- testChangePass -->
        <test-method signature="testChangePass(java.lang.String,java.lang.String,java.lang.String,java.lang.String,java.lang.String,java.lang.String)[pri:0, instance:test.ApplicationFastFood[frame0,23,0,1235x702,invalid,hidden,layout=java.awt.BorderLayout,title=,normal,defaultCloseOperation=EXIT_ON_CLOSE,rootPane=javax.swing.JRootPane[,7,30,1221x665,invalid,layout=javax.swing.JRootPane$RootLayout,alignmentX=0.0,alignmentY=0.0,border=,flags=16777673,maximumSize=,minimumSize=,preferredSize=],rootPaneCheckingEnabled=true]]" started-at="2023-04-10T14:11:15 ICT" name="testChangePass" data-provider="testDataChangePass" finished-at="2023-04-10T14:11:15 ICT" duration-ms="75" status="PASS">
          <params>
            <param index="0">
              <value>
                <![CDATA[cuongcuongcuongcuong& #&cuongcuongcuongcuongcuong]]>
              </value>
            </param>
            <param index="1">
              <value>
                <![CDATA[PassCurrent has to lower 40 character]]>
              </value>
            </param>
            <param index="2">
              <value>
                <![CDATA[cuongcuongcuongcuong& #&cuongcuongcuongcuongcuong]]>
              </value>
            </param>
            <param index="3">
              <value>
                <![CDATA[NewPass has to lower 40 character]]>
              </value>
            </param>
            <param index="4">
              <value>
                <![CDATA[]]>
              </value>
            </param>
            <param index="5">
              <value>
                <![CDATA[Confirm cann't be empty]]>
              </value>
            </param>
          </params>
          <reporter-output>
          </reporter-output>
        </test-method> <!-- testChangePass -->
        <test-method signature="testChangePass(java.lang.String,java.lang.String,java.lang.String,java.lang.String,java.lang.String,java.lang.String)[pri:0, instance:test.ApplicationFastFood[frame0,23,0,1235x702,invalid,hidden,layout=java.awt.BorderLayout,title=,normal,defaultCloseOperation=EXIT_ON_CLOSE,rootPane=javax.swing.JRootPane[,7,30,1221x665,invalid,layout=javax.swing.JRootPane$RootLayout,alignmentX=0.0,alignmentY=0.0,border=,flags=16777673,maximumSize=,minimumSize=,preferredSize=],rootPaneCheckingEnabled=true]]" started-at="2023-04-10T14:11:15 ICT" name="testChangePass" data-provider="testDataChangePass" finished-at="2023-04-10T14:11:15 ICT" duration-ms="75" status="PASS">
          <params>
            <param index="0">
              <value>
                <![CDATA[cuongcuong]]>
              </value>
            </param>
            <param index="1">
              <value>
                <![CDATA[PassCurrent malformed. Phải có chữ hoa và số]]>
              </value>
            </param>
            <param index="2">
              <value>
                <![CDATA[cuongcuong]]>
              </value>
            </param>
            <param index="3">
              <value>
                <![CDATA[NewPass malformed. Phải có chữ hoa và số]]>
              </value>
            </param>
            <param index="4">
              <value>
                <![CDATA[]]>
              </value>
            </param>
            <param index="5">
              <value>
                <![CDATA[Confirm cann't be empty]]>
              </value>
            </param>
          </params>
          <reporter-output>
          </reporter-output>
        </test-method> <!-- testChangePass -->
        <test-method signature="testChangePass(java.lang.String,java.lang.String,java.lang.String,java.lang.String,java.lang.String,java.lang.String)[pri:0, instance:test.ApplicationFastFood[frame0,23,0,1235x702,invalid,hidden,layout=java.awt.BorderLayout,title=,normal,defaultCloseOperation=EXIT_ON_CLOSE,rootPane=javax.swing.JRootPane[,7,30,1221x665,invalid,layout=javax.swing.JRootPane$RootLayout,alignmentX=0.0,alignmentY=0.0,border=,flags=16777673,maximumSize=,minimumSize=,preferredSize=],rootPaneCheckingEnabled=true]]" started-at="2023-04-10T14:11:15 ICT" name="testChangePass" data-provider="testDataChangePass" finished-at="2023-04-10T14:11:15 ICT" duration-ms="77" status="PASS">
          <params>
            <param index="0">
              <value>
                <![CDATA[cuongcuongA 7]]>
              </value>
            </param>
            <param index="1">
              <value>
                <![CDATA[PassCurrent malformed. Phải có chữ hoa và số]]>
              </value>
            </param>
            <param index="2">
              <value>
                <![CDATA[cuongcuongA 7]]>
              </value>
            </param>
            <param index="3">
              <value>
                <![CDATA[NewPass malformed. Phải có chữ hoa và số]]>
              </value>
            </param>
            <param index="4">
              <value>
                <![CDATA[]]>
              </value>
            </param>
            <param index="5">
              <value>
                <![CDATA[Confirm cann't be empty]]>
              </value>
            </param>
          </params>
          <reporter-output>
          </reporter-output>
        </test-method> <!-- testChangePass -->
        <test-method signature="testChangePass(java.lang.String,java.lang.String,java.lang.String,java.lang.String,java.lang.String,java.lang.String)[pri:0, instance:test.ApplicationFastFood[frame0,23,0,1235x702,invalid,hidden,layout=java.awt.BorderLayout,title=,normal,defaultCloseOperation=EXIT_ON_CLOSE,rootPane=javax.swing.JRootPane[,7,30,1221x665,invalid,layout=javax.swing.JRootPane$RootLayout,alignmentX=0.0,alignmentY=0.0,border=,flags=16777673,maximumSize=,minimumSize=,preferredSize=],rootPaneCheckingEnabled=true]]" started-at="2023-04-10T14:11:15 ICT" name="testChangePass" data-provider="testDataChangePass" finished-at="2023-04-10T14:11:15 ICT" duration-ms="72" status="PASS">
          <params>
            <param index="0">
              <value>
                <![CDATA[cuongcuongÁ 7]]>
              </value>
            </param>
            <param index="1">
              <value>
                <![CDATA[PassCurrent malformed. Phải có chữ hoa và số]]>
              </value>
            </param>
            <param index="2">
              <value>
                <![CDATA[cuongcuongÁ 7]]>
              </value>
            </param>
            <param index="3">
              <value>
                <![CDATA[NewPass malformed. Phải có chữ hoa và số]]>
              </value>
            </param>
            <param index="4">
              <value>
                <![CDATA[]]>
              </value>
            </param>
            <param index="5">
              <value>
                <![CDATA[Confirm cann't be empty]]>
              </value>
            </param>
          </params>
          <reporter-output>
          </reporter-output>
        </test-method> <!-- testChangePass -->
        <test-method signature="testChangePass(java.lang.String,java.lang.String,java.lang.String,java.lang.String,java.lang.String,java.lang.String)[pri:0, instance:test.ApplicationFastFood[frame0,23,0,1235x702,invalid,hidden,layout=java.awt.BorderLayout,title=,normal,defaultCloseOperation=EXIT_ON_CLOSE,rootPane=javax.swing.JRootPane[,7,30,1221x665,invalid,layout=javax.swing.JRootPane$RootLayout,alignmentX=0.0,alignmentY=0.0,border=,flags=16777673,maximumSize=,minimumSize=,preferredSize=],rootPaneCheckingEnabled=true]]" started-at="2023-04-10T14:11:15 ICT" name="testChangePass" data-provider="testDataChangePass" finished-at="2023-04-10T14:11:15 ICT" duration-ms="71" status="PASS">
          <params>
            <param index="0">
              <value>
                <![CDATA[cuongcuongA7]]>
              </value>
            </param>
            <param index="1">
              <value>
                <![CDATA[]]>
              </value>
            </param>
            <param index="2">
              <value>
                <![CDATA[cuongcuongA7]]>
              </value>
            </param>
            <param index="3">
              <value>
                <![CDATA[]]>
              </value>
            </param>
            <param index="4">
              <value>
                <![CDATA[]]>
              </value>
            </param>
            <param index="5">
              <value>
                <![CDATA[Confirm cann't be empty]]>
              </value>
            </param>
          </params>
          <reporter-output>
          </reporter-output>
        </test-method> <!-- testChangePass -->
        <test-method signature="testChangePass(java.lang.String,java.lang.String,java.lang.String,java.lang.String,java.lang.String,java.lang.String)[pri:0, instance:test.ApplicationFastFood[frame0,23,0,1235x702,invalid,hidden,layout=java.awt.BorderLayout,title=,normal,defaultCloseOperation=EXIT_ON_CLOSE,rootPane=javax.swing.JRootPane[,7,30,1221x665,invalid,layout=javax.swing.JRootPane$RootLayout,alignmentX=0.0,alignmentY=0.0,border=,flags=16777673,maximumSize=,minimumSize=,preferredSize=],rootPaneCheckingEnabled=true]]" started-at="2023-04-10T14:11:15 ICT" name="testChangePass" data-provider="testDataChangePass" finished-at="2023-04-10T14:11:15 ICT" duration-ms="71" status="PASS">
          <params>
            <param index="0">
              <value>
                <![CDATA[asdf]]>
              </value>
            </param>
            <param index="1">
              <value>
                <![CDATA[PassCurrent has to bigger 6 character]]>
              </value>
            </param>
            <param index="2">
              <value>
                <![CDATA[]]>
              </value>
            </param>
            <param index="3">
              <value>
                <![CDATA[NewPass cann't be empty]]>
              </value>
            </param>
            <param index="4">
              <value>
                <![CDATA[asdf]]>
              </value>
            </param>
            <param index="5">
              <value>
                <![CDATA[Confirm has to bigger 6 character]]>
              </value>
            </param>
          </params>
          <reporter-output>
          </reporter-output>
        </test-method> <!-- testChangePass -->
        <test-method signature="testChangePass(java.lang.String,java.lang.String,java.lang.String,java.lang.String,java.lang.String,java.lang.String)[pri:0, instance:test.ApplicationFastFood[frame0,23,0,1235x702,invalid,hidden,layout=java.awt.BorderLayout,title=,normal,defaultCloseOperation=EXIT_ON_CLOSE,rootPane=javax.swing.JRootPane[,7,30,1221x665,invalid,layout=javax.swing.JRootPane$RootLayout,alignmentX=0.0,alignmentY=0.0,border=,flags=16777673,maximumSize=,minimumSize=,preferredSize=],rootPaneCheckingEnabled=true]]" started-at="2023-04-10T14:11:15 ICT" name="testChangePass" data-provider="testDataChangePass" finished-at="2023-04-10T14:11:15 ICT" duration-ms="78" status="PASS">
          <params>
            <param index="0">
              <value>
                <![CDATA[as df]]>
              </value>
            </param>
            <param index="1">
              <value>
                <![CDATA[PassCurrent has to bigger 6 character]]>
              </value>
            </param>
            <param index="2">
              <value>
                <![CDATA[]]>
              </value>
            </param>
            <param index="3">
              <value>
                <![CDATA[NewPass cann't be empty]]>
              </value>
            </param>
            <param index="4">
              <value>
                <![CDATA[as df]]>
              </value>
            </param>
            <param index="5">
              <value>
                <![CDATA[Confirm has to bigger 6 character]]>
              </value>
            </param>
          </params>
          <reporter-output>
          </reporter-output>
        </test-method> <!-- testChangePass -->
        <test-method signature="testChangePass(java.lang.String,java.lang.String,java.lang.String,java.lang.String,java.lang.String,java.lang.String)[pri:0, instance:test.ApplicationFastFood[frame0,23,0,1235x702,invalid,hidden,layout=java.awt.BorderLayout,title=,normal,defaultCloseOperation=EXIT_ON_CLOSE,rootPane=javax.swing.JRootPane[,7,30,1221x665,invalid,layout=javax.swing.JRootPane$RootLayout,alignmentX=0.0,alignmentY=0.0,border=,flags=16777673,maximumSize=,minimumSize=,preferredSize=],rootPaneCheckingEnabled=true]]" started-at="2023-04-10T14:11:15 ICT" name="testChangePass" data-provider="testDataChangePass" finished-at="2023-04-10T14:11:15 ICT" duration-ms="72" status="PASS">
          <params>
            <param index="0">
              <value>
                <![CDATA[a df#]]>
              </value>
            </param>
            <param index="1">
              <value>
                <![CDATA[PassCurrent has to bigger 6 character]]>
              </value>
            </param>
            <param index="2">
              <value>
                <![CDATA[]]>
              </value>
            </param>
            <param index="3">
              <value>
                <![CDATA[NewPass cann't be empty]]>
              </value>
            </param>
            <param index="4">
              <value>
                <![CDATA[a df#]]>
              </value>
            </param>
            <param index="5">
              <value>
                <![CDATA[Confirm has to bigger 6 character]]>
              </value>
            </param>
          </params>
          <reporter-output>
          </reporter-output>
        </test-method> <!-- testChangePass -->
        <test-method signature="testChangePass(java.lang.String,java.lang.String,java.lang.String,java.lang.String,java.lang.String,java.lang.String)[pri:0, instance:test.ApplicationFastFood[frame0,23,0,1235x702,invalid,hidden,layout=java.awt.BorderLayout,title=,normal,defaultCloseOperation=EXIT_ON_CLOSE,rootPane=javax.swing.JRootPane[,7,30,1221x665,invalid,layout=javax.swing.JRootPane$RootLayout,alignmentX=0.0,alignmentY=0.0,border=,flags=16777673,maximumSize=,minimumSize=,preferredSize=],rootPaneCheckingEnabled=true]]" started-at="2023-04-10T14:11:15 ICT" name="testChangePass" data-provider="testDataChangePass" finished-at="2023-04-10T14:11:15 ICT" duration-ms="72" status="PASS">
          <params>
            <param index="0">
              <value>
                <![CDATA[cuongcuongcuongcuongcuongcuongcuongcuongcuong]]>
              </value>
            </param>
            <param index="1">
              <value>
                <![CDATA[PassCurrent has to lower 40 character]]>
              </value>
            </param>
            <param index="2">
              <value>
                <![CDATA[]]>
              </value>
            </param>
            <param index="3">
              <value>
                <![CDATA[NewPass cann't be empty]]>
              </value>
            </param>
            <param index="4">
              <value>
                <![CDATA[cuongcuongcuongcuongcuongcuongcuongcuongcuong]]>
              </value>
            </param>
            <param index="5">
              <value>
                <![CDATA[Confirm has to lower 40 character]]>
              </value>
            </param>
          </params>
          <reporter-output>
          </reporter-output>
        </test-method> <!-- testChangePass -->
        <test-method signature="testChangePass(java.lang.String,java.lang.String,java.lang.String,java.lang.String,java.lang.String,java.lang.String)[pri:0, instance:test.ApplicationFastFood[frame0,23,0,1235x702,invalid,hidden,layout=java.awt.BorderLayout,title=,normal,defaultCloseOperation=EXIT_ON_CLOSE,rootPane=javax.swing.JRootPane[,7,30,1221x665,invalid,layout=javax.swing.JRootPane$RootLayout,alignmentX=0.0,alignmentY=0.0,border=,flags=16777673,maximumSize=,minimumSize=,preferredSize=],rootPaneCheckingEnabled=true]]" started-at="2023-04-10T14:11:15 ICT" name="testChangePass" data-provider="testDataChangePass" finished-at="2023-04-10T14:11:16 ICT" duration-ms="73" status="PASS">
          <params>
            <param index="0">
              <value>
                <![CDATA[asdf]]>
              </value>
            </param>
            <param index="1">
              <value>
                <![CDATA[PassCurrent has to bigger 6 character]]>
              </value>
            </param>
            <param index="2">
              <value>
                <![CDATA[]]>
              </value>
            </param>
            <param index="3">
              <value>
                <![CDATA[NewPass cann't be empty]]>
              </value>
            </param>
            <param index="4">
              <value>
                <![CDATA[cuongcuongcuongcuong cuongcuongcuongcuongcuong]]>
              </value>
            </param>
            <param index="5">
              <value>
                <![CDATA[Confirm has to lower 40 character]]>
              </value>
            </param>
          </params>
          <reporter-output>
          </reporter-output>
        </test-method> <!-- testChangePass -->
        <test-method signature="testChangePass(java.lang.String,java.lang.String,java.lang.String,java.lang.String,java.lang.String,java.lang.String)[pri:0, instance:test.ApplicationFastFood[frame0,23,0,1235x702,invalid,hidden,layout=java.awt.BorderLayout,title=,normal,defaultCloseOperation=EXIT_ON_CLOSE,rootPane=javax.swing.JRootPane[,7,30,1221x665,invalid,layout=javax.swing.JRootPane$RootLayout,alignmentX=0.0,alignmentY=0.0,border=,flags=16777673,maximumSize=,minimumSize=,preferredSize=],rootPaneCheckingEnabled=true]]" started-at="2023-04-10T14:11:16 ICT" name="testChangePass" data-provider="testDataChangePass" finished-at="2023-04-10T14:11:16 ICT" duration-ms="75" status="PASS">
          <params>
            <param index="0">
              <value>
                <![CDATA[cuongcuongcuongcuong cuongcuongcuongcuongcuong]]>
              </value>
            </param>
            <param index="1">
              <value>
                <![CDATA[PassCurrent has to lower 40 character]]>
              </value>
            </param>
            <param index="2">
              <value>
                <![CDATA[]]>
              </value>
            </param>
            <param index="3">
              <value>
                <![CDATA[NewPass cann't be empty]]>
              </value>
            </param>
            <param index="4">
              <value>
                <![CDATA[cuongcuongcuongcuong cuongcuongcuongcuongcuong]]>
              </value>
            </param>
            <param index="5">
              <value>
                <![CDATA[Confirm has to lower 40 character]]>
              </value>
            </param>
          </params>
          <reporter-output>
          </reporter-output>
        </test-method> <!-- testChangePass -->
        <test-method signature="testChangePass(java.lang.String,java.lang.String,java.lang.String,java.lang.String,java.lang.String,java.lang.String)[pri:0, instance:test.ApplicationFastFood[frame0,23,0,1235x702,invalid,hidden,layout=java.awt.BorderLayout,title=,normal,defaultCloseOperation=EXIT_ON_CLOSE,rootPane=javax.swing.JRootPane[,7,30,1221x665,invalid,layout=javax.swing.JRootPane$RootLayout,alignmentX=0.0,alignmentY=0.0,border=,flags=16777673,maximumSize=,minimumSize=,preferredSize=],rootPaneCheckingEnabled=true]]" started-at="2023-04-10T14:11:16 ICT" name="testChangePass" data-provider="testDataChangePass" finished-at="2023-04-10T14:11:16 ICT" duration-ms="71" status="PASS">
          <params>
            <param index="0">
              <value>
                <![CDATA[cuongcuongcuongcuong& #&cuongcuongcuongcuongcuong]]>
              </value>
            </param>
            <param index="1">
              <value>
                <![CDATA[PassCurrent has to lower 40 character]]>
              </value>
            </param>
            <param index="2">
              <value>
                <![CDATA[]]>
              </value>
            </param>
            <param index="3">
              <value>
                <![CDATA[NewPass cann't be empty]]>
              </value>
            </param>
            <param index="4">
              <value>
                <![CDATA[cuongcuongcuongcuong& #&cuongcuongcuongcuongcuong]]>
              </value>
            </param>
            <param index="5">
              <value>
                <![CDATA[Confirm has to lower 40 character]]>
              </value>
            </param>
          </params>
          <reporter-output>
          </reporter-output>
        </test-method> <!-- testChangePass -->
        <test-method signature="testChangePass(java.lang.String,java.lang.String,java.lang.String,java.lang.String,java.lang.String,java.lang.String)[pri:0, instance:test.ApplicationFastFood[frame0,23,0,1235x702,invalid,hidden,layout=java.awt.BorderLayout,title=,normal,defaultCloseOperation=EXIT_ON_CLOSE,rootPane=javax.swing.JRootPane[,7,30,1221x665,invalid,layout=javax.swing.JRootPane$RootLayout,alignmentX=0.0,alignmentY=0.0,border=,flags=16777673,maximumSize=,minimumSize=,preferredSize=],rootPaneCheckingEnabled=true]]" started-at="2023-04-10T14:11:16 ICT" name="testChangePass" data-provider="testDataChangePass" finished-at="2023-04-10T14:11:16 ICT" duration-ms="74" status="PASS">
          <params>
            <param index="0">
              <value>
                <![CDATA[cuongcuong]]>
              </value>
            </param>
            <param index="1">
              <value>
                <![CDATA[PassCurrent malformed. Phải có chữ hoa và số]]>
              </value>
            </param>
            <param index="2">
              <value>
                <![CDATA[]]>
              </value>
            </param>
            <param index="3">
              <value>
                <![CDATA[NewPass cann't be empty]]>
              </value>
            </param>
            <param index="4">
              <value>
                <![CDATA[cuongcuong]]>
              </value>
            </param>
            <param index="5">
              <value>
                <![CDATA[Confirm malformed. Phải có chữ hoa và số]]>
              </value>
            </param>
          </params>
          <reporter-output>
          </reporter-output>
        </test-method> <!-- testChangePass -->
        <test-method signature="testChangePass(java.lang.String,java.lang.String,java.lang.String,java.lang.String,java.lang.String,java.lang.String)[pri:0, instance:test.ApplicationFastFood[frame0,23,0,1235x702,invalid,hidden,layout=java.awt.BorderLayout,title=,normal,defaultCloseOperation=EXIT_ON_CLOSE,rootPane=javax.swing.JRootPane[,7,30,1221x665,invalid,layout=javax.swing.JRootPane$RootLayout,alignmentX=0.0,alignmentY=0.0,border=,flags=16777673,maximumSize=,minimumSize=,preferredSize=],rootPaneCheckingEnabled=true]]" started-at="2023-04-10T14:11:16 ICT" name="testChangePass" data-provider="testDataChangePass" finished-at="2023-04-10T14:11:16 ICT" duration-ms="72" status="PASS">
          <params>
            <param index="0">
              <value>
                <![CDATA[cuongcuongA 7]]>
              </value>
            </param>
            <param index="1">
              <value>
                <![CDATA[PassCurrent malformed. Phải có chữ hoa và số]]>
              </value>
            </param>
            <param index="2">
              <value>
                <![CDATA[]]>
              </value>
            </param>
            <param index="3">
              <value>
                <![CDATA[NewPass cann't be empty]]>
              </value>
            </param>
            <param index="4">
              <value>
                <![CDATA[cuongcuongA 7]]>
              </value>
            </param>
            <param index="5">
              <value>
                <![CDATA[Confirm malformed. Phải có chữ hoa và số]]>
              </value>
            </param>
          </params>
          <reporter-output>
          </reporter-output>
        </test-method> <!-- testChangePass -->
        <test-method signature="testChangePass(java.lang.String,java.lang.String,java.lang.String,java.lang.String,java.lang.String,java.lang.String)[pri:0, instance:test.ApplicationFastFood[frame0,23,0,1235x702,invalid,hidden,layout=java.awt.BorderLayout,title=,normal,defaultCloseOperation=EXIT_ON_CLOSE,rootPane=javax.swing.JRootPane[,7,30,1221x665,invalid,layout=javax.swing.JRootPane$RootLayout,alignmentX=0.0,alignmentY=0.0,border=,flags=16777673,maximumSize=,minimumSize=,preferredSize=],rootPaneCheckingEnabled=true]]" started-at="2023-04-10T14:11:16 ICT" name="testChangePass" data-provider="testDataChangePass" finished-at="2023-04-10T14:11:16 ICT" duration-ms="74" status="PASS">
          <params>
            <param index="0">
              <value>
                <![CDATA[cuongcuongÁ 7]]>
              </value>
            </param>
            <param index="1">
              <value>
                <![CDATA[PassCurrent malformed. Phải có chữ hoa và số]]>
              </value>
            </param>
            <param index="2">
              <value>
                <![CDATA[]]>
              </value>
            </param>
            <param index="3">
              <value>
                <![CDATA[NewPass cann't be empty]]>
              </value>
            </param>
            <param index="4">
              <value>
                <![CDATA[cuongcuongÁ 7]]>
              </value>
            </param>
            <param index="5">
              <value>
                <![CDATA[Confirm malformed. Phải có chữ hoa và số]]>
              </value>
            </param>
          </params>
          <reporter-output>
          </reporter-output>
        </test-method> <!-- testChangePass -->
        <test-method signature="testChangePass(java.lang.String,java.lang.String,java.lang.String,java.lang.String,java.lang.String,java.lang.String)[pri:0, instance:test.ApplicationFastFood[frame0,23,0,1235x702,invalid,hidden,layout=java.awt.BorderLayout,title=,normal,defaultCloseOperation=EXIT_ON_CLOSE,rootPane=javax.swing.JRootPane[,7,30,1221x665,invalid,layout=javax.swing.JRootPane$RootLayout,alignmentX=0.0,alignmentY=0.0,border=,flags=16777673,maximumSize=,minimumSize=,preferredSize=],rootPaneCheckingEnabled=true]]" started-at="2023-04-10T14:11:16 ICT" name="testChangePass" data-provider="testDataChangePass" finished-at="2023-04-10T14:11:16 ICT" duration-ms="75" status="PASS">
          <params>
            <param index="0">
              <value>
                <![CDATA[cuongcuongA7]]>
              </value>
            </param>
            <param index="1">
              <value>
                <![CDATA[]]>
              </value>
            </param>
            <param index="2">
              <value>
                <![CDATA[]]>
              </value>
            </param>
            <param index="3">
              <value>
                <![CDATA[NewPass cann't be empty]]>
              </value>
            </param>
            <param index="4">
              <value>
                <![CDATA[cuongcuongA7]]>
              </value>
            </param>
            <param index="5">
              <value>
                <![CDATA[]]>
              </value>
            </param>
          </params>
          <reporter-output>
          </reporter-output>
        </test-method> <!-- testChangePass -->
        <test-method signature="testChangePass(java.lang.String,java.lang.String,java.lang.String,java.lang.String,java.lang.String,java.lang.String)[pri:0, instance:test.ApplicationFastFood[frame0,23,0,1235x702,invalid,hidden,layout=java.awt.BorderLayout,title=,normal,defaultCloseOperation=EXIT_ON_CLOSE,rootPane=javax.swing.JRootPane[,7,30,1221x665,invalid,layout=javax.swing.JRootPane$RootLayout,alignmentX=0.0,alignmentY=0.0,border=,flags=16777673,maximumSize=,minimumSize=,preferredSize=],rootPaneCheckingEnabled=true]]" started-at="2023-04-10T14:11:16 ICT" name="testChangePass" data-provider="testDataChangePass" finished-at="2023-04-10T14:11:16 ICT" duration-ms="71" status="PASS">
          <params>
            <param index="0">
              <value>
                <![CDATA[]]>
              </value>
            </param>
            <param index="1">
              <value>
                <![CDATA[PassCurrent cann't be empty]]>
              </value>
            </param>
            <param index="2">
              <value>
                <![CDATA[]]>
              </value>
            </param>
            <param index="3">
              <value>
                <![CDATA[NewPass cann't be empty]]>
              </value>
            </param>
            <param index="4">
              <value>
                <![CDATA[asdf]]>
              </value>
            </param>
            <param index="5">
              <value>
                <![CDATA[Confirm has to bigger 6 character]]>
              </value>
            </param>
          </params>
          <reporter-output>
          </reporter-output>
        </test-method> <!-- testChangePass -->
        <test-method signature="testChangePass(java.lang.String,java.lang.String,java.lang.String,java.lang.String,java.lang.String,java.lang.String)[pri:0, instance:test.ApplicationFastFood[frame0,23,0,1235x702,invalid,hidden,layout=java.awt.BorderLayout,title=,normal,defaultCloseOperation=EXIT_ON_CLOSE,rootPane=javax.swing.JRootPane[,7,30,1221x665,invalid,layout=javax.swing.JRootPane$RootLayout,alignmentX=0.0,alignmentY=0.0,border=,flags=16777673,maximumSize=,minimumSize=,preferredSize=],rootPaneCheckingEnabled=true]]" started-at="2023-04-10T14:11:16 ICT" name="testChangePass" data-provider="testDataChangePass" finished-at="2023-04-10T14:11:16 ICT" duration-ms="72" status="PASS">
          <params>
            <param index="0">
              <value>
                <![CDATA[]]>
              </value>
            </param>
            <param index="1">
              <value>
                <![CDATA[PassCurrent cann't be empty]]>
              </value>
            </param>
            <param index="2">
              <value>
                <![CDATA[]]>
              </value>
            </param>
            <param index="3">
              <value>
                <![CDATA[NewPass cann't be empty]]>
              </value>
            </param>
            <param index="4">
              <value>
                <![CDATA[as df]]>
              </value>
            </param>
            <param index="5">
              <value>
                <![CDATA[Confirm has to bigger 6 character]]>
              </value>
            </param>
          </params>
          <reporter-output>
          </reporter-output>
        </test-method> <!-- testChangePass -->
        <test-method signature="testChangePass(java.lang.String,java.lang.String,java.lang.String,java.lang.String,java.lang.String,java.lang.String)[pri:0, instance:test.ApplicationFastFood[frame0,23,0,1235x702,invalid,hidden,layout=java.awt.BorderLayout,title=,normal,defaultCloseOperation=EXIT_ON_CLOSE,rootPane=javax.swing.JRootPane[,7,30,1221x665,invalid,layout=javax.swing.JRootPane$RootLayout,alignmentX=0.0,alignmentY=0.0,border=,flags=16777673,maximumSize=,minimumSize=,preferredSize=],rootPaneCheckingEnabled=true]]" started-at="2023-04-10T14:11:16 ICT" name="testChangePass" data-provider="testDataChangePass" finished-at="2023-04-10T14:11:16 ICT" duration-ms="76" status="PASS">
          <params>
            <param index="0">
              <value>
                <![CDATA[]]>
              </value>
            </param>
            <param index="1">
              <value>
                <![CDATA[PassCurrent cann't be empty]]>
              </value>
            </param>
            <param index="2">
              <value>
                <![CDATA[]]>
              </value>
            </param>
            <param index="3">
              <value>
                <![CDATA[NewPass cann't be empty]]>
              </value>
            </param>
            <param index="4">
              <value>
                <![CDATA[a df#]]>
              </value>
            </param>
            <param index="5">
              <value>
                <![CDATA[Confirm has to bigger 6 character]]>
              </value>
            </param>
          </params>
          <reporter-output>
          </reporter-output>
        </test-method> <!-- testChangePass -->
        <test-method signature="testChangePass(java.lang.String,java.lang.String,java.lang.String,java.lang.String,java.lang.String,java.lang.String)[pri:0, instance:test.ApplicationFastFood[frame0,23,0,1235x702,invalid,hidden,layout=java.awt.BorderLayout,title=,normal,defaultCloseOperation=EXIT_ON_CLOSE,rootPane=javax.swing.JRootPane[,7,30,1221x665,invalid,layout=javax.swing.JRootPane$RootLayout,alignmentX=0.0,alignmentY=0.0,border=,flags=16777673,maximumSize=,minimumSize=,preferredSize=],rootPaneCheckingEnabled=true]]" started-at="2023-04-10T14:11:16 ICT" name="testChangePass" data-provider="testDataChangePass" finished-at="2023-04-10T14:11:16 ICT" duration-ms="71" status="PASS">
          <params>
            <param index="0">
              <value>
                <![CDATA[]]>
              </value>
            </param>
            <param index="1">
              <value>
                <![CDATA[PassCurrent cann't be empty]]>
              </value>
            </param>
            <param index="2">
              <value>
                <![CDATA[]]>
              </value>
            </param>
            <param index="3">
              <value>
                <![CDATA[NewPass cann't be empty]]>
              </value>
            </param>
            <param index="4">
              <value>
                <![CDATA[cuongcuongcuongcuongcuongcuongcuongcuongcuong]]>
              </value>
            </param>
            <param index="5">
              <value>
                <![CDATA[Confirm has to lower 40 character]]>
              </value>
            </param>
          </params>
          <reporter-output>
          </reporter-output>
        </test-method> <!-- testChangePass -->
        <test-method signature="testChangePass(java.lang.String,java.lang.String,java.lang.String,java.lang.String,java.lang.String,java.lang.String)[pri:0, instance:test.ApplicationFastFood[frame0,23,0,1235x702,invalid,hidden,layout=java.awt.BorderLayout,title=,normal,defaultCloseOperation=EXIT_ON_CLOSE,rootPane=javax.swing.JRootPane[,7,30,1221x665,invalid,layout=javax.swing.JRootPane$RootLayout,alignmentX=0.0,alignmentY=0.0,border=,flags=16777673,maximumSize=,minimumSize=,preferredSize=],rootPaneCheckingEnabled=true]]" started-at="2023-04-10T14:11:16 ICT" name="testChangePass" data-provider="testDataChangePass" finished-at="2023-04-10T14:11:16 ICT" duration-ms="73" status="PASS">
          <params>
            <param index="0">
              <value>
                <![CDATA[]]>
              </value>
            </param>
            <param index="1">
              <value>
                <![CDATA[PassCurrent cann't be empty]]>
              </value>
            </param>
            <param index="2">
              <value>
                <![CDATA[]]>
              </value>
            </param>
            <param index="3">
              <value>
                <![CDATA[NewPass cann't be empty]]>
              </value>
            </param>
            <param index="4">
              <value>
                <![CDATA[cuongcuongcuongcuong cuongcuongcuongcuongcuong]]>
              </value>
            </param>
            <param index="5">
              <value>
                <![CDATA[Confirm has to lower 40 character]]>
              </value>
            </param>
          </params>
          <reporter-output>
          </reporter-output>
        </test-method> <!-- testChangePass -->
        <test-method signature="testChangePass(java.lang.String,java.lang.String,java.lang.String,java.lang.String,java.lang.String,java.lang.String)[pri:0, instance:test.ApplicationFastFood[frame0,23,0,1235x702,invalid,hidden,layout=java.awt.BorderLayout,title=,normal,defaultCloseOperation=EXIT_ON_CLOSE,rootPane=javax.swing.JRootPane[,7,30,1221x665,invalid,layout=javax.swing.JRootPane$RootLayout,alignmentX=0.0,alignmentY=0.0,border=,flags=16777673,maximumSize=,minimumSize=,preferredSize=],rootPaneCheckingEnabled=true]]" started-at="2023-04-10T14:11:16 ICT" name="testChangePass" data-provider="testDataChangePass" finished-at="2023-04-10T14:11:16 ICT" duration-ms="73" status="PASS">
          <params>
            <param index="0">
              <value>
                <![CDATA[]]>
              </value>
            </param>
            <param index="1">
              <value>
                <![CDATA[PassCurrent cann't be empty]]>
              </value>
            </param>
            <param index="2">
              <value>
                <![CDATA[]]>
              </value>
            </param>
            <param index="3">
              <value>
                <![CDATA[NewPass cann't be empty]]>
              </value>
            </param>
            <param index="4">
              <value>
                <![CDATA[cuongcuongcuongcuong& #&cuongcuongcuongcuongcuong]]>
              </value>
            </param>
            <param index="5">
              <value>
                <![CDATA[Confirm has to lower 40 character]]>
              </value>
            </param>
          </params>
          <reporter-output>
          </reporter-output>
        </test-method> <!-- testChangePass -->
        <test-method signature="testChangePass(java.lang.String,java.lang.String,java.lang.String,java.lang.String,java.lang.String,java.lang.String)[pri:0, instance:test.ApplicationFastFood[frame0,23,0,1235x702,invalid,hidden,layout=java.awt.BorderLayout,title=,normal,defaultCloseOperation=EXIT_ON_CLOSE,rootPane=javax.swing.JRootPane[,7,30,1221x665,invalid,layout=javax.swing.JRootPane$RootLayout,alignmentX=0.0,alignmentY=0.0,border=,flags=16777673,maximumSize=,minimumSize=,preferredSize=],rootPaneCheckingEnabled=true]]" started-at="2023-04-10T14:11:16 ICT" name="testChangePass" data-provider="testDataChangePass" finished-at="2023-04-10T14:11:17 ICT" duration-ms="73" status="PASS">
          <params>
            <param index="0">
              <value>
                <![CDATA[]]>
              </value>
            </param>
            <param index="1">
              <value>
                <![CDATA[PassCurrent cann't be empty]]>
              </value>
            </param>
            <param index="2">
              <value>
                <![CDATA[]]>
              </value>
            </param>
            <param index="3">
              <value>
                <![CDATA[NewPass cann't be empty]]>
              </value>
            </param>
            <param index="4">
              <value>
                <![CDATA[cuongcuong]]>
              </value>
            </param>
            <param index="5">
              <value>
                <![CDATA[Confirm malformed. Phải có chữ hoa và số]]>
              </value>
            </param>
          </params>
          <reporter-output>
          </reporter-output>
        </test-method> <!-- testChangePass -->
        <test-method signature="testChangePass(java.lang.String,java.lang.String,java.lang.String,java.lang.String,java.lang.String,java.lang.String)[pri:0, instance:test.ApplicationFastFood[frame0,23,0,1235x702,invalid,hidden,layout=java.awt.BorderLayout,title=,normal,defaultCloseOperation=EXIT_ON_CLOSE,rootPane=javax.swing.JRootPane[,7,30,1221x665,invalid,layout=javax.swing.JRootPane$RootLayout,alignmentX=0.0,alignmentY=0.0,border=,flags=16777673,maximumSize=,minimumSize=,preferredSize=],rootPaneCheckingEnabled=true]]" started-at="2023-04-10T14:11:17 ICT" name="testChangePass" data-provider="testDataChangePass" finished-at="2023-04-10T14:11:17 ICT" duration-ms="73" status="PASS">
          <params>
            <param index="0">
              <value>
                <![CDATA[]]>
              </value>
            </param>
            <param index="1">
              <value>
                <![CDATA[PassCurrent cann't be empty]]>
              </value>
            </param>
            <param index="2">
              <value>
                <![CDATA[]]>
              </value>
            </param>
            <param index="3">
              <value>
                <![CDATA[NewPass cann't be empty]]>
              </value>
            </param>
            <param index="4">
              <value>
                <![CDATA[cuongcuongA 7]]>
              </value>
            </param>
            <param index="5">
              <value>
                <![CDATA[Confirm malformed. Phải có chữ hoa và số]]>
              </value>
            </param>
          </params>
          <reporter-output>
          </reporter-output>
        </test-method> <!-- testChangePass -->
        <test-method signature="testChangePass(java.lang.String,java.lang.String,java.lang.String,java.lang.String,java.lang.String,java.lang.String)[pri:0, instance:test.ApplicationFastFood[frame0,23,0,1235x702,invalid,hidden,layout=java.awt.BorderLayout,title=,normal,defaultCloseOperation=EXIT_ON_CLOSE,rootPane=javax.swing.JRootPane[,7,30,1221x665,invalid,layout=javax.swing.JRootPane$RootLayout,alignmentX=0.0,alignmentY=0.0,border=,flags=16777673,maximumSize=,minimumSize=,preferredSize=],rootPaneCheckingEnabled=true]]" started-at="2023-04-10T14:11:17 ICT" name="testChangePass" data-provider="testDataChangePass" finished-at="2023-04-10T14:11:17 ICT" duration-ms="74" status="PASS">
          <params>
            <param index="0">
              <value>
                <![CDATA[]]>
              </value>
            </param>
            <param index="1">
              <value>
                <![CDATA[PassCurrent cann't be empty]]>
              </value>
            </param>
            <param index="2">
              <value>
                <![CDATA[]]>
              </value>
            </param>
            <param index="3">
              <value>
                <![CDATA[NewPass cann't be empty]]>
              </value>
            </param>
            <param index="4">
              <value>
                <![CDATA[cuongcuongÁ 7]]>
              </value>
            </param>
            <param index="5">
              <value>
                <![CDATA[Confirm malformed. Phải có chữ hoa và số]]>
              </value>
            </param>
          </params>
          <reporter-output>
          </reporter-output>
        </test-method> <!-- testChangePass -->
        <test-method signature="testChangePass(java.lang.String,java.lang.String,java.lang.String,java.lang.String,java.lang.String,java.lang.String)[pri:0, instance:test.ApplicationFastFood[frame0,23,0,1235x702,invalid,hidden,layout=java.awt.BorderLayout,title=,normal,defaultCloseOperation=EXIT_ON_CLOSE,rootPane=javax.swing.JRootPane[,7,30,1221x665,invalid,layout=javax.swing.JRootPane$RootLayout,alignmentX=0.0,alignmentY=0.0,border=,flags=16777673,maximumSize=,minimumSize=,preferredSize=],rootPaneCheckingEnabled=true]]" started-at="2023-04-10T14:11:17 ICT" name="testChangePass" data-provider="testDataChangePass" finished-at="2023-04-10T14:11:17 ICT" duration-ms="71" status="PASS">
          <params>
            <param index="0">
              <value>
                <![CDATA[]]>
              </value>
            </param>
            <param index="1">
              <value>
                <![CDATA[PassCurrent cann't be empty]]>
              </value>
            </param>
            <param index="2">
              <value>
                <![CDATA[]]>
              </value>
            </param>
            <param index="3">
              <value>
                <![CDATA[NewPass cann't be empty]]>
              </value>
            </param>
            <param index="4">
              <value>
                <![CDATA[cuongcuongA7]]>
              </value>
            </param>
            <param index="5">
              <value>
                <![CDATA[]]>
              </value>
            </param>
          </params>
          <reporter-output>
          </reporter-output>
[...]
        <test-method signature="testChangePass(java.lang.String,java.lang.String,java.lang.String,java.lang.String,java.lang.String,java.lang.String)[pri:0, instance:test.ApplicationFastFood[frame0,23,0,1235x702,invalid,hidden,layout=java.awt.BorderLayout,title=,normal,defaultCloseOperation=EXIT_ON_CLOSE,rootPane=javax.swing.JRootPane[,7,30,1221x665,invalid,layout=javax.swing.JRootPane$RootLayout,alignmentX=0.0,alignmentY=0.0,border=,flags=16777673,maximumSize=,minimumSize=,preferredSize=],rootPaneCheckingEnabled=true]]" started-at="2023-04-10T14:11:19 ICT" name="testChangePass" data-provider="testDataChangePass" finished-at="2023-04-10T14:11:19 ICT" duration-ms="73" status="PASS">
          <params>
            <param index="0">
              <value>
                <![CDATA[]]>
              </value>
            </param>
            <param index="1">
              <value>
                <![CDATA[PassCurrent cann't be empty]]>
              </value>
            </param>
            <param index="2">
              <value>
                <![CDATA[cuongcuongÁ 7]]>
              </value>
            </param>
            <param index="3">
              <value>
                <![CDATA[NewPass malformed. Phải có chữ hoa và số]]>
              </value>
            </param>
            <param index="4">
              <value>
                <![CDATA[]]>
              </value>
            </param>
            <param index="5">
              <value>
                <![CDATA[Confirm cann't be empty]]>
              </value>
            </param>
          </params>
          <reporter-output>
          </reporter-output>
        </test-method> <!-- testChangePass -->
        <test-method signature="testChangePass(java.lang.String,java.lang.String,java.lang.String,java.lang.String,java.lang.String,java.lang.String)[pri:0, instance:test.ApplicationFastFood[frame0,23,0,1235x702,invalid,hidden,layout=java.awt.BorderLayout,title=,normal,defaultCloseOperation=EXIT_ON_CLOSE,rootPane=javax.swing.JRootPane[,7,30,1221x665,invalid,layout=javax.swing.JRootPane$RootLayout,alignmentX=0.0,alignmentY=0.0,border=,flags=16777673,maximumSize=,minimumSize=,preferredSize=],rootPaneCheckingEnabled=true]]" started-at="2023-04-10T14:11:19 ICT" name="testChangePass" data-provider="testDataChangePass" finished-at="2023-04-10T14:11:19 ICT" duration-ms="70" status="PASS">
          <params>
            <param index="0">
              <value>
                <![CDATA[]]>
              </value>
            </param>
            <param index="1">
              <value>
                <![CDATA[PassCurrent cann't be empty]]>
              </value>
            </param>
            <param index="2">
              <value>
                <![CDATA[cuongcuongA7]]>
              </value>
            </param>
            <param index="3">
              <value>
                <![CDATA[]]>
              </value>
            </param>
            <param index="4">
              <value>
                <![CDATA[]]>
              </value>
            </param>
            <param index="5">
              <value>
                <![CDATA[Confirm cann't be empty]]>
              </value>
            </param>
          </params>
          <reporter-output>
          </reporter-output>
        </test-method> <!-- testChangePass -->
        <test-method signature="testChangePass(java.lang.String,java.lang.String,java.lang.String,java.lang.String,java.lang.String,java.lang.String)[pri:0, instance:test.ApplicationFastFood[frame0,23,0,1235x702,invalid,hidden,layout=java.awt.BorderLayout,title=,normal,defaultCloseOperation=EXIT_ON_CLOSE,rootPane=javax.swing.JRootPane[,7,30,1221x665,invalid,layout=javax.swing.JRootPane$RootLayout,alignmentX=0.0,alignmentY=0.0,border=,flags=16777673,maximumSize=,minimumSize=,preferredSize=],rootPaneCheckingEnabled=true]]" started-at="2023-04-10T14:11:19 ICT" name="testChangePass" data-provider="testDataChangePass" finished-at="2023-04-10T14:11:19 ICT" duration-ms="71" status="PASS">
          <params>
            <param index="0">
              <value>
                <![CDATA[asdf]]>
              </value>
            </param>
            <param index="1">
              <value>
                <![CDATA[PassCurrent has to bigger 6 character]]>
              </value>
            </param>
            <param index="2">
              <value>
                <![CDATA[asdf]]>
              </value>
            </param>
            <param index="3">
              <value>
                <![CDATA[NewPass has to bigger 6 character]]>
              </value>
            </param>
            <param index="4">
              <value>
                <![CDATA[asdf]]>
              </value>
            </param>
            <param index="5">
              <value>
                <![CDATA[Confirm has to bigger 6 character]]>
              </value>
            </param>
          </params>
          <reporter-output>
          </reporter-output>
        </test-method> <!-- testChangePass -->
        <test-method signature="testChangePass(java.lang.String,java.lang.String,java.lang.String,java.lang.String,java.lang.String,java.lang.String)[pri:0, instance:test.ApplicationFastFood[frame0,23,0,1235x702,invalid,hidden,layout=java.awt.BorderLayout,title=,normal,defaultCloseOperation=EXIT_ON_CLOSE,rootPane=javax.swing.JRootPane[,7,30,1221x665,invalid,layout=javax.swing.JRootPane$RootLayout,alignmentX=0.0,alignmentY=0.0,border=,flags=16777673,maximumSize=,minimumSize=,preferredSize=],rootPaneCheckingEnabled=true]]" started-at="2023-04-10T14:11:19 ICT" name="testChangePass" data-provider="testDataChangePass" finished-at="2023-04-10T14:11:19 ICT" duration-ms="71" status="PASS">
          <params>
            <param index="0">
              <value>
                <![CDATA[as df]]>
              </value>
            </param>
            <param index="1">
              <value>
                <![CDATA[PassCurrent has to bigger 6 character]]>
              </value>
            </param>
            <param index="2">
              <value>
                <![CDATA[as df]]>
              </value>
            </param>
            <param index="3">
              <value>
                <![CDATA[NewPass has to bigger 6 character]]>
              </value>
            </param>
            <param index="4">
              <value>
                <![CDATA[as df]]>
              </value>
            </param>
            <param index="5">
              <value>
                <![CDATA[Confirm has to bigger 6 character]]>
              </value>
            </param>
          </params>
          <reporter-output>
          </reporter-output>
        </test-method> <!-- testChangePass -->
        <test-method signature="testChangePass(java.lang.String,java.lang.String,java.lang.String,java.lang.String,java.lang.String,java.lang.String)[pri:0, instance:test.ApplicationFastFood[frame0,23,0,1235x702,invalid,hidden,layout=java.awt.BorderLayout,title=,normal,defaultCloseOperation=EXIT_ON_CLOSE,rootPane=javax.swing.JRootPane[,7,30,1221x665,invalid,layout=javax.swing.JRootPane$RootLayout,alignmentX=0.0,alignmentY=0.0,border=,flags=16777673,maximumSize=,minimumSize=,preferredSize=],rootPaneCheckingEnabled=true]]" started-at="2023-04-10T14:11:19 ICT" name="testChangePass" data-provider="testDataChangePass" finished-at="2023-04-10T14:11:19 ICT" duration-ms="72" status="PASS">
          <params>
            <param index="0">
              <value>
                <![CDATA[a df#]]>
              </value>
            </param>
            <param index="1">
              <value>
                <![CDATA[PassCurrent has to bigger 6 character]]>
              </value>
            </param>
            <param index="2">
              <value>
                <![CDATA[a df#]]>
              </value>
            </param>
            <param index="3">
              <value>
                <![CDATA[NewPass has to bigger 6 character]]>
              </value>
            </param>
            <param index="4">
              <value>
                <![CDATA[a df#]]>
              </value>
            </param>
            <param index="5">
              <value>
                <![CDATA[Confirm has to bigger 6 character]]>
              </value>
            </param>
          </params>
          <reporter-output>
          </reporter-output>
        </test-method> <!-- testChangePass -->
        <test-method signature="testChangePass(java.lang.String,java.lang.String,java.lang.String,java.lang.String,java.lang.String,java.lang.String)[pri:0, instance:test.ApplicationFastFood[frame0,23,0,1235x702,invalid,hidden,layout=java.awt.BorderLayout,title=,normal,defaultCloseOperation=EXIT_ON_CLOSE,rootPane=javax.swing.JRootPane[,7,30,1221x665,invalid,layout=javax.swing.JRootPane$RootLayout,alignmentX=0.0,alignmentY=0.0,border=,flags=16777673,maximumSize=,minimumSize=,preferredSize=],rootPaneCheckingEnabled=true]]" started-at="2023-04-10T14:11:19 ICT" name="testChangePass" data-provider="testDataChangePass" finished-at="2023-04-10T14:11:19 ICT" duration-ms="74" status="PASS">
          <params>
            <param index="0">
              <value>
                <![CDATA[cuongcuongcuongcuongcuongcuongcuongcuongcuong]]>
              </value>
            </param>
            <param index="1">
              <value>
                <![CDATA[PassCurrent has to lower 40 character]]>
              </value>
            </param>
            <param index="2">
              <value>
                <![CDATA[cuongcuongcuongcuongcuongcuongcuongcuongcuong]]>
              </value>
            </param>
            <param index="3">
              <value>
                <![CDATA[NewPass has to lower 40 character]]>
              </value>
            </param>
            <param index="4">
              <value>
                <![CDATA[cuongcuongcuongcuongcuongcuongcuongcuongcuong]]>
              </value>
            </param>
            <param index="5">
              <value>
                <![CDATA[Confirm has to lower 40 character]]>
              </value>
            </param>
          </params>
          <reporter-output>
          </reporter-output>
        </test-method> <!-- testChangePass -->
        <test-method signature="testChangePass(java.lang.String,java.lang.String,java.lang.String,java.lang.String,java.lang.String,java.lang.String)[pri:0, instance:test.ApplicationFastFood[frame0,23,0,1235x702,invalid,hidden,layout=java.awt.BorderLayout,title=,normal,defaultCloseOperation=EXIT_ON_CLOSE,rootPane=javax.swing.JRootPane[,7,30,1221x665,invalid,layout=javax.swing.JRootPane$RootLayout,alignmentX=0.0,alignmentY=0.0,border=,flags=16777673,maximumSize=,minimumSize=,preferredSize=],rootPaneCheckingEnabled=true]]" started-at="2023-04-10T14:11:19 ICT" name="testChangePass" data-provider="testDataChangePass" finished-at="2023-04-10T14:11:19 ICT" duration-ms="71" status="PASS">
          <params>
            <param index="0">
              <value>
                <![CDATA[cuongcuongcuongcuong cuongcuongcuongcuongcuong]]>
              </value>
            </param>
            <param index="1">
              <value>
                <![CDATA[PassCurrent has to lower 40 character]]>
              </value>
            </param>
            <param index="2">
              <value>
                <![CDATA[cuongcuongcuongcuong cuongcuongcuongcuongcuong]]>
              </value>
            </param>
            <param index="3">
              <value>
                <![CDATA[NewPass has to lower 40 character]]>
              </value>
            </param>
            <param index="4">
              <value>
                <![CDATA[cuongcuongcuongcuong cuongcuongcuongcuongcuong]]>
              </value>
            </param>
            <param index="5">
              <value>
                <![CDATA[Confirm has to lower 40 character]]>
              </value>
            </param>
          </params>
          <reporter-output>
          </reporter-output>
        </test-method> <!-- testChangePass -->
        <test-method signature="testChangePass(java.lang.String,java.lang.String,java.lang.String,java.lang.String,java.lang.String,java.lang.String)[pri:0, instance:test.ApplicationFastFood[frame0,23,0,1235x702,invalid,hidden,layout=java.awt.BorderLayout,title=,normal,defaultCloseOperation=EXIT_ON_CLOSE,rootPane=javax.swing.JRootPane[,7,30,1221x665,invalid,layout=javax.swing.JRootPane$RootLayout,alignmentX=0.0,alignmentY=0.0,border=,flags=16777673,maximumSize=,minimumSize=,preferredSize=],rootPaneCheckingEnabled=true]]" started-at="2023-04-10T14:11:19 ICT" name="testChangePass" data-provider="testDataChangePass" finished-at="2023-04-10T14:11:19 ICT" duration-ms="69" status="PASS">
          <params>
            <param index="0">
              <value>
                <![CDATA[cuongcuongcuongcuong& #&cuongcuongcuongcuongcuong]]>
              </value>
            </param>
            <param index="1">
              <value>
                <![CDATA[PassCurrent has to lower 40 character]]>
              </value>
            </param>
            <param index="2">
              <value>
                <![CDATA[cuongcuongcuongcuong& #&cuongcuongcuongcuongcuong]]>
              </value>
            </param>
            <param index="3">
              <value>
                <![CDATA[NewPass has to lower 40 character]]>
              </value>
            </param>
            <param index="4">
              <value>
                <![CDATA[cuongcuongcuongcuong& #&cuongcuongcuongcuongcuong]]>
              </value>
            </param>
            <param index="5">
              <value>
                <![CDATA[Confirm has to lower 40 character]]>
              </value>
            </param>
          </params>
          <reporter-output>
          </reporter-output>
        </test-method> <!-- testChangePass -->
        <test-method signature="testChangePass(java.lang.String,java.lang.String,java.lang.String,java.lang.String,java.lang.String,java.lang.String)[pri:0, instance:test.ApplicationFastFood[frame0,23,0,1235x702,invalid,hidden,layout=java.awt.BorderLayout,title=,normal,defaultCloseOperation=EXIT_ON_CLOSE,rootPane=javax.swing.JRootPane[,7,30,1221x665,invalid,layout=javax.swing.JRootPane$RootLayout,alignmentX=0.0,alignmentY=0.0,border=,flags=16777673,maximumSize=,minimumSize=,preferredSize=],rootPaneCheckingEnabled=true]]" started-at="2023-04-10T14:11:19 ICT" name="testChangePass" data-provider="testDataChangePass" finished-at="2023-04-10T14:11:19 ICT" duration-ms="71" status="PASS">
          <params>
            <param index="0">
              <value>
                <![CDATA[cuongcuong]]>
              </value>
            </param>
            <param index="1">
              <value>
                <![CDATA[PassCurrent malformed. Phải có chữ hoa và số]]>
              </value>
            </param>
            <param index="2">
              <value>
                <![CDATA[cuongcuong]]>
              </value>
            </param>
            <param index="3">
              <value>
                <![CDATA[NewPass malformed. Phải có chữ hoa và số]]>
              </value>
            </param>
            <param index="4">
              <value>
                <![CDATA[cuongcuong]]>
              </value>
            </param>
            <param index="5">
              <value>
                <![CDATA[Confirm malformed. Phải có chữ hoa và số]]>
              </value>
            </param>
          </params>
          <reporter-output>
          </reporter-output>
        </test-method> <!-- testChangePass -->
        <test-method signature="testChangePass(java.lang.String,java.lang.String,java.lang.String,java.lang.String,java.lang.String,java.lang.String)[pri:0, instance:test.ApplicationFastFood[frame0,23,0,1235x702,invalid,hidden,layout=java.awt.BorderLayout,title=,normal,defaultCloseOperation=EXIT_ON_CLOSE,rootPane=javax.swing.JRootPane[,7,30,1221x665,invalid,layout=javax.swing.JRootPane$RootLayout,alignmentX=0.0,alignmentY=0.0,border=,flags=16777673,maximumSize=,minimumSize=,preferredSize=],rootPaneCheckingEnabled=true]]" started-at="2023-04-10T14:11:19 ICT" name="testChangePass" data-provider="testDataChangePass" finished-at="2023-04-10T14:11:19 ICT" duration-ms="70" status="PASS">
          <params>
            <param index="0">
              <value>
                <![CDATA[cuongcuongA 7]]>
              </value>
            </param>
            <param index="1">
              <value>
                <![CDATA[PassCurrent malformed. Phải có chữ hoa và số]]>
              </value>
            </param>
            <param index="2">
              <value>
                <![CDATA[cuongcuongA 7]]>
              </value>
            </param>
            <param index="3">
              <value>
                <![CDATA[NewPass malformed. Phải có chữ hoa và số]]>
              </value>
            </param>
            <param index="4">
              <value>
                <![CDATA[cuongcuongA 7]]>
              </value>
            </param>
            <param index="5">
              <value>
                <![CDATA[Confirm malformed. Phải có chữ hoa và số]]>
              </value>
            </param>
          </params>
          <reporter-output>
          </reporter-output>
        </test-method> <!-- testChangePass -->
        <test-method signature="testChangePass(java.lang.String,java.lang.String,java.lang.String,java.lang.String,java.lang.String,java.lang.String)[pri:0, instance:test.ApplicationFastFood[frame0,23,0,1235x702,invalid,hidden,layout=java.awt.BorderLayout,title=,normal,defaultCloseOperation=EXIT_ON_CLOSE,rootPane=javax.swing.JRootPane[,7,30,1221x665,invalid,layout=javax.swing.JRootPane$RootLayout,alignmentX=0.0,alignmentY=0.0,border=,flags=16777673,maximumSize=,minimumSize=,preferredSize=],rootPaneCheckingEnabled=true]]" started-at="2023-04-10T14:11:19 ICT" name="testChangePass" data-provider="testDataChangePass" finished-at="2023-04-10T14:11:19 ICT" duration-ms="71" status="PASS">
          <params>
            <param index="0">
              <value>
                <![CDATA[cuongcuongÁ 7]]>
              </value>
            </param>
            <param index="1">
              <value>
                <![CDATA[PassCurrent malformed. Phải có chữ hoa và số]]>
              </value>
            </param>
            <param index="2">
              <value>
                <![CDATA[cuongcuongÁ 7]]>
              </value>
            </param>
            <param index="3">
              <value>
                <![CDATA[NewPass malformed. Phải có chữ hoa và số]]>
              </value>
            </param>
            <param index="4">
              <value>
                <![CDATA[cuongcuongÁ 7]]>
              </value>
            </param>
            <param index="5">
              <value>
                <![CDATA[Confirm malformed. Phải có chữ hoa và số]]>
              </value>
            </param>
          </params>
          <reporter-output>
          </reporter-output>
        </test-method> <!-- testChangePass -->
        <test-method is-config="true" signature="testAfterClassChangePass()[pri:0, instance:test.ApplicationFastFood[frame0,23,0,1235x702,invalid,hidden,layout=java.awt.BorderLayout,title=,normal,defaultCloseOperation=EXIT_ON_CLOSE,rootPane=javax.swing.JRootPane[,7,30,1221x665,invalid,layout=javax.swing.JRootPane$RootLayout,alignmentX=0.0,alignmentY=0.0,border=,flags=16777673,maximumSize=,minimumSize=,preferredSize=],rootPaneCheckingEnabled=true]]" started-at="2023-04-10T14:11:19 ICT" name="testAfterClassChangePass" finished-at="2023-04-10T14:11:20 ICT" duration-ms="857" status="PASS">
          <reporter-output>
          </reporter-output>
        </test-method> <!-- testAfterClassChangePass -->
      </class> <!-- test.ApplicationFastFood -->
    </test> <!-- changepass -->
  </suite> <!-- suite changePass -->
</testng-results>
