<?xml version="1.0" encoding="UTF-8"?>
<!-- Generated by org.testng.reporters.JUnitXMLReporter -->
<testsuite ignored="5" hostname="CUONGDUY" failures="2" tests="102" name="insertproduct" time="11.766" errors="0" timestamp="2023-04-10T15:43:14 ICT">
  <testcase classname="test.ApplicationFastFood" name="testUpdateProduct on test.ApplicationFastFood[frame4,23,0,1235x702,invalid,hidden,layout=java.awt.BorderLayout,title=,normal,defaultCloseOperation=EXIT_ON_CLOSE,rootPane=javax.swing.JRootPane[,7,30,1221x665,invalid,layout=javax.swing.JRootPane$RootLayout,alignmentX=0.0,alignmentY=0.0,border=,flags=16777673,maximumSize=,minimumSize=,preferredSize=],rootPaneCheckingEnabled=true]" time="0.1"/>
  <testcase classname="test.ApplicationFastFood" name="testUpdateProduct on test.ApplicationFastFood[frame4,23,0,1235x702,invalid,hidden,layout=java.awt.BorderLayout,title=,normal,defaultCloseOperation=EXIT_ON_CLOSE,rootPane=javax.swing.JRootPane[,7,30,1221x665,invalid,layout=javax.swing.JRootPane$RootLayout,alignmentX=0.0,alignmentY=0.0,border=,flags=16777673,maximumSize=,minimumSize=,preferredSize=],rootPaneCheckingEnabled=true]" time="0.131"/>
  <testcase classname="test.ApplicationFastFood" name="testUpdateProduct on test.ApplicationFastFood[frame4,23,0,1235x702,invalid,hidden,layout=java.awt.BorderLayout,title=,normal,defaultCloseOperation=EXIT_ON_CLOSE,rootPane=javax.swing.JRootPane[,7,30,1221x665,invalid,layout=javax.swing.JRootPane$RootLayout,alignmentX=0.0,alignmentY=0.0,border=,flags=16777673,maximumSize=,minimumSize=,preferredSize=],rootPaneCheckingEnabled=true]" time="0.146"/>
  <testcase classname="test.ApplicationFastFood" name="testUpdateProduct on test.ApplicationFastFood[frame4,23,0,1235x702,invalid,hidden,layout=java.awt.BorderLayout,title=,normal,defaultCloseOperation=EXIT_ON_CLOSE,rootPane=javax.swing.JRootPane[,7,30,1221x665,invalid,layout=javax.swing.JRootPane$RootLayout,alignmentX=0.0,alignmentY=0.0,border=,flags=16777673,maximumSize=,minimumSize=,preferredSize=],rootPaneCheckingEnabled=true]" time="0.119"/>
  <testcase classname="test.ApplicationFastFood" name="testUpdateProduct on test.ApplicationFastFood[frame4,23,0,1235x702,invalid,hidden,layout=java.awt.BorderLayout,title=,normal,defaultCloseOperation=EXIT_ON_CLOSE,rootPane=javax.swing.JRootPane[,7,30,1221x665,invalid,layout=javax.swing.JRootPane$RootLayout,alignmentX=0.0,alignmentY=0.0,border=,flags=16777673,maximumSize=,minimumSize=,preferredSize=],rootPaneCheckingEnabled=true]" time="0.138"/>
  <testcase classname="test.ApplicationFastFood" name="testUpdateProduct on test.ApplicationFastFood[frame4,23,0,1235x702,invalid,hidden,layout=java.awt.BorderLayout,title=,normal,defaultCloseOperation=EXIT_ON_CLOSE,rootPane=javax.swing.JRootPane[,7,30,1221x665,invalid,layout=javax.swing.JRootPane$RootLayout,alignmentX=0.0,alignmentY=0.0,border=,flags=16777673,maximumSize=,minimumSize=,preferredSize=],rootPaneCheckingEnabled=true]" time="0.128"/>
  <testcase classname="test.ApplicationFastFood" name="testUpdateProduct on test.ApplicationFastFood[frame4,23,0,1235x702,invalid,hidden,layout=java.awt.BorderLayout,title=,normal,defaultCloseOperation=EXIT_ON_CLOSE,rootPane=javax.swing.JRootPane[,7,30,1221x665,invalid,layout=javax.swing.JRootPane$RootLayout,alignmentX=0.0,alignmentY=0.0,border=,flags=16777673,maximumSize=,minimumSize=,preferredSize=],rootPaneCheckingEnabled=true]" time="0.099"/>
  <testcase classname="test.ApplicationFastFood" name="testUpdateProduct on test.ApplicationFastFood[frame4,23,0,1235x702,invalid,hidden,layout=java.awt.BorderLayout,title=,normal,defaultCloseOperation=EXIT_ON_CLOSE,rootPane=javax.swing.JRootPane[,7,30,1221x665,invalid,layout=javax.swing.JRootPane$RootLayout,alignmentX=0.0,alignmentY=0.0,border=,flags=16777673,maximumSize=,minimumSize=,preferredSize=],rootPaneCheckingEnabled=true]" time="0.119"/>
  <testcase classname="test.ApplicationFastFood" name="testUpdateProduct on test.ApplicationFastFood[frame4,23,0,1235x702,invalid,hidden,layout=java.awt.BorderLayout,title=,normal,defaultCloseOperation=EXIT_ON_CLOSE,rootPane=javax.swing.JRootPane[,7,30,1221x665,invalid,layout=javax.swing.JRootPane$RootLayout,alignmentX=0.0,alignmentY=0.0,border=,flags=16777673,maximumSize=,minimumSize=,preferredSize=],rootPaneCheckingEnabled=true]" time="0.102"/>
  <testcase classname="test.ApplicationFastFood" name="testUpdateProduct on test.ApplicationFastFood[frame4,23,0,1235x702,invalid,hidden,layout=java.awt.BorderLayout,title=,normal,defaultCloseOperation=EXIT_ON_CLOSE,rootPane=javax.swing.JRootPane[,7,30,1221x665,invalid,layout=javax.swing.JRootPane$RootLayout,alignmentX=0.0,alignmentY=0.0,border=,flags=16777673,maximumSize=,minimumSize=,preferredSize=],rootPaneCheckingEnabled=true]" time="0.095"/>
  <testcase classname="test.ApplicationFastFood" name="testUpdateProduct on test.ApplicationFastFood[frame4,23,0,1235x702,invalid,hidden,layout=java.awt.BorderLayout,title=,normal,defaultCloseOperation=EXIT_ON_CLOSE,rootPane=javax.swing.JRootPane[,7,30,1221x665,invalid,layout=javax.swing.JRootPane$RootLayout,alignmentX=0.0,alignmentY=0.0,border=,flags=16777673,maximumSize=,minimumSize=,preferredSize=],rootPaneCheckingEnabled=true]" time="0.105"/>
  <testcase classname="test.ApplicationFastFood" name="testUpdateProduct on test.ApplicationFastFood[frame4,23,0,1235x702,invalid,hidden,layout=java.awt.BorderLayout,title=,normal,defaultCloseOperation=EXIT_ON_CLOSE,rootPane=javax.swing.JRootPane[,7,30,1221x665,invalid,layout=javax.swing.JRootPane$RootLayout,alignmentX=0.0,alignmentY=0.0,border=,flags=16777673,maximumSize=,minimumSize=,preferredSize=],rootPaneCheckingEnabled=true]" time="0.102"/>
  <testcase classname="test.ApplicationFastFood" name="testUpdateProduct on test.ApplicationFastFood[frame4,23,0,1235x702,invalid,hidden,layout=java.awt.BorderLayout,title=,normal,defaultCloseOperation=EXIT_ON_CLOSE,rootPane=javax.swing.JRootPane[,7,30,1221x665,invalid,layout=javax.swing.JRootPane$RootLayout,alignmentX=0.0,alignmentY=0.0,border=,flags=16777673,maximumSize=,minimumSize=,preferredSize=],rootPaneCheckingEnabled=true]" time="0.106"/>
  <testcase classname="test.ApplicationFastFood" name="testUpdateProduct on test.ApplicationFastFood[frame4,23,0,1235x702,invalid,hidden,layout=java.awt.BorderLayout,title=,normal,defaultCloseOperation=EXIT_ON_CLOSE,rootPane=javax.swing.JRootPane[,7,30,1221x665,invalid,layout=javax.swing.JRootPane$RootLayout,alignmentX=0.0,alignmentY=0.0,border=,flags=16777673,maximumSize=,minimumSize=,preferredSize=],rootPaneCheckingEnabled=true]" time="0.11"/>
  <testcase classname="test.ApplicationFastFood" name="testUpdateProduct on test.ApplicationFastFood[frame4,23,0,1235x702,invalid,hidden,layout=java.awt.BorderLayout,title=,normal,defaultCloseOperation=EXIT_ON_CLOSE,rootPane=javax.swing.JRootPane[,7,30,1221x665,invalid,layout=javax.swing.JRootPane$RootLayout,alignmentX=0.0,alignmentY=0.0,border=,flags=16777673,maximumSize=,minimumSize=,preferredSize=],rootPaneCheckingEnabled=true]" time="0.106"/>
  <testcase classname="test.ApplicationFastFood" name="testUpdateProduct on test.ApplicationFastFood[frame4,23,0,1235x702,invalid,hidden,layout=java.awt.BorderLayout,title=,normal,defaultCloseOperation=EXIT_ON_CLOSE,rootPane=javax.swing.JRootPane[,7,30,1221x665,invalid,layout=javax.swing.JRootPane$RootLayout,alignmentX=0.0,alignmentY=0.0,border=,flags=16777673,maximumSize=,minimumSize=,preferredSize=],rootPaneCheckingEnabled=true]" time="0.108"/>
  <testcase classname="test.ApplicationFastFood" name="testUpdateProduct on test.ApplicationFastFood[frame4,23,0,1235x702,invalid,hidden,layout=java.awt.BorderLayout,title=,normal,defaultCloseOperation=EXIT_ON_CLOSE,rootPane=javax.swing.JRootPane[,7,30,1221x665,invalid,layout=javax.swing.JRootPane$RootLayout,alignmentX=0.0,alignmentY=0.0,border=,flags=16777673,maximumSize=,minimumSize=,preferredSize=],rootPaneCheckingEnabled=true]" time="0.095"/>
  <testcase classname="test.ApplicationFastFood" name="testUpdateProduct on test.ApplicationFastFood[frame4,23,0,1235x702,invalid,hidden,layout=java.awt.BorderLayout,title=,normal,defaultCloseOperation=EXIT_ON_CLOSE,rootPane=javax.swing.JRootPane[,7,30,1221x665,invalid,layout=javax.swing.JRootPane$RootLayout,alignmentX=0.0,alignmentY=0.0,border=,flags=16777673,maximumSize=,minimumSize=,preferredSize=],rootPaneCheckingEnabled=true]" time="0.103"/>
  <testcase classname="test.ApplicationFastFood" name="testUpdateProduct on test.ApplicationFastFood[frame4,23,0,1235x702,invalid,hidden,layout=java.awt.BorderLayout,title=,normal,defaultCloseOperation=EXIT_ON_CLOSE,rootPane=javax.swing.JRootPane[,7,30,1221x665,invalid,layout=javax.swing.JRootPane$RootLayout,alignmentX=0.0,alignmentY=0.0,border=,flags=16777673,maximumSize=,minimumSize=,preferredSize=],rootPaneCheckingEnabled=true]" time="0.101"/>
  <testcase classname="test.ApplicationFastFood" name="testUpdateProduct on test.ApplicationFastFood[frame4,23,0,1235x702,invalid,hidden,layout=java.awt.BorderLayout,title=,normal,defaultCloseOperation=EXIT_ON_CLOSE,rootPane=javax.swing.JRootPane[,7,30,1221x665,invalid,layout=javax.swing.JRootPane$RootLayout,alignmentX=0.0,alignmentY=0.0,border=,flags=16777673,maximumSize=,minimumSize=,preferredSize=],rootPaneCheckingEnabled=true]" time="0.101"/>
  <testcase classname="test.ApplicationFastFood" name="testUpdateProduct on test.ApplicationFastFood[frame4,23,0,1235x702,invalid,hidden,layout=java.awt.BorderLayout,title=,normal,defaultCloseOperation=EXIT_ON_CLOSE,rootPane=javax.swing.JRootPane[,7,30,1221x665,invalid,layout=javax.swing.JRootPane$RootLayout,alignmentX=0.0,alignmentY=0.0,border=,flags=16777673,maximumSize=,minimumSize=,preferredSize=],rootPaneCheckingEnabled=true]" time="0.109"/>
  <testcase classname="test.ApplicationFastFood" name="testUpdateProduct on test.ApplicationFastFood[frame4,23,0,1235x702,invalid,hidden,layout=java.awt.BorderLayout,title=,normal,defaultCloseOperation=EXIT_ON_CLOSE,rootPane=javax.swing.JRootPane[,7,30,1221x665,invalid,layout=javax.swing.JRootPane$RootLayout,alignmentX=0.0,alignmentY=0.0,border=,flags=16777673,maximumSize=,minimumSize=,preferredSize=],rootPaneCheckingEnabled=true]" time="0.106"/>
  <testcase classname="test.ApplicationFastFood" name="testUpdateProduct on test.ApplicationFastFood[frame4,23,0,1235x702,invalid,hidden,layout=java.awt.BorderLayout,title=,normal,defaultCloseOperation=EXIT_ON_CLOSE,rootPane=javax.swing.JRootPane[,7,30,1221x665,invalid,layout=javax.swing.JRootPane$RootLayout,alignmentX=0.0,alignmentY=0.0,border=,flags=16777673,maximumSize=,minimumSize=,preferredSize=],rootPaneCheckingEnabled=true]" time="0.096"/>
  <testcase classname="test.ApplicationFastFood" name="testUpdateProduct on test.ApplicationFastFood[frame4,23,0,1235x702,invalid,hidden,layout=java.awt.BorderLayout,title=,normal,defaultCloseOperation=EXIT_ON_CLOSE,rootPane=javax.swing.JRootPane[,7,30,1221x665,invalid,layout=javax.swing.JRootPane$RootLayout,alignmentX=0.0,alignmentY=0.0,border=,flags=16777673,maximumSize=,minimumSize=,preferredSize=],rootPaneCheckingEnabled=true]" time="0.1"/>
  <testcase classname="test.ApplicationFastFood" name="testUpdateProduct on test.ApplicationFastFood[frame4,23,0,1235x702,invalid,hidden,layout=java.awt.BorderLayout,title=,normal,defaultCloseOperation=EXIT_ON_CLOSE,rootPane=javax.swing.JRootPane[,7,30,1221x665,invalid,layout=javax.swing.JRootPane$RootLayout,alignmentX=0.0,alignmentY=0.0,border=,flags=16777673,maximumSize=,minimumSize=,preferredSize=],rootPaneCheckingEnabled=true]" time="0.099"/>
  <testcase classname="test.ApplicationFastFood" name="testUpdateProduct on test.ApplicationFastFood[frame4,23,0,1235x702,invalid,hidden,layout=java.awt.BorderLayout,title=,normal,defaultCloseOperation=EXIT_ON_CLOSE,rootPane=javax.swing.JRootPane[,7,30,1221x665,invalid,layout=javax.swing.JRootPane$RootLayout,alignmentX=0.0,alignmentY=0.0,border=,flags=16777673,maximumSize=,minimumSize=,preferredSize=],rootPaneCheckingEnabled=true]" time="0.1"/>
  <testcase classname="test.ApplicationFastFood" name="testUpdateProduct on test.ApplicationFastFood[frame4,23,0,1235x702,invalid,hidden,layout=java.awt.BorderLayout,title=,normal,defaultCloseOperation=EXIT_ON_CLOSE,rootPane=javax.swing.JRootPane[,7,30,1221x665,invalid,layout=javax.swing.JRootPane$RootLayout,alignmentX=0.0,alignmentY=0.0,border=,flags=16777673,maximumSize=,minimumSize=,preferredSize=],rootPaneCheckingEnabled=true]" time="0.1"/>
  <testcase classname="test.ApplicationFastFood" name="testUpdateProduct on test.ApplicationFastFood[frame4,23,0,1235x702,invalid,hidden,layout=java.awt.BorderLayout,title=,normal,defaultCloseOperation=EXIT_ON_CLOSE,rootPane=javax.swing.JRootPane[,7,30,1221x665,invalid,layout=javax.swing.JRootPane$RootLayout,alignmentX=0.0,alignmentY=0.0,border=,flags=16777673,maximumSize=,minimumSize=,preferredSize=],rootPaneCheckingEnabled=true]" time="0.096"/>
  <testcase classname="test.ApplicationFastFood" name="testUpdateProduct on test.ApplicationFastFood[frame4,23,0,1235x702,invalid,hidden,layout=java.awt.BorderLayout,title=,normal,defaultCloseOperation=EXIT_ON_CLOSE,rootPane=javax.swing.JRootPane[,7,30,1221x665,invalid,layout=javax.swing.JRootPane$RootLayout,alignmentX=0.0,alignmentY=0.0,border=,flags=16777673,maximumSize=,minimumSize=,preferredSize=],rootPaneCheckingEnabled=true]" time="0.101"/>
  <testcase classname="test.ApplicationFastFood" name="testUpdateProduct on test.ApplicationFastFood[frame4,23,0,1235x702,invalid,hidden,layout=java.awt.BorderLayout,title=,normal,defaultCloseOperation=EXIT_ON_CLOSE,rootPane=javax.swing.JRootPane[,7,30,1221x665,invalid,layout=javax.swing.JRootPane$RootLayout,alignmentX=0.0,alignmentY=0.0,border=,flags=16777673,maximumSize=,minimumSize=,preferredSize=],rootPaneCheckingEnabled=true]" time="0.104"/>
  <testcase classname="test.ApplicationFastFood" name="testUpdateProduct on test.ApplicationFastFood[frame4,23,0,1235x702,invalid,hidden,layout=java.awt.BorderLayout,title=,normal,defaultCloseOperation=EXIT_ON_CLOSE,rootPane=javax.swing.JRootPane[,7,30,1221x665,invalid,layout=javax.swing.JRootPane$RootLayout,alignmentX=0.0,alignmentY=0.0,border=,flags=16777673,maximumSize=,minimumSize=,preferredSize=],rootPaneCheckingEnabled=true]" time="0.097"/>
  <testcase classname="test.ApplicationFastFood" name="testUpdateProduct on test.ApplicationFastFood[frame4,23,0,1235x702,invalid,hidden,layout=java.awt.BorderLayout,title=,normal,defaultCloseOperation=EXIT_ON_CLOSE,rootPane=javax.swing.JRootPane[,7,30,1221x665,invalid,layout=javax.swing.JRootPane$RootLayout,alignmentX=0.0,alignmentY=0.0,border=,flags=16777673,maximumSize=,minimumSize=,preferredSize=],rootPaneCheckingEnabled=true]" time="0.111"/>
  <testcase classname="test.ApplicationFastFood" name="testUpdateProduct on test.ApplicationFastFood[frame4,23,0,1235x702,invalid,hidden,layout=java.awt.BorderLayout,title=,normal,defaultCloseOperation=EXIT_ON_CLOSE,rootPane=javax.swing.JRootPane[,7,30,1221x665,invalid,layout=javax.swing.JRootPane$RootLayout,alignmentX=0.0,alignmentY=0.0,border=,flags=16777673,maximumSize=,minimumSize=,preferredSize=],rootPaneCheckingEnabled=true]" time="0.108"/>
  <testcase classname="test.ApplicationFastFood" name="testUpdateProduct on test.ApplicationFastFood[frame4,23,0,1235x702,invalid,hidden,layout=java.awt.BorderLayout,title=,normal,defaultCloseOperation=EXIT_ON_CLOSE,rootPane=javax.swing.JRootPane[,7,30,1221x665,invalid,layout=javax.swing.JRootPane$RootLayout,alignmentX=0.0,alignmentY=0.0,border=,flags=16777673,maximumSize=,minimumSize=,preferredSize=],rootPaneCheckingEnabled=true]" time="0.105"/>
  <testcase classname="test.ApplicationFastFood" name="testUpdateProduct on test.ApplicationFastFood[frame4,23,0,1235x702,invalid,hidden,layout=java.awt.BorderLayout,title=,normal,defaultCloseOperation=EXIT_ON_CLOSE,rootPane=javax.swing.JRootPane[,7,30,1221x665,invalid,layout=javax.swing.JRootPane$RootLayout,alignmentX=0.0,alignmentY=0.0,border=,flags=16777673,maximumSize=,minimumSize=,preferredSize=],rootPaneCheckingEnabled=true]" time="0.096"/>
  <testcase classname="test.ApplicationFastFood" name="testUpdateProduct on test.ApplicationFastFood[frame4,23,0,1235x702,invalid,hidden,layout=java.awt.BorderLayout,title=,normal,defaultCloseOperation=EXIT_ON_CLOSE,rootPane=javax.swing.JRootPane[,7,30,1221x665,invalid,layout=javax.swing.JRootPane$RootLayout,alignmentX=0.0,alignmentY=0.0,border=,flags=16777673,maximumSize=,minimumSize=,preferredSize=],rootPaneCheckingEnabled=true]" time="0.102"/>
  <testcase classname="test.ApplicationFastFood" name="testUpdateProduct on test.ApplicationFastFood[frame4,23,0,1235x702,invalid,hidden,layout=java.awt.BorderLayout,title=,normal,defaultCloseOperation=EXIT_ON_CLOSE,rootPane=javax.swing.JRootPane[,7,30,1221x665,invalid,layout=javax.swing.JRootPane$RootLayout,alignmentX=0.0,alignmentY=0.0,border=,flags=16777673,maximumSize=,minimumSize=,preferredSize=],rootPaneCheckingEnabled=true]" time="0.103"/>
  <testcase classname="test.ApplicationFastFood" name="testUpdateProduct on test.ApplicationFastFood[frame4,23,0,1235x702,invalid,hidden,layout=java.awt.BorderLayout,title=,normal,defaultCloseOperation=EXIT_ON_CLOSE,rootPane=javax.swing.JRootPane[,7,30,1221x665,invalid,layout=javax.swing.JRootPane$RootLayout,alignmentX=0.0,alignmentY=0.0,border=,flags=16777673,maximumSize=,minimumSize=,preferredSize=],rootPaneCheckingEnabled=true]" time="0.108"/>
  <testcase classname="test.ApplicationFastFood" name="testUpdateProduct on test.ApplicationFastFood[frame4,23,0,1235x702,invalid,hidden,layout=java.awt.BorderLayout,title=,normal,defaultCloseOperation=EXIT_ON_CLOSE,rootPane=javax.swing.JRootPane[,7,30,1221x665,invalid,layout=javax.swing.JRootPane$RootLayout,alignmentX=0.0,alignmentY=0.0,border=,flags=16777673,maximumSize=,minimumSize=,preferredSize=],rootPaneCheckingEnabled=true]" time="0.102"/>
  <testcase classname="test.ApplicationFastFood" name="testUpdateProduct on test.ApplicationFastFood[frame4,23,0,1235x702,invalid,hidden,layout=java.awt.BorderLayout,title=,normal,defaultCloseOperation=EXIT_ON_CLOSE,rootPane=javax.swing.JRootPane[,7,30,1221x665,invalid,layout=javax.swing.JRootPane$RootLayout,alignmentX=0.0,alignmentY=0.0,border=,flags=16777673,maximumSize=,minimumSize=,preferredSize=],rootPaneCheckingEnabled=true]" time="0.108"/>
  <testcase classname="test.ApplicationFastFood" name="testUpdateProduct on test.ApplicationFastFood[frame4,23,0,1235x702,invalid,hidden,layout=java.awt.BorderLayout,title=,normal,defaultCloseOperation=EXIT_ON_CLOSE,rootPane=javax.swing.JRootPane[,7,30,1221x665,invalid,layout=javax.swing.JRootPane$RootLayout,alignmentX=0.0,alignmentY=0.0,border=,flags=16777673,maximumSize=,minimumSize=,preferredSize=],rootPaneCheckingEnabled=true]" time="0.11"/>
  <testcase classname="test.ApplicationFastFood" name="testUpdateProduct on test.ApplicationFastFood[frame4,23,0,1235x702,invalid,hidden,layout=java.awt.BorderLayout,title=,normal,defaultCloseOperation=EXIT_ON_CLOSE,rootPane=javax.swing.JRootPane[,7,30,1221x665,invalid,layout=javax.swing.JRootPane$RootLayout,alignmentX=0.0,alignmentY=0.0,border=,flags=16777673,maximumSize=,minimumSize=,preferredSize=],rootPaneCheckingEnabled=true]" time="0.104"/>
  <testcase classname="test.ApplicationFastFood" name="testUpdateProduct on test.ApplicationFastFood[frame4,23,0,1235x702,invalid,hidden,layout=java.awt.BorderLayout,title=,normal,defaultCloseOperation=EXIT_ON_CLOSE,rootPane=javax.swing.JRootPane[,7,30,1221x665,invalid,layout=javax.swing.JRootPane$RootLayout,alignmentX=0.0,alignmentY=0.0,border=,flags=16777673,maximumSize=,minimumSize=,preferredSize=],rootPaneCheckingEnabled=true]" time="0.109"/>
  <testcase classname="test.ApplicationFastFood" name="testUpdateProduct on test.ApplicationFastFood[frame4,23,0,1235x702,invalid,hidden,layout=java.awt.BorderLayout,title=,normal,defaultCloseOperation=EXIT_ON_CLOSE,rootPane=javax.swing.JRootPane[,7,30,1221x665,invalid,layout=javax.swing.JRootPane$RootLayout,alignmentX=0.0,alignmentY=0.0,border=,flags=16777673,maximumSize=,minimumSize=,preferredSize=],rootPaneCheckingEnabled=true]" time="0.107"/>
  <testcase classname="test.ApplicationFastFood" name="testUpdateProduct on test.ApplicationFastFood[frame4,23,0,1235x702,invalid,hidden,layout=java.awt.BorderLayout,title=,normal,defaultCloseOperation=EXIT_ON_CLOSE,rootPane=javax.swing.JRootPane[,7,30,1221x665,invalid,layout=javax.swing.JRootPane$RootLayout,alignmentX=0.0,alignmentY=0.0,border=,flags=16777673,maximumSize=,minimumSize=,preferredSize=],rootPaneCheckingEnabled=true]" time="0.106"/>
  <testcase classname="test.ApplicationFastFood" name="testUpdateProduct on test.ApplicationFastFood[frame4,23,0,1235x702,invalid,hidden,layout=java.awt.BorderLayout,title=,normal,defaultCloseOperation=EXIT_ON_CLOSE,rootPane=javax.swing.JRootPane[,7,30,1221x665,invalid,layout=javax.swing.JRootPane$RootLayout,alignmentX=0.0,alignmentY=0.0,border=,flags=16777673,maximumSize=,minimumSize=,preferredSize=],rootPaneCheckingEnabled=true]" time="0.101"/>
  <testcase classname="test.ApplicationFastFood" name="testUpdateProduct on test.ApplicationFastFood[frame4,23,0,1235x702,invalid,hidden,layout=java.awt.BorderLayout,title=,normal,defaultCloseOperation=EXIT_ON_CLOSE,rootPane=javax.swing.JRootPane[,7,30,1221x665,invalid,layout=javax.swing.JRootPane$RootLayout,alignmentX=0.0,alignmentY=0.0,border=,flags=16777673,maximumSize=,minimumSize=,preferredSize=],rootPaneCheckingEnabled=true]" time="0.107"/>
  <testcase classname="test.ApplicationFastFood" name="testUpdateProduct on test.ApplicationFastFood[frame4,23,0,1235x702,invalid,hidden,layout=java.awt.BorderLayout,title=,normal,defaultCloseOperation=EXIT_ON_CLOSE,rootPane=javax.swing.JRootPane[,7,30,1221x665,invalid,layout=javax.swing.JRootPane$RootLayout,alignmentX=0.0,alignmentY=0.0,border=,flags=16777673,maximumSize=,minimumSize=,preferredSize=],rootPaneCheckingEnabled=true]" time="0.108"/>
  <testcase classname="test.ApplicationFastFood" name="testUpdateProduct on test.ApplicationFastFood[frame4,23,0,1235x702,invalid,hidden,layout=java.awt.BorderLayout,title=,normal,defaultCloseOperation=EXIT_ON_CLOSE,rootPane=javax.swing.JRootPane[,7,30,1221x665,invalid,layout=javax.swing.JRootPane$RootLayout,alignmentX=0.0,alignmentY=0.0,border=,flags=16777673,maximumSize=,minimumSize=,preferredSize=],rootPaneCheckingEnabled=true]" time="0.107"/>
  <testcase classname="test.ApplicationFastFood" name="testUpdateProduct on test.ApplicationFastFood[frame4,23,0,1235x702,invalid,hidden,layout=java.awt.BorderLayout,title=,normal,defaultCloseOperation=EXIT_ON_CLOSE,rootPane=javax.swing.JRootPane[,7,30,1221x665,invalid,layout=javax.swing.JRootPane$RootLayout,alignmentX=0.0,alignmentY=0.0,border=,flags=16777673,maximumSize=,minimumSize=,preferredSize=],rootPaneCheckingEnabled=true]" time="0.104"/>
  <testcase classname="test.ApplicationFastFood" name="testUpdateProduct on test.ApplicationFastFood[frame4,23,0,1235x702,invalid,hidden,layout=java.awt.BorderLayout,title=,normal,defaultCloseOperation=EXIT_ON_CLOSE,rootPane=javax.swing.JRootPane[,7,30,1221x665,invalid,layout=javax.swing.JRootPane$RootLayout,alignmentX=0.0,alignmentY=0.0,border=,flags=16777673,maximumSize=,minimumSize=,preferredSize=],rootPaneCheckingEnabled=true]" time="0.104"/>
  <testcase classname="test.ApplicationFastFood" name="testUpdateProduct on test.ApplicationFastFood[frame4,23,0,1235x702,invalid,hidden,layout=java.awt.BorderLayout,title=,normal,defaultCloseOperation=EXIT_ON_CLOSE,rootPane=javax.swing.JRootPane[,7,30,1221x665,invalid,layout=javax.swing.JRootPane$RootLayout,alignmentX=0.0,alignmentY=0.0,border=,flags=16777673,maximumSize=,minimumSize=,preferredSize=],rootPaneCheckingEnabled=true]" time="0.105"/>
  <testcase classname="test.ApplicationFastFood" name="testUpdateProduct on test.ApplicationFastFood[frame4,23,0,1235x702,invalid,hidden,layout=java.awt.BorderLayout,title=,normal,defaultCloseOperation=EXIT_ON_CLOSE,rootPane=javax.swing.JRootPane[,7,30,1221x665,invalid,layout=javax.swing.JRootPane$RootLayout,alignmentX=0.0,alignmentY=0.0,border=,flags=16777673,maximumSize=,minimumSize=,preferredSize=],rootPaneCheckingEnabled=true]" time="0.102"/>
  <testcase classname="test.ApplicationFastFood" name="testUpdateProduct on test.ApplicationFastFood[frame4,23,0,1235x702,invalid,hidden,layout=java.awt.BorderLayout,title=,normal,defaultCloseOperation=EXIT_ON_CLOSE,rootPane=javax.swing.JRootPane[,7,30,1221x665,invalid,layout=javax.swing.JRootPane$RootLayout,alignmentX=0.0,alignmentY=0.0,border=,flags=16777673,maximumSize=,minimumSize=,preferredSize=],rootPaneCheckingEnabled=true]" time="0.102"/>
  <testcase classname="test.ApplicationFastFood" name="testUpdateProduct on test.ApplicationFastFood[frame4,23,0,1235x702,invalid,hidden,layout=java.awt.BorderLayout,title=,normal,defaultCloseOperation=EXIT_ON_CLOSE,rootPane=javax.swing.JRootPane[,7,30,1221x665,invalid,layout=javax.swing.JRootPane$RootLayout,alignmentX=0.0,alignmentY=0.0,border=,flags=16777673,maximumSize=,minimumSize=,preferredSize=],rootPaneCheckingEnabled=true]" time="0.096"/>
  <testcase classname="test.ApplicationFastFood" name="testUpdateProduct on test.ApplicationFastFood[frame4,23,0,1235x702,invalid,hidden,layout=java.awt.BorderLayout,title=,normal,defaultCloseOperation=EXIT_ON_CLOSE,rootPane=javax.swing.JRootPane[,7,30,1221x665,invalid,layout=javax.swing.JRootPane$RootLayout,alignmentX=0.0,alignmentY=0.0,border=,flags=16777673,maximumSize=,minimumSize=,preferredSize=],rootPaneCheckingEnabled=true]" time="0.1"/>
  <testcase classname="test.ApplicationFastFood" name="testUpdateProduct on test.ApplicationFastFood[frame4,23,0,1235x702,invalid,hidden,layout=java.awt.BorderLayout,title=,normal,defaultCloseOperation=EXIT_ON_CLOSE,rootPane=javax.swing.JRootPane[,7,30,1221x665,invalid,layout=javax.swing.JRootPane$RootLayout,alignmentX=0.0,alignmentY=0.0,border=,flags=16777673,maximumSize=,minimumSize=,preferredSize=],rootPaneCheckingEnabled=true]" time="0.107"/>
  <testcase classname="test.ApplicationFastFood" name="testUpdateProduct on test.ApplicationFastFood[frame4,23,0,1235x702,invalid,hidden,layout=java.awt.BorderLayout,title=,normal,defaultCloseOperation=EXIT_ON_CLOSE,rootPane=javax.swing.JRootPane[,7,30,1221x665,invalid,layout=javax.swing.JRootPane$RootLayout,alignmentX=0.0,alignmentY=0.0,border=,flags=16777673,maximumSize=,minimumSize=,preferredSize=],rootPaneCheckingEnabled=true]" time="0.098"/>
  <testcase classname="test.ApplicationFastFood" name="testUpdateProduct on test.ApplicationFastFood[frame4,23,0,1235x702,invalid,hidden,layout=java.awt.BorderLayout,title=,normal,defaultCloseOperation=EXIT_ON_CLOSE,rootPane=javax.swing.JRootPane[,7,30,1221x665,invalid,layout=javax.swing.JRootPane$RootLayout,alignmentX=0.0,alignmentY=0.0,border=,flags=16777673,maximumSize=,minimumSize=,preferredSize=],rootPaneCheckingEnabled=true]" time="0.098"/>
  <testcase classname="test.ApplicationFastFood" name="testUpdateProduct on test.ApplicationFastFood[frame4,23,0,1235x702,invalid,hidden,layout=java.awt.BorderLayout,title=,normal,defaultCloseOperation=EXIT_ON_CLOSE,rootPane=javax.swing.JRootPane[,7,30,1221x665,invalid,layout=javax.swing.JRootPane$RootLayout,alignmentX=0.0,alignmentY=0.0,border=,flags=16777673,maximumSize=,minimumSize=,preferredSize=],rootPaneCheckingEnabled=true]" time="0.101"/>
  <testcase classname="test.ApplicationFastFood" name="testUpdateProduct on test.ApplicationFastFood[frame4,23,0,1235x702,invalid,hidden,layout=java.awt.BorderLayout,title=,normal,defaultCloseOperation=EXIT_ON_CLOSE,rootPane=javax.swing.JRootPane[,7,30,1221x665,invalid,layout=javax.swing.JRootPane$RootLayout,alignmentX=0.0,alignmentY=0.0,border=,flags=16777673,maximumSize=,minimumSize=,preferredSize=],rootPaneCheckingEnabled=true]" time="0.102"/>
  <testcase classname="test.ApplicationFastFood" name="testUpdateProduct on test.ApplicationFastFood[frame4,23,0,1235x702,invalid,hidden,layout=java.awt.BorderLayout,title=,normal,defaultCloseOperation=EXIT_ON_CLOSE,rootPane=javax.swing.JRootPane[,7,30,1221x665,invalid,layout=javax.swing.JRootPane$RootLayout,alignmentX=0.0,alignmentY=0.0,border=,flags=16777673,maximumSize=,minimumSize=,preferredSize=],rootPaneCheckingEnabled=true]" time="0.093"/>
  <testcase classname="test.ApplicationFastFood" name="testUpdateProduct on test.ApplicationFastFood[frame4,23,0,1235x702,invalid,hidden,layout=java.awt.BorderLayout,title=,normal,defaultCloseOperation=EXIT_ON_CLOSE,rootPane=javax.swing.JRootPane[,7,30,1221x665,invalid,layout=javax.swing.JRootPane$RootLayout,alignmentX=0.0,alignmentY=0.0,border=,flags=16777673,maximumSize=,minimumSize=,preferredSize=],rootPaneCheckingEnabled=true]" time="0.1"/>
  <testcase classname="test.ApplicationFastFood" name="testUpdateProduct on test.ApplicationFastFood[frame4,23,0,1235x702,invalid,hidden,layout=java.awt.BorderLayout,title=,normal,defaultCloseOperation=EXIT_ON_CLOSE,rootPane=javax.swing.JRootPane[,7,30,1221x665,invalid,layout=javax.swing.JRootPane$RootLayout,alignmentX=0.0,alignmentY=0.0,border=,flags=16777673,maximumSize=,minimumSize=,preferredSize=],rootPaneCheckingEnabled=true]" time="0.099"/>
  <testcase classname="test.ApplicationFastFood" name="testUpdateProduct on test.ApplicationFastFood[frame4,23,0,1235x702,invalid,hidden,layout=java.awt.BorderLayout,title=,normal,defaultCloseOperation=EXIT_ON_CLOSE,rootPane=javax.swing.JRootPane[,7,30,1221x665,invalid,layout=javax.swing.JRootPane$RootLayout,alignmentX=0.0,alignmentY=0.0,border=,flags=16777673,maximumSize=,minimumSize=,preferredSize=],rootPaneCheckingEnabled=true]" time="0.105"/>
  <testcase classname="test.ApplicationFastFood" name="testUpdateProduct on test.ApplicationFastFood[frame4,23,0,1235x702,invalid,hidden,layout=java.awt.BorderLayout,title=,normal,defaultCloseOperation=EXIT_ON_CLOSE,rootPane=javax.swing.JRootPane[,7,30,1221x665,invalid,layout=javax.swing.JRootPane$RootLayout,alignmentX=0.0,alignmentY=0.0,border=,flags=16777673,maximumSize=,minimumSize=,preferredSize=],rootPaneCheckingEnabled=true]" time="0.117"/>
  <testcase classname="test.ApplicationFastFood" name="testUpdateProduct on test.ApplicationFastFood[frame4,23,0,1235x702,invalid,hidden,layout=java.awt.BorderLayout,title=,normal,defaultCloseOperation=EXIT_ON_CLOSE,rootPane=javax.swing.JRootPane[,7,30,1221x665,invalid,layout=javax.swing.JRootPane$RootLayout,alignmentX=0.0,alignmentY=0.0,border=,flags=16777673,maximumSize=,minimumSize=,preferredSize=],rootPaneCheckingEnabled=true]" time="0.141"/>
  <testcase classname="test.ApplicationFastFood" name="testUpdateProduct on test.ApplicationFastFood[frame4,23,0,1235x702,invalid,hidden,layout=java.awt.BorderLayout,title=,normal,defaultCloseOperation=EXIT_ON_CLOSE,rootPane=javax.swing.JRootPane[,7,30,1221x665,invalid,layout=javax.swing.JRootPane$RootLayout,alignmentX=0.0,alignmentY=0.0,border=,flags=16777673,maximumSize=,minimumSize=,preferredSize=],rootPaneCheckingEnabled=true]" time="0.095"/>
  <testcase classname="test.ApplicationFastFood" name="testUpdateProduct on test.ApplicationFastFood[frame4,23,0,1235x702,invalid,hidden,layout=java.awt.BorderLayout,title=,normal,defaultCloseOperation=EXIT_ON_CLOSE,rootPane=javax.swing.JRootPane[,7,30,1221x665,invalid,layout=javax.swing.JRootPane$RootLayout,alignmentX=0.0,alignmentY=0.0,border=,flags=16777673,maximumSize=,minimumSize=,preferredSize=],rootPaneCheckingEnabled=true]" time="0.096"/>
  <testcase classname="test.ApplicationFastFood" name="testUpdateProduct on test.ApplicationFastFood[frame4,23,0,1235x702,invalid,hidden,layout=java.awt.BorderLayout,title=,normal,defaultCloseOperation=EXIT_ON_CLOSE,rootPane=javax.swing.JRootPane[,7,30,1221x665,invalid,layout=javax.swing.JRootPane$RootLayout,alignmentX=0.0,alignmentY=0.0,border=,flags=16777673,maximumSize=,minimumSize=,preferredSize=],rootPaneCheckingEnabled=true]" time="0.093"/>
  <testcase classname="test.ApplicationFastFood" name="testUpdateProduct on test.ApplicationFastFood[frame4,23,0,1235x702,invalid,hidden,layout=java.awt.BorderLayout,title=,normal,defaultCloseOperation=EXIT_ON_CLOSE,rootPane=javax.swing.JRootPane[,7,30,1221x665,invalid,layout=javax.swing.JRootPane$RootLayout,alignmentX=0.0,alignmentY=0.0,border=,flags=16777673,maximumSize=,minimumSize=,preferredSize=],rootPaneCheckingEnabled=true]" time="0.121"/>
  <testcase classname="test.ApplicationFastFood" name="testUpdateProduct on test.ApplicationFastFood[frame4,23,0,1235x702,invalid,hidden,layout=java.awt.BorderLayout,title=,normal,defaultCloseOperation=EXIT_ON_CLOSE,rootPane=javax.swing.JRootPane[,7,30,1221x665,invalid,layout=javax.swing.JRootPane$RootLayout,alignmentX=0.0,alignmentY=0.0,border=,flags=16777673,maximumSize=,minimumSize=,preferredSize=],rootPaneCheckingEnabled=true]" time="0.106">
    <failure type="java.lang.AssertionError" message="expected [true] but found [false]">
      <![CDATA[java.lang.AssertionError: expected [true] but found [false]
at test.ApplicationFastFood.testUpdateProduct(ApplicationFastFood.java:5938)
at java.base/java.util.ArrayList.forEach(ArrayList.java:1511)
... Removed 31 stack frames]]>
    </failure>
  </testcase> <!-- testUpdateProduct on test.ApplicationFastFood[frame4,23,0,1235x702,invalid,hidden,layout=java.awt.BorderLayout,title=,normal,defaultCloseOperation=EXIT_ON_CLOSE,rootPane=javax.swing.JRootPane[,7,30,1221x665,invalid,layout=javax.swing.JRootPane$RootLayout,alignmentX=0.0,alignmentY=0.0,border=,flags=16777673,maximumSize=,minimumSize=,preferredSize=],rootPaneCheckingEnabled=true] -->
  <testcase classname="test.ApplicationFastFood" name="testUpdateProduct on test.ApplicationFastFood[frame4,23,0,1235x702,invalid,hidden,layout=java.awt.BorderLayout,title=,normal,defaultCloseOperation=EXIT_ON_CLOSE,rootPane=javax.swing.JRootPane[,7,30,1221x665,invalid,layout=javax.swing.JRootPane$RootLayout,alignmentX=0.0,alignmentY=0.0,border=,flags=16777673,maximumSize=,minimumSize=,preferredSize=],rootPaneCheckingEnabled=true]" time="0.105"/>
  <testcase classname="test.ApplicationFastFood" name="testUpdateProduct on test.ApplicationFastFood[frame4,23,0,1235x702,invalid,hidden,layout=java.awt.BorderLayout,title=,normal,defaultCloseOperation=EXIT_ON_CLOSE,rootPane=javax.swing.JRootPane[,7,30,1221x665,invalid,layout=javax.swing.JRootPane$RootLayout,alignmentX=0.0,alignmentY=0.0,border=,flags=16777673,maximumSize=,minimumSize=,preferredSize=],rootPaneCheckingEnabled=true]" time="0.099"/>
  <testcase classname="test.ApplicationFastFood" name="testUpdateProduct on test.ApplicationFastFood[frame4,23,0,1235x702,invalid,hidden,layout=java.awt.BorderLayout,title=,normal,defaultCloseOperation=EXIT_ON_CLOSE,rootPane=javax.swing.JRootPane[,7,30,1221x665,invalid,layout=javax.swing.JRootPane$RootLayout,alignmentX=0.0,alignmentY=0.0,border=,flags=16777673,maximumSize=,minimumSize=,preferredSize=],rootPaneCheckingEnabled=true]" time="0.1"/>
  <testcase classname="test.ApplicationFastFood" name="testUpdateProduct on test.ApplicationFastFood[frame4,23,0,1235x702,invalid,hidden,layout=java.awt.BorderLayout,title=,normal,defaultCloseOperation=EXIT_ON_CLOSE,rootPane=javax.swing.JRootPane[,7,30,1221x665,invalid,layout=javax.swing.JRootPane$RootLayout,alignmentX=0.0,alignmentY=0.0,border=,flags=16777673,maximumSize=,minimumSize=,preferredSize=],rootPaneCheckingEnabled=true]" time="0.108"/>
  <testcase classname="test.ApplicationFastFood" name="testUpdateProduct on test.ApplicationFastFood[frame4,23,0,1235x702,invalid,hidden,layout=java.awt.BorderLayout,title=,normal,defaultCloseOperation=EXIT_ON_CLOSE,rootPane=javax.swing.JRootPane[,7,30,1221x665,invalid,layout=javax.swing.JRootPane$RootLayout,alignmentX=0.0,alignmentY=0.0,border=,flags=16777673,maximumSize=,minimumSize=,preferredSize=],rootPaneCheckingEnabled=true]" time="0.108">
    <failure type="java.lang.AssertionError" message="expected [true] but found [false]">
      <![CDATA[java.lang.AssertionError: expected [true] but found [false]
at test.ApplicationFastFood.testUpdateProduct(ApplicationFastFood.java:5938)
at java.base/java.util.ArrayList.forEach(ArrayList.java:1511)
... Removed 31 stack frames]]>
    </failure>
  </testcase> <!-- testUpdateProduct on test.ApplicationFastFood[frame4,23,0,1235x702,invalid,hidden,layout=java.awt.BorderLayout,title=,normal,defaultCloseOperation=EXIT_ON_CLOSE,rootPane=javax.swing.JRootPane[,7,30,1221x665,invalid,layout=javax.swing.JRootPane$RootLayout,alignmentX=0.0,alignmentY=0.0,border=,flags=16777673,maximumSize=,minimumSize=,preferredSize=],rootPaneCheckingEnabled=true] -->
  <testcase classname="test.ApplicationFastFood" name="testUpdateProduct on test.ApplicationFastFood[frame4,23,0,1235x702,invalid,hidden,layout=java.awt.BorderLayout,title=,normal,defaultCloseOperation=EXIT_ON_CLOSE,rootPane=javax.swing.JRootPane[,7,30,1221x665,invalid,layout=javax.swing.JRootPane$RootLayout,alignmentX=0.0,alignmentY=0.0,border=,flags=16777673,maximumSize=,minimumSize=,preferredSize=],rootPaneCheckingEnabled=true]" time="0.096"/>
  <testcase classname="test.ApplicationFastFood" name="testUpdateProduct on test.ApplicationFastFood[frame4,23,0,1235x702,invalid,hidden,layout=java.awt.BorderLayout,title=,normal,defaultCloseOperation=EXIT_ON_CLOSE,rootPane=javax.swing.JRootPane[,7,30,1221x665,invalid,layout=javax.swing.JRootPane$RootLayout,alignmentX=0.0,alignmentY=0.0,border=,flags=16777673,maximumSize=,minimumSize=,preferredSize=],rootPaneCheckingEnabled=true]" time="0.103"/>
  <testcase classname="test.ApplicationFastFood" name="testUpdateProduct on test.ApplicationFastFood[frame4,23,0,1235x702,invalid,hidden,layout=java.awt.BorderLayout,title=,normal,defaultCloseOperation=EXIT_ON_CLOSE,rootPane=javax.swing.JRootPane[,7,30,1221x665,invalid,layout=javax.swing.JRootPane$RootLayout,alignmentX=0.0,alignmentY=0.0,border=,flags=16777673,maximumSize=,minimumSize=,preferredSize=],rootPaneCheckingEnabled=true]" time="0.106"/>
  <testcase classname="test.ApplicationFastFood" name="testUpdateProduct on test.ApplicationFastFood[frame4,23,0,1235x702,invalid,hidden,layout=java.awt.BorderLayout,title=,normal,defaultCloseOperation=EXIT_ON_CLOSE,rootPane=javax.swing.JRootPane[,7,30,1221x665,invalid,layout=javax.swing.JRootPane$RootLayout,alignmentX=0.0,alignmentY=0.0,border=,flags=16777673,maximumSize=,minimumSize=,preferredSize=],rootPaneCheckingEnabled=true]" time="0.1"/>
  <testcase classname="test.ApplicationFastFood" name="testUpdateProduct on test.ApplicationFastFood[frame4,23,0,1235x702,invalid,hidden,layout=java.awt.BorderLayout,title=,normal,defaultCloseOperation=EXIT_ON_CLOSE,rootPane=javax.swing.JRootPane[,7,30,1221x665,invalid,layout=javax.swing.JRootPane$RootLayout,alignmentX=0.0,alignmentY=0.0,border=,flags=16777673,maximumSize=,minimumSize=,preferredSize=],rootPaneCheckingEnabled=true]" time="0.098"/>
  <testcase classname="test.ApplicationFastFood" name="testUpdateProduct on test.ApplicationFastFood[frame4,23,0,1235x702,invalid,hidden,layout=java.awt.BorderLayout,title=,normal,defaultCloseOperation=EXIT_ON_CLOSE,rootPane=javax.swing.JRootPane[,7,30,1221x665,invalid,layout=javax.swing.JRootPane$RootLayout,alignmentX=0.0,alignmentY=0.0,border=,flags=16777673,maximumSize=,minimumSize=,preferredSize=],rootPaneCheckingEnabled=true]" time="0.1"/>
  <testcase classname="test.ApplicationFastFood" name="testUpdateProduct on test.ApplicationFastFood[frame4,23,0,1235x702,invalid,hidden,layout=java.awt.BorderLayout,title=,normal,defaultCloseOperation=EXIT_ON_CLOSE,rootPane=javax.swing.JRootPane[,7,30,1221x665,invalid,layout=javax.swing.JRootPane$RootLayout,alignmentX=0.0,alignmentY=0.0,border=,flags=16777673,maximumSize=,minimumSize=,preferredSize=],rootPaneCheckingEnabled=true]" time="0.106"/>
  <testcase classname="test.ApplicationFastFood" name="testUpdateProduct on test.ApplicationFastFood[frame4,23,0,1235x702,invalid,hidden,layout=java.awt.BorderLayout,title=,normal,defaultCloseOperation=EXIT_ON_CLOSE,rootPane=javax.swing.JRootPane[,7,30,1221x665,invalid,layout=javax.swing.JRootPane$RootLayout,alignmentX=0.0,alignmentY=0.0,border=,flags=16777673,maximumSize=,minimumSize=,preferredSize=],rootPaneCheckingEnabled=true]" time="0.108"/>
  <testcase classname="test.ApplicationFastFood" name="testUpdateProduct on test.ApplicationFastFood[frame4,23,0,1235x702,invalid,hidden,layout=java.awt.BorderLayout,title=,normal,defaultCloseOperation=EXIT_ON_CLOSE,rootPane=javax.swing.JRootPane[,7,30,1221x665,invalid,layout=javax.swing.JRootPane$RootLayout,alignmentX=0.0,alignmentY=0.0,border=,flags=16777673,maximumSize=,minimumSize=,preferredSize=],rootPaneCheckingEnabled=true]" time="0.108"/>
  <testcase classname="test.ApplicationFastFood" name="testUpdateProduct on test.ApplicationFastFood[frame4,23,0,1235x702,invalid,hidden,layout=java.awt.BorderLayout,title=,normal,defaultCloseOperation=EXIT_ON_CLOSE,rootPane=javax.swing.JRootPane[,7,30,1221x665,invalid,layout=javax.swing.JRootPane$RootLayout,alignmentX=0.0,alignmentY=0.0,border=,flags=16777673,maximumSize=,minimumSize=,preferredSize=],rootPaneCheckingEnabled=true]" time="0.102"/>
  <testcase classname="test.ApplicationFastFood" name="testUpdateProduct on test.ApplicationFastFood[frame4,23,0,1235x702,invalid,hidden,layout=java.awt.BorderLayout,title=,normal,defaultCloseOperation=EXIT_ON_CLOSE,rootPane=javax.swing.JRootPane[,7,30,1221x665,invalid,layout=javax.swing.JRootPane$RootLayout,alignmentX=0.0,alignmentY=0.0,border=,flags=16777673,maximumSize=,minimumSize=,preferredSize=],rootPaneCheckingEnabled=true]" time="0.108"/>
  <testcase classname="test.ApplicationFastFood" name="testUpdateProduct on test.ApplicationFastFood[frame4,23,0,1235x702,invalid,hidden,layout=java.awt.BorderLayout,title=,normal,defaultCloseOperation=EXIT_ON_CLOSE,rootPane=javax.swing.JRootPane[,7,30,1221x665,invalid,layout=javax.swing.JRootPane$RootLayout,alignmentX=0.0,alignmentY=0.0,border=,flags=16777673,maximumSize=,minimumSize=,preferredSize=],rootPaneCheckingEnabled=true]" time="0.105"/>
  <testcase classname="test.ApplicationFastFood" name="testUpdateProduct on test.ApplicationFastFood[frame4,23,0,1235x702,invalid,hidden,layout=java.awt.BorderLayout,title=,normal,defaultCloseOperation=EXIT_ON_CLOSE,rootPane=javax.swing.JRootPane[,7,30,1221x665,invalid,layout=javax.swing.JRootPane$RootLayout,alignmentX=0.0,alignmentY=0.0,border=,flags=16777673,maximumSize=,minimumSize=,preferredSize=],rootPaneCheckingEnabled=true]" time="0.104"/>
  <testcase classname="test.ApplicationFastFood" name="testUpdateProduct on test.ApplicationFastFood[frame4,23,0,1235x702,invalid,hidden,layout=java.awt.BorderLayout,title=,normal,defaultCloseOperation=EXIT_ON_CLOSE,rootPane=javax.swing.JRootPane[,7,30,1221x665,invalid,layout=javax.swing.JRootPane$RootLayout,alignmentX=0.0,alignmentY=0.0,border=,flags=16777673,maximumSize=,minimumSize=,preferredSize=],rootPaneCheckingEnabled=true]" time="0.099"/>
  <testcase classname="test.ApplicationFastFood" name="testUpdateProduct on test.ApplicationFastFood[frame4,23,0,1235x702,invalid,hidden,layout=java.awt.BorderLayout,title=,normal,defaultCloseOperation=EXIT_ON_CLOSE,rootPane=javax.swing.JRootPane[,7,30,1221x665,invalid,layout=javax.swing.JRootPane$RootLayout,alignmentX=0.0,alignmentY=0.0,border=,flags=16777673,maximumSize=,minimumSize=,preferredSize=],rootPaneCheckingEnabled=true]" time="0.097"/>
  <testcase classname="test.ApplicationFastFood" name="testUpdateProduct on test.ApplicationFastFood[frame4,23,0,1235x702,invalid,hidden,layout=java.awt.BorderLayout,title=,normal,defaultCloseOperation=EXIT_ON_CLOSE,rootPane=javax.swing.JRootPane[,7,30,1221x665,invalid,layout=javax.swing.JRootPane$RootLayout,alignmentX=0.0,alignmentY=0.0,border=,flags=16777673,maximumSize=,minimumSize=,preferredSize=],rootPaneCheckingEnabled=true]" time="0.118"/>
  <testcase classname="test.ApplicationFastFood" name="testUpdateProduct on test.ApplicationFastFood[frame4,23,0,1235x702,invalid,hidden,layout=java.awt.BorderLayout,title=,normal,defaultCloseOperation=EXIT_ON_CLOSE,rootPane=javax.swing.JRootPane[,7,30,1221x665,invalid,layout=javax.swing.JRootPane$RootLayout,alignmentX=0.0,alignmentY=0.0,border=,flags=16777673,maximumSize=,minimumSize=,preferredSize=],rootPaneCheckingEnabled=true]" time="0.127"/>
  <testcase classname="test.ApplicationFastFood" name="testUpdateProduct on test.ApplicationFastFood[frame4,23,0,1235x702,invalid,hidden,layout=java.awt.BorderLayout,title=,normal,defaultCloseOperation=EXIT_ON_CLOSE,rootPane=javax.swing.JRootPane[,7,30,1221x665,invalid,layout=javax.swing.JRootPane$RootLayout,alignmentX=0.0,alignmentY=0.0,border=,flags=16777673,maximumSize=,minimumSize=,preferredSize=],rootPaneCheckingEnabled=true]" time="0.105"/>
  <testcase classname="test.ApplicationFastFood" name="testUpdateProduct on test.ApplicationFastFood[frame4,23,0,1235x702,invalid,hidden,layout=java.awt.BorderLayout,title=,normal,defaultCloseOperation=EXIT_ON_CLOSE,rootPane=javax.swing.JRootPane[,7,30,1221x665,invalid,layout=javax.swing.JRootPane$RootLayout,alignmentX=0.0,alignmentY=0.0,border=,flags=16777673,maximumSize=,minimumSize=,preferredSize=],rootPaneCheckingEnabled=true]" time="0.102"/>
  <testcase classname="test.ApplicationFastFood" name="testUpdateProduct on test.ApplicationFastFood[frame4,23,0,1235x702,invalid,hidden,layout=java.awt.BorderLayout,title=,normal,defaultCloseOperation=EXIT_ON_CLOSE,rootPane=javax.swing.JRootPane[,7,30,1221x665,invalid,layout=javax.swing.JRootPane$RootLayout,alignmentX=0.0,alignmentY=0.0,border=,flags=16777673,maximumSize=,minimumSize=,preferredSize=],rootPaneCheckingEnabled=true]" time="0.102"/>
  <testcase classname="test.ApplicationFastFood" name="testUpdateProduct on test.ApplicationFastFood[frame4,23,0,1235x702,invalid,hidden,layout=java.awt.BorderLayout,title=,normal,defaultCloseOperation=EXIT_ON_CLOSE,rootPane=javax.swing.JRootPane[,7,30,1221x665,invalid,layout=javax.swing.JRootPane$RootLayout,alignmentX=0.0,alignmentY=0.0,border=,flags=16777673,maximumSize=,minimumSize=,preferredSize=],rootPaneCheckingEnabled=true]" time="0.099"/>
  <testcase classname="test.ApplicationFastFood" name="testUpdateProduct on test.ApplicationFastFood[frame4,23,0,1235x702,invalid,hidden,layout=java.awt.BorderLayout,title=,normal,defaultCloseOperation=EXIT_ON_CLOSE,rootPane=javax.swing.JRootPane[,7,30,1221x665,invalid,layout=javax.swing.JRootPane$RootLayout,alignmentX=0.0,alignmentY=0.0,border=,flags=16777673,maximumSize=,minimumSize=,preferredSize=],rootPaneCheckingEnabled=true]" time="0.104"/>
  <testcase classname="test.ApplicationFastFood" name="testUpdateProduct on test.ApplicationFastFood[frame4,23,0,1235x702,invalid,hidden,layout=java.awt.BorderLayout,title=,normal,defaultCloseOperation=EXIT_ON_CLOSE,rootPane=javax.swing.JRootPane[,7,30,1221x665,invalid,layout=javax.swing.JRootPane$RootLayout,alignmentX=0.0,alignmentY=0.0,border=,flags=16777673,maximumSize=,minimumSize=,preferredSize=],rootPaneCheckingEnabled=true]" time="0.101"/>
  <testcase classname="test.ApplicationFastFood" name="testUpdateProduct on test.ApplicationFastFood[frame4,23,0,1235x702,invalid,hidden,layout=java.awt.BorderLayout,title=,normal,defaultCloseOperation=EXIT_ON_CLOSE,rootPane=javax.swing.JRootPane[,7,30,1221x665,invalid,layout=javax.swing.JRootPane$RootLayout,alignmentX=0.0,alignmentY=0.0,border=,flags=16777673,maximumSize=,minimumSize=,preferredSize=],rootPaneCheckingEnabled=true]" time="0.101"/>
  <testcase classname="test.ApplicationFastFood" name="testUpdateProduct on test.ApplicationFastFood[frame4,23,0,1235x702,invalid,hidden,layout=java.awt.BorderLayout,title=,normal,defaultCloseOperation=EXIT_ON_CLOSE,rootPane=javax.swing.JRootPane[,7,30,1221x665,invalid,layout=javax.swing.JRootPane$RootLayout,alignmentX=0.0,alignmentY=0.0,border=,flags=16777673,maximumSize=,minimumSize=,preferredSize=],rootPaneCheckingEnabled=true]" time="0.266"/>
  <testcase classname="test.ApplicationFastFood" name="testLogin" time="0.0">
    <ignored/>
  </testcase> <!-- testLogin -->
  <testcase classname="test.ApplicationFastFood" name="testChangePass" time="0.0">
    <ignored/>
  </testcase> <!-- testChangePass -->
  <testcase classname="test.ApplicationFastFood" name="testUpdateInformation" time="0.0">
    <ignored/>
  </testcase> <!-- testUpdateInformation -->
  <testcase classname="test.ApplicationFastFood" name="testRegister" time="0.0">
    <ignored/>
  </testcase> <!-- testRegister -->
  <testcase classname="test.ApplicationFastFood" name="testInsertProduct" time="0.0">
    <ignored/>
  </testcase> <!-- testInsertProduct -->
</testsuite> <!-- insertproduct -->
