<?xml version="1.0" encoding="UTF-8"?>
<!-- Generated by org.testng.reporters.JUnitXMLReporter -->
<testsuite ignored="5" hostname="CUONGDUY" failures="2" tests="102" name="insertproduct" time="23.167" errors="0" timestamp="2023-04-10T10:40:44 ICT">
  <testcase classname="test.ApplicationFastFood" name="testUpdateProduct on test.ApplicationFastFood[frame4,23,0,1235x702,invalid,hidden,layout=java.awt.BorderLayout,title=,normal,defaultCloseOperation=EXIT_ON_CLOSE,rootPane=javax.swing.JRootPane[,7,30,1221x665,invalid,layout=javax.swing.JRootPane$RootLayout,alignmentX=0.0,alignmentY=0.0,border=,flags=16777673,maximumSize=,minimumSize=,preferredSize=],rootPaneCheckingEnabled=true]" time="0.271"/>
  <testcase classname="test.ApplicationFastFood" name="testUpdateProduct on test.ApplicationFastFood[frame4,23,0,1235x702,invalid,hidden,layout=java.awt.BorderLayout,title=,normal,defaultCloseOperation=EXIT_ON_CLOSE,rootPane=javax.swing.JRootPane[,7,30,1221x665,invalid,layout=javax.swing.JRootPane$RootLayout,alignmentX=0.0,alignmentY=0.0,border=,flags=16777673,maximumSize=,minimumSize=,preferredSize=],rootPaneCheckingEnabled=true]" time="0.246"/>
  <testcase classname="test.ApplicationFastFood" name="testUpdateProduct on test.ApplicationFastFood[frame4,23,0,1235x702,invalid,hidden,layout=java.awt.BorderLayout,title=,normal,defaultCloseOperation=EXIT_ON_CLOSE,rootPane=javax.swing.JRootPane[,7,30,1221x665,invalid,layout=javax.swing.JRootPane$RootLayout,alignmentX=0.0,alignmentY=0.0,border=,flags=16777673,maximumSize=,minimumSize=,preferredSize=],rootPaneCheckingEnabled=true]" time="0.21"/>
  <testcase classname="test.ApplicationFastFood" name="testUpdateProduct on test.ApplicationFastFood[frame4,23,0,1235x702,invalid,hidden,layout=java.awt.BorderLayout,title=,normal,defaultCloseOperation=EXIT_ON_CLOSE,rootPane=javax.swing.JRootPane[,7,30,1221x665,invalid,layout=javax.swing.JRootPane$RootLayout,alignmentX=0.0,alignmentY=0.0,border=,flags=16777673,maximumSize=,minimumSize=,preferredSize=],rootPaneCheckingEnabled=true]" time="0.202"/>
  <testcase classname="test.ApplicationFastFood" name="testUpdateProduct on test.ApplicationFastFood[frame4,23,0,1235x702,invalid,hidden,layout=java.awt.BorderLayout,title=,normal,defaultCloseOperation=EXIT_ON_CLOSE,rootPane=javax.swing.JRootPane[,7,30,1221x665,invalid,layout=javax.swing.JRootPane$RootLayout,alignmentX=0.0,alignmentY=0.0,border=,flags=16777673,maximumSize=,minimumSize=,preferredSize=],rootPaneCheckingEnabled=true]" time="0.201"/>
  <testcase classname="test.ApplicationFastFood" name="testUpdateProduct on test.ApplicationFastFood[frame4,23,0,1235x702,invalid,hidden,layout=java.awt.BorderLayout,title=,normal,defaultCloseOperation=EXIT_ON_CLOSE,rootPane=javax.swing.JRootPane[,7,30,1221x665,invalid,layout=javax.swing.JRootPane$RootLayout,alignmentX=0.0,alignmentY=0.0,border=,flags=16777673,maximumSize=,minimumSize=,preferredSize=],rootPaneCheckingEnabled=true]" time="0.199"/>
  <testcase classname="test.ApplicationFastFood" name="testUpdateProduct on test.ApplicationFastFood[frame4,23,0,1235x702,invalid,hidden,layout=java.awt.BorderLayout,title=,normal,defaultCloseOperation=EXIT_ON_CLOSE,rootPane=javax.swing.JRootPane[,7,30,1221x665,invalid,layout=javax.swing.JRootPane$RootLayout,alignmentX=0.0,alignmentY=0.0,border=,flags=16777673,maximumSize=,minimumSize=,preferredSize=],rootPaneCheckingEnabled=true]" time="0.201"/>
  <testcase classname="test.ApplicationFastFood" name="testUpdateProduct on test.ApplicationFastFood[frame4,23,0,1235x702,invalid,hidden,layout=java.awt.BorderLayout,title=,normal,defaultCloseOperation=EXIT_ON_CLOSE,rootPane=javax.swing.JRootPane[,7,30,1221x665,invalid,layout=javax.swing.JRootPane$RootLayout,alignmentX=0.0,alignmentY=0.0,border=,flags=16777673,maximumSize=,minimumSize=,preferredSize=],rootPaneCheckingEnabled=true]" time="0.188"/>
  <testcase classname="test.ApplicationFastFood" name="testUpdateProduct on test.ApplicationFastFood[frame4,23,0,1235x702,invalid,hidden,layout=java.awt.BorderLayout,title=,normal,defaultCloseOperation=EXIT_ON_CLOSE,rootPane=javax.swing.JRootPane[,7,30,1221x665,invalid,layout=javax.swing.JRootPane$RootLayout,alignmentX=0.0,alignmentY=0.0,border=,flags=16777673,maximumSize=,minimumSize=,preferredSize=],rootPaneCheckingEnabled=true]" time="0.183"/>
  <testcase classname="test.ApplicationFastFood" name="testUpdateProduct on test.ApplicationFastFood[frame4,23,0,1235x702,invalid,hidden,layout=java.awt.BorderLayout,title=,normal,defaultCloseOperation=EXIT_ON_CLOSE,rootPane=javax.swing.JRootPane[,7,30,1221x665,invalid,layout=javax.swing.JRootPane$RootLayout,alignmentX=0.0,alignmentY=0.0,border=,flags=16777673,maximumSize=,minimumSize=,preferredSize=],rootPaneCheckingEnabled=true]" time="0.402"/>
  <testcase classname="test.ApplicationFastFood" name="testUpdateProduct on test.ApplicationFastFood[frame4,23,0,1235x702,invalid,hidden,layout=java.awt.BorderLayout,title=,normal,defaultCloseOperation=EXIT_ON_CLOSE,rootPane=javax.swing.JRootPane[,7,30,1221x665,invalid,layout=javax.swing.JRootPane$RootLayout,alignmentX=0.0,alignmentY=0.0,border=,flags=16777673,maximumSize=,minimumSize=,preferredSize=],rootPaneCheckingEnabled=true]" time="0.42"/>
  <testcase classname="test.ApplicationFastFood" name="testUpdateProduct on test.ApplicationFastFood[frame4,23,0,1235x702,invalid,hidden,layout=java.awt.BorderLayout,title=,normal,defaultCloseOperation=EXIT_ON_CLOSE,rootPane=javax.swing.JRootPane[,7,30,1221x665,invalid,layout=javax.swing.JRootPane$RootLayout,alignmentX=0.0,alignmentY=0.0,border=,flags=16777673,maximumSize=,minimumSize=,preferredSize=],rootPaneCheckingEnabled=true]" time="0.202"/>
  <testcase classname="test.ApplicationFastFood" name="testUpdateProduct on test.ApplicationFastFood[frame4,23,0,1235x702,invalid,hidden,layout=java.awt.BorderLayout,title=,normal,defaultCloseOperation=EXIT_ON_CLOSE,rootPane=javax.swing.JRootPane[,7,30,1221x665,invalid,layout=javax.swing.JRootPane$RootLayout,alignmentX=0.0,alignmentY=0.0,border=,flags=16777673,maximumSize=,minimumSize=,preferredSize=],rootPaneCheckingEnabled=true]" time="0.235"/>
  <testcase classname="test.ApplicationFastFood" name="testUpdateProduct on test.ApplicationFastFood[frame4,23,0,1235x702,invalid,hidden,layout=java.awt.BorderLayout,title=,normal,defaultCloseOperation=EXIT_ON_CLOSE,rootPane=javax.swing.JRootPane[,7,30,1221x665,invalid,layout=javax.swing.JRootPane$RootLayout,alignmentX=0.0,alignmentY=0.0,border=,flags=16777673,maximumSize=,minimumSize=,preferredSize=],rootPaneCheckingEnabled=true]" time="0.217"/>
  <testcase classname="test.ApplicationFastFood" name="testUpdateProduct on test.ApplicationFastFood[frame4,23,0,1235x702,invalid,hidden,layout=java.awt.BorderLayout,title=,normal,defaultCloseOperation=EXIT_ON_CLOSE,rootPane=javax.swing.JRootPane[,7,30,1221x665,invalid,layout=javax.swing.JRootPane$RootLayout,alignmentX=0.0,alignmentY=0.0,border=,flags=16777673,maximumSize=,minimumSize=,preferredSize=],rootPaneCheckingEnabled=true]" time="0.201"/>
  <testcase classname="test.ApplicationFastFood" name="testUpdateProduct on test.ApplicationFastFood[frame4,23,0,1235x702,invalid,hidden,layout=java.awt.BorderLayout,title=,normal,defaultCloseOperation=EXIT_ON_CLOSE,rootPane=javax.swing.JRootPane[,7,30,1221x665,invalid,layout=javax.swing.JRootPane$RootLayout,alignmentX=0.0,alignmentY=0.0,border=,flags=16777673,maximumSize=,minimumSize=,preferredSize=],rootPaneCheckingEnabled=true]" time="0.206"/>
  <testcase classname="test.ApplicationFastFood" name="testUpdateProduct on test.ApplicationFastFood[frame4,23,0,1235x702,invalid,hidden,layout=java.awt.BorderLayout,title=,normal,defaultCloseOperation=EXIT_ON_CLOSE,rootPane=javax.swing.JRootPane[,7,30,1221x665,invalid,layout=javax.swing.JRootPane$RootLayout,alignmentX=0.0,alignmentY=0.0,border=,flags=16777673,maximumSize=,minimumSize=,preferredSize=],rootPaneCheckingEnabled=true]" time="0.206"/>
  <testcase classname="test.ApplicationFastFood" name="testUpdateProduct on test.ApplicationFastFood[frame4,23,0,1235x702,invalid,hidden,layout=java.awt.BorderLayout,title=,normal,defaultCloseOperation=EXIT_ON_CLOSE,rootPane=javax.swing.JRootPane[,7,30,1221x665,invalid,layout=javax.swing.JRootPane$RootLayout,alignmentX=0.0,alignmentY=0.0,border=,flags=16777673,maximumSize=,minimumSize=,preferredSize=],rootPaneCheckingEnabled=true]" time="0.222"/>
  <testcase classname="test.ApplicationFastFood" name="testUpdateProduct on test.ApplicationFastFood[frame4,23,0,1235x702,invalid,hidden,layout=java.awt.BorderLayout,title=,normal,defaultCloseOperation=EXIT_ON_CLOSE,rootPane=javax.swing.JRootPane[,7,30,1221x665,invalid,layout=javax.swing.JRootPane$RootLayout,alignmentX=0.0,alignmentY=0.0,border=,flags=16777673,maximumSize=,minimumSize=,preferredSize=],rootPaneCheckingEnabled=true]" time="0.222"/>
  <testcase classname="test.ApplicationFastFood" name="testUpdateProduct on test.ApplicationFastFood[frame4,23,0,1235x702,invalid,hidden,layout=java.awt.BorderLayout,title=,normal,defaultCloseOperation=EXIT_ON_CLOSE,rootPane=javax.swing.JRootPane[,7,30,1221x665,invalid,layout=javax.swing.JRootPane$RootLayout,alignmentX=0.0,alignmentY=0.0,border=,flags=16777673,maximumSize=,minimumSize=,preferredSize=],rootPaneCheckingEnabled=true]" time="0.222"/>
  <testcase classname="test.ApplicationFastFood" name="testUpdateProduct on test.ApplicationFastFood[frame4,23,0,1235x702,invalid,hidden,layout=java.awt.BorderLayout,title=,normal,defaultCloseOperation=EXIT_ON_CLOSE,rootPane=javax.swing.JRootPane[,7,30,1221x665,invalid,layout=javax.swing.JRootPane$RootLayout,alignmentX=0.0,alignmentY=0.0,border=,flags=16777673,maximumSize=,minimumSize=,preferredSize=],rootPaneCheckingEnabled=true]" time="0.207"/>
  <testcase classname="test.ApplicationFastFood" name="testUpdateProduct on test.ApplicationFastFood[frame4,23,0,1235x702,invalid,hidden,layout=java.awt.BorderLayout,title=,normal,defaultCloseOperation=EXIT_ON_CLOSE,rootPane=javax.swing.JRootPane[,7,30,1221x665,invalid,layout=javax.swing.JRootPane$RootLayout,alignmentX=0.0,alignmentY=0.0,border=,flags=16777673,maximumSize=,minimumSize=,preferredSize=],rootPaneCheckingEnabled=true]" time="0.238"/>
  <testcase classname="test.ApplicationFastFood" name="testUpdateProduct on test.ApplicationFastFood[frame4,23,0,1235x702,invalid,hidden,layout=java.awt.BorderLayout,title=,normal,defaultCloseOperation=EXIT_ON_CLOSE,rootPane=javax.swing.JRootPane[,7,30,1221x665,invalid,layout=javax.swing.JRootPane$RootLayout,alignmentX=0.0,alignmentY=0.0,border=,flags=16777673,maximumSize=,minimumSize=,preferredSize=],rootPaneCheckingEnabled=true]" time="0.206"/>
  <testcase classname="test.ApplicationFastFood" name="testUpdateProduct on test.ApplicationFastFood[frame4,23,0,1235x702,invalid,hidden,layout=java.awt.BorderLayout,title=,normal,defaultCloseOperation=EXIT_ON_CLOSE,rootPane=javax.swing.JRootPane[,7,30,1221x665,invalid,layout=javax.swing.JRootPane$RootLayout,alignmentX=0.0,alignmentY=0.0,border=,flags=16777673,maximumSize=,minimumSize=,preferredSize=],rootPaneCheckingEnabled=true]" time="0.206"/>
  <testcase classname="test.ApplicationFastFood" name="testUpdateProduct on test.ApplicationFastFood[frame4,23,0,1235x702,invalid,hidden,layout=java.awt.BorderLayout,title=,normal,defaultCloseOperation=EXIT_ON_CLOSE,rootPane=javax.swing.JRootPane[,7,30,1221x665,invalid,layout=javax.swing.JRootPane$RootLayout,alignmentX=0.0,alignmentY=0.0,border=,flags=16777673,maximumSize=,minimumSize=,preferredSize=],rootPaneCheckingEnabled=true]" time="0.206"/>
  <testcase classname="test.ApplicationFastFood" name="testUpdateProduct on test.ApplicationFastFood[frame4,23,0,1235x702,invalid,hidden,layout=java.awt.BorderLayout,title=,normal,defaultCloseOperation=EXIT_ON_CLOSE,rootPane=javax.swing.JRootPane[,7,30,1221x665,invalid,layout=javax.swing.JRootPane$RootLayout,alignmentX=0.0,alignmentY=0.0,border=,flags=16777673,maximumSize=,minimumSize=,preferredSize=],rootPaneCheckingEnabled=true]" time="0.205"/>
  <testcase classname="test.ApplicationFastFood" name="testUpdateProduct on test.ApplicationFastFood[frame4,23,0,1235x702,invalid,hidden,layout=java.awt.BorderLayout,title=,normal,defaultCloseOperation=EXIT_ON_CLOSE,rootPane=javax.swing.JRootPane[,7,30,1221x665,invalid,layout=javax.swing.JRootPane$RootLayout,alignmentX=0.0,alignmentY=0.0,border=,flags=16777673,maximumSize=,minimumSize=,preferredSize=],rootPaneCheckingEnabled=true]" time="0.206"/>
  <testcase classname="test.ApplicationFastFood" name="testUpdateProduct on test.ApplicationFastFood[frame4,23,0,1235x702,invalid,hidden,layout=java.awt.BorderLayout,title=,normal,defaultCloseOperation=EXIT_ON_CLOSE,rootPane=javax.swing.JRootPane[,7,30,1221x665,invalid,layout=javax.swing.JRootPane$RootLayout,alignmentX=0.0,alignmentY=0.0,border=,flags=16777673,maximumSize=,minimumSize=,preferredSize=],rootPaneCheckingEnabled=true]" time="0.222"/>
  <testcase classname="test.ApplicationFastFood" name="testUpdateProduct on test.ApplicationFastFood[frame4,23,0,1235x702,invalid,hidden,layout=java.awt.BorderLayout,title=,normal,defaultCloseOperation=EXIT_ON_CLOSE,rootPane=javax.swing.JRootPane[,7,30,1221x665,invalid,layout=javax.swing.JRootPane$RootLayout,alignmentX=0.0,alignmentY=0.0,border=,flags=16777673,maximumSize=,minimumSize=,preferredSize=],rootPaneCheckingEnabled=true]" time="0.222"/>
  <testcase classname="test.ApplicationFastFood" name="testUpdateProduct on test.ApplicationFastFood[frame4,23,0,1235x702,invalid,hidden,layout=java.awt.BorderLayout,title=,normal,defaultCloseOperation=EXIT_ON_CLOSE,rootPane=javax.swing.JRootPane[,7,30,1221x665,invalid,layout=javax.swing.JRootPane$RootLayout,alignmentX=0.0,alignmentY=0.0,border=,flags=16777673,maximumSize=,minimumSize=,preferredSize=],rootPaneCheckingEnabled=true]" time="0.19"/>
  <testcase classname="test.ApplicationFastFood" name="testUpdateProduct on test.ApplicationFastFood[frame4,23,0,1235x702,invalid,hidden,layout=java.awt.BorderLayout,title=,normal,defaultCloseOperation=EXIT_ON_CLOSE,rootPane=javax.swing.JRootPane[,7,30,1221x665,invalid,layout=javax.swing.JRootPane$RootLayout,alignmentX=0.0,alignmentY=0.0,border=,flags=16777673,maximumSize=,minimumSize=,preferredSize=],rootPaneCheckingEnabled=true]" time="0.285"/>
  <testcase classname="test.ApplicationFastFood" name="testUpdateProduct on test.ApplicationFastFood[frame4,23,0,1235x702,invalid,hidden,layout=java.awt.BorderLayout,title=,normal,defaultCloseOperation=EXIT_ON_CLOSE,rootPane=javax.swing.JRootPane[,7,30,1221x665,invalid,layout=javax.swing.JRootPane$RootLayout,alignmentX=0.0,alignmentY=0.0,border=,flags=16777673,maximumSize=,minimumSize=,preferredSize=],rootPaneCheckingEnabled=true]" time="0.239"/>
  <testcase classname="test.ApplicationFastFood" name="testUpdateProduct on test.ApplicationFastFood[frame4,23,0,1235x702,invalid,hidden,layout=java.awt.BorderLayout,title=,normal,defaultCloseOperation=EXIT_ON_CLOSE,rootPane=javax.swing.JRootPane[,7,30,1221x665,invalid,layout=javax.swing.JRootPane$RootLayout,alignmentX=0.0,alignmentY=0.0,border=,flags=16777673,maximumSize=,minimumSize=,preferredSize=],rootPaneCheckingEnabled=true]" time="0.206"/>
  <testcase classname="test.ApplicationFastFood" name="testUpdateProduct on test.ApplicationFastFood[frame4,23,0,1235x702,invalid,hidden,layout=java.awt.BorderLayout,title=,normal,defaultCloseOperation=EXIT_ON_CLOSE,rootPane=javax.swing.JRootPane[,7,30,1221x665,invalid,layout=javax.swing.JRootPane$RootLayout,alignmentX=0.0,alignmentY=0.0,border=,flags=16777673,maximumSize=,minimumSize=,preferredSize=],rootPaneCheckingEnabled=true]" time="0.206"/>
  <testcase classname="test.ApplicationFastFood" name="testUpdateProduct on test.ApplicationFastFood[frame4,23,0,1235x702,invalid,hidden,layout=java.awt.BorderLayout,title=,normal,defaultCloseOperation=EXIT_ON_CLOSE,rootPane=javax.swing.JRootPane[,7,30,1221x665,invalid,layout=javax.swing.JRootPane$RootLayout,alignmentX=0.0,alignmentY=0.0,border=,flags=16777673,maximumSize=,minimumSize=,preferredSize=],rootPaneCheckingEnabled=true]" time="0.207"/>
  <testcase classname="test.ApplicationFastFood" name="testUpdateProduct on test.ApplicationFastFood[frame4,23,0,1235x702,invalid,hidden,layout=java.awt.BorderLayout,title=,normal,defaultCloseOperation=EXIT_ON_CLOSE,rootPane=javax.swing.JRootPane[,7,30,1221x665,invalid,layout=javax.swing.JRootPane$RootLayout,alignmentX=0.0,alignmentY=0.0,border=,flags=16777673,maximumSize=,minimumSize=,preferredSize=],rootPaneCheckingEnabled=true]" time="0.205"/>
  <testcase classname="test.ApplicationFastFood" name="testUpdateProduct on test.ApplicationFastFood[frame4,23,0,1235x702,invalid,hidden,layout=java.awt.BorderLayout,title=,normal,defaultCloseOperation=EXIT_ON_CLOSE,rootPane=javax.swing.JRootPane[,7,30,1221x665,invalid,layout=javax.swing.JRootPane$RootLayout,alignmentX=0.0,alignmentY=0.0,border=,flags=16777673,maximumSize=,minimumSize=,preferredSize=],rootPaneCheckingEnabled=true]" time="0.19"/>
  <testcase classname="test.ApplicationFastFood" name="testUpdateProduct on test.ApplicationFastFood[frame4,23,0,1235x702,invalid,hidden,layout=java.awt.BorderLayout,title=,normal,defaultCloseOperation=EXIT_ON_CLOSE,rootPane=javax.swing.JRootPane[,7,30,1221x665,invalid,layout=javax.swing.JRootPane$RootLayout,alignmentX=0.0,alignmentY=0.0,border=,flags=16777673,maximumSize=,minimumSize=,preferredSize=],rootPaneCheckingEnabled=true]" time="0.205"/>
  <testcase classname="test.ApplicationFastFood" name="testUpdateProduct on test.ApplicationFastFood[frame4,23,0,1235x702,invalid,hidden,layout=java.awt.BorderLayout,title=,normal,defaultCloseOperation=EXIT_ON_CLOSE,rootPane=javax.swing.JRootPane[,7,30,1221x665,invalid,layout=javax.swing.JRootPane$RootLayout,alignmentX=0.0,alignmentY=0.0,border=,flags=16777673,maximumSize=,minimumSize=,preferredSize=],rootPaneCheckingEnabled=true]" time="0.207"/>
  <testcase classname="test.ApplicationFastFood" name="testUpdateProduct on test.ApplicationFastFood[frame4,23,0,1235x702,invalid,hidden,layout=java.awt.BorderLayout,title=,normal,defaultCloseOperation=EXIT_ON_CLOSE,rootPane=javax.swing.JRootPane[,7,30,1221x665,invalid,layout=javax.swing.JRootPane$RootLayout,alignmentX=0.0,alignmentY=0.0,border=,flags=16777673,maximumSize=,minimumSize=,preferredSize=],rootPaneCheckingEnabled=true]" time="0.223"/>
  <testcase classname="test.ApplicationFastFood" name="testUpdateProduct on test.ApplicationFastFood[frame4,23,0,1235x702,invalid,hidden,layout=java.awt.BorderLayout,title=,normal,defaultCloseOperation=EXIT_ON_CLOSE,rootPane=javax.swing.JRootPane[,7,30,1221x665,invalid,layout=javax.swing.JRootPane$RootLayout,alignmentX=0.0,alignmentY=0.0,border=,flags=16777673,maximumSize=,minimumSize=,preferredSize=],rootPaneCheckingEnabled=true]" time="0.208"/>
  <testcase classname="test.ApplicationFastFood" name="testUpdateProduct on test.ApplicationFastFood[frame4,23,0,1235x702,invalid,hidden,layout=java.awt.BorderLayout,title=,normal,defaultCloseOperation=EXIT_ON_CLOSE,rootPane=javax.swing.JRootPane[,7,30,1221x665,invalid,layout=javax.swing.JRootPane$RootLayout,alignmentX=0.0,alignmentY=0.0,border=,flags=16777673,maximumSize=,minimumSize=,preferredSize=],rootPaneCheckingEnabled=true]" time="0.206"/>
  <testcase classname="test.ApplicationFastFood" name="testUpdateProduct on test.ApplicationFastFood[frame4,23,0,1235x702,invalid,hidden,layout=java.awt.BorderLayout,title=,normal,defaultCloseOperation=EXIT_ON_CLOSE,rootPane=javax.swing.JRootPane[,7,30,1221x665,invalid,layout=javax.swing.JRootPane$RootLayout,alignmentX=0.0,alignmentY=0.0,border=,flags=16777673,maximumSize=,minimumSize=,preferredSize=],rootPaneCheckingEnabled=true]" time="0.207"/>
  <testcase classname="test.ApplicationFastFood" name="testUpdateProduct on test.ApplicationFastFood[frame4,23,0,1235x702,invalid,hidden,layout=java.awt.BorderLayout,title=,normal,defaultCloseOperation=EXIT_ON_CLOSE,rootPane=javax.swing.JRootPane[,7,30,1221x665,invalid,layout=javax.swing.JRootPane$RootLayout,alignmentX=0.0,alignmentY=0.0,border=,flags=16777673,maximumSize=,minimumSize=,preferredSize=],rootPaneCheckingEnabled=true]" time="0.19"/>
  <testcase classname="test.ApplicationFastFood" name="testUpdateProduct on test.ApplicationFastFood[frame4,23,0,1235x702,invalid,hidden,layout=java.awt.BorderLayout,title=,normal,defaultCloseOperation=EXIT_ON_CLOSE,rootPane=javax.swing.JRootPane[,7,30,1221x665,invalid,layout=javax.swing.JRootPane$RootLayout,alignmentX=0.0,alignmentY=0.0,border=,flags=16777673,maximumSize=,minimumSize=,preferredSize=],rootPaneCheckingEnabled=true]" time="0.191"/>
  <testcase classname="test.ApplicationFastFood" name="testUpdateProduct on test.ApplicationFastFood[frame4,23,0,1235x702,invalid,hidden,layout=java.awt.BorderLayout,title=,normal,defaultCloseOperation=EXIT_ON_CLOSE,rootPane=javax.swing.JRootPane[,7,30,1221x665,invalid,layout=javax.swing.JRootPane$RootLayout,alignmentX=0.0,alignmentY=0.0,border=,flags=16777673,maximumSize=,minimumSize=,preferredSize=],rootPaneCheckingEnabled=true]" time="0.206"/>
  <testcase classname="test.ApplicationFastFood" name="testUpdateProduct on test.ApplicationFastFood[frame4,23,0,1235x702,invalid,hidden,layout=java.awt.BorderLayout,title=,normal,defaultCloseOperation=EXIT_ON_CLOSE,rootPane=javax.swing.JRootPane[,7,30,1221x665,invalid,layout=javax.swing.JRootPane$RootLayout,alignmentX=0.0,alignmentY=0.0,border=,flags=16777673,maximumSize=,minimumSize=,preferredSize=],rootPaneCheckingEnabled=true]" time="0.207"/>
  <testcase classname="test.ApplicationFastFood" name="testUpdateProduct on test.ApplicationFastFood[frame4,23,0,1235x702,invalid,hidden,layout=java.awt.BorderLayout,title=,normal,defaultCloseOperation=EXIT_ON_CLOSE,rootPane=javax.swing.JRootPane[,7,30,1221x665,invalid,layout=javax.swing.JRootPane$RootLayout,alignmentX=0.0,alignmentY=0.0,border=,flags=16777673,maximumSize=,minimumSize=,preferredSize=],rootPaneCheckingEnabled=true]" time="0.222"/>
  <testcase classname="test.ApplicationFastFood" name="testUpdateProduct on test.ApplicationFastFood[frame4,23,0,1235x702,invalid,hidden,layout=java.awt.BorderLayout,title=,normal,defaultCloseOperation=EXIT_ON_CLOSE,rootPane=javax.swing.JRootPane[,7,30,1221x665,invalid,layout=javax.swing.JRootPane$RootLayout,alignmentX=0.0,alignmentY=0.0,border=,flags=16777673,maximumSize=,minimumSize=,preferredSize=],rootPaneCheckingEnabled=true]" time="0.238"/>
  <testcase classname="test.ApplicationFastFood" name="testUpdateProduct on test.ApplicationFastFood[frame4,23,0,1235x702,invalid,hidden,layout=java.awt.BorderLayout,title=,normal,defaultCloseOperation=EXIT_ON_CLOSE,rootPane=javax.swing.JRootPane[,7,30,1221x665,invalid,layout=javax.swing.JRootPane$RootLayout,alignmentX=0.0,alignmentY=0.0,border=,flags=16777673,maximumSize=,minimumSize=,preferredSize=],rootPaneCheckingEnabled=true]" time="0.222"/>
  <testcase classname="test.ApplicationFastFood" name="testUpdateProduct on test.ApplicationFastFood[frame4,23,0,1235x702,invalid,hidden,layout=java.awt.BorderLayout,title=,normal,defaultCloseOperation=EXIT_ON_CLOSE,rootPane=javax.swing.JRootPane[,7,30,1221x665,invalid,layout=javax.swing.JRootPane$RootLayout,alignmentX=0.0,alignmentY=0.0,border=,flags=16777673,maximumSize=,minimumSize=,preferredSize=],rootPaneCheckingEnabled=true]" time="0.205"/>
  <testcase classname="test.ApplicationFastFood" name="testUpdateProduct on test.ApplicationFastFood[frame4,23,0,1235x702,invalid,hidden,layout=java.awt.BorderLayout,title=,normal,defaultCloseOperation=EXIT_ON_CLOSE,rootPane=javax.swing.JRootPane[,7,30,1221x665,invalid,layout=javax.swing.JRootPane$RootLayout,alignmentX=0.0,alignmentY=0.0,border=,flags=16777673,maximumSize=,minimumSize=,preferredSize=],rootPaneCheckingEnabled=true]" time="0.221"/>
  <testcase classname="test.ApplicationFastFood" name="testUpdateProduct on test.ApplicationFastFood[frame4,23,0,1235x702,invalid,hidden,layout=java.awt.BorderLayout,title=,normal,defaultCloseOperation=EXIT_ON_CLOSE,rootPane=javax.swing.JRootPane[,7,30,1221x665,invalid,layout=javax.swing.JRootPane$RootLayout,alignmentX=0.0,alignmentY=0.0,border=,flags=16777673,maximumSize=,minimumSize=,preferredSize=],rootPaneCheckingEnabled=true]" time="0.205"/>
  <testcase classname="test.ApplicationFastFood" name="testUpdateProduct on test.ApplicationFastFood[frame4,23,0,1235x702,invalid,hidden,layout=java.awt.BorderLayout,title=,normal,defaultCloseOperation=EXIT_ON_CLOSE,rootPane=javax.swing.JRootPane[,7,30,1221x665,invalid,layout=javax.swing.JRootPane$RootLayout,alignmentX=0.0,alignmentY=0.0,border=,flags=16777673,maximumSize=,minimumSize=,preferredSize=],rootPaneCheckingEnabled=true]" time="0.207"/>
  <testcase classname="test.ApplicationFastFood" name="testUpdateProduct on test.ApplicationFastFood[frame4,23,0,1235x702,invalid,hidden,layout=java.awt.BorderLayout,title=,normal,defaultCloseOperation=EXIT_ON_CLOSE,rootPane=javax.swing.JRootPane[,7,30,1221x665,invalid,layout=javax.swing.JRootPane$RootLayout,alignmentX=0.0,alignmentY=0.0,border=,flags=16777673,maximumSize=,minimumSize=,preferredSize=],rootPaneCheckingEnabled=true]" time="0.205"/>
  <testcase classname="test.ApplicationFastFood" name="testUpdateProduct on test.ApplicationFastFood[frame4,23,0,1235x702,invalid,hidden,layout=java.awt.BorderLayout,title=,normal,defaultCloseOperation=EXIT_ON_CLOSE,rootPane=javax.swing.JRootPane[,7,30,1221x665,invalid,layout=javax.swing.JRootPane$RootLayout,alignmentX=0.0,alignmentY=0.0,border=,flags=16777673,maximumSize=,minimumSize=,preferredSize=],rootPaneCheckingEnabled=true]" time="0.206"/>
  <testcase classname="test.ApplicationFastFood" name="testUpdateProduct on test.ApplicationFastFood[frame4,23,0,1235x702,invalid,hidden,layout=java.awt.BorderLayout,title=,normal,defaultCloseOperation=EXIT_ON_CLOSE,rootPane=javax.swing.JRootPane[,7,30,1221x665,invalid,layout=javax.swing.JRootPane$RootLayout,alignmentX=0.0,alignmentY=0.0,border=,flags=16777673,maximumSize=,minimumSize=,preferredSize=],rootPaneCheckingEnabled=true]" time="0.206"/>
  <testcase classname="test.ApplicationFastFood" name="testUpdateProduct on test.ApplicationFastFood[frame4,23,0,1235x702,invalid,hidden,layout=java.awt.BorderLayout,title=,normal,defaultCloseOperation=EXIT_ON_CLOSE,rootPane=javax.swing.JRootPane[,7,30,1221x665,invalid,layout=javax.swing.JRootPane$RootLayout,alignmentX=0.0,alignmentY=0.0,border=,flags=16777673,maximumSize=,minimumSize=,preferredSize=],rootPaneCheckingEnabled=true]" time="0.191"/>
  <testcase classname="test.ApplicationFastFood" name="testUpdateProduct on test.ApplicationFastFood[frame4,23,0,1235x702,invalid,hidden,layout=java.awt.BorderLayout,title=,normal,defaultCloseOperation=EXIT_ON_CLOSE,rootPane=javax.swing.JRootPane[,7,30,1221x665,invalid,layout=javax.swing.JRootPane$RootLayout,alignmentX=0.0,alignmentY=0.0,border=,flags=16777673,maximumSize=,minimumSize=,preferredSize=],rootPaneCheckingEnabled=true]" time="0.206"/>
  <testcase classname="test.ApplicationFastFood" name="testUpdateProduct on test.ApplicationFastFood[frame4,23,0,1235x702,invalid,hidden,layout=java.awt.BorderLayout,title=,normal,defaultCloseOperation=EXIT_ON_CLOSE,rootPane=javax.swing.JRootPane[,7,30,1221x665,invalid,layout=javax.swing.JRootPane$RootLayout,alignmentX=0.0,alignmentY=0.0,border=,flags=16777673,maximumSize=,minimumSize=,preferredSize=],rootPaneCheckingEnabled=true]" time="0.207"/>
  <testcase classname="test.ApplicationFastFood" name="testUpdateProduct on test.ApplicationFastFood[frame4,23,0,1235x702,invalid,hidden,layout=java.awt.BorderLayout,title=,normal,defaultCloseOperation=EXIT_ON_CLOSE,rootPane=javax.swing.JRootPane[,7,30,1221x665,invalid,layout=javax.swing.JRootPane$RootLayout,alignmentX=0.0,alignmentY=0.0,border=,flags=16777673,maximumSize=,minimumSize=,preferredSize=],rootPaneCheckingEnabled=true]" time="0.221"/>
  <testcase classname="test.ApplicationFastFood" name="testUpdateProduct on test.ApplicationFastFood[frame4,23,0,1235x702,invalid,hidden,layout=java.awt.BorderLayout,title=,normal,defaultCloseOperation=EXIT_ON_CLOSE,rootPane=javax.swing.JRootPane[,7,30,1221x665,invalid,layout=javax.swing.JRootPane$RootLayout,alignmentX=0.0,alignmentY=0.0,border=,flags=16777673,maximumSize=,minimumSize=,preferredSize=],rootPaneCheckingEnabled=true]" time="0.206"/>
  <testcase classname="test.ApplicationFastFood" name="testUpdateProduct on test.ApplicationFastFood[frame4,23,0,1235x702,invalid,hidden,layout=java.awt.BorderLayout,title=,normal,defaultCloseOperation=EXIT_ON_CLOSE,rootPane=javax.swing.JRootPane[,7,30,1221x665,invalid,layout=javax.swing.JRootPane$RootLayout,alignmentX=0.0,alignmentY=0.0,border=,flags=16777673,maximumSize=,minimumSize=,preferredSize=],rootPaneCheckingEnabled=true]" time="0.206"/>
  <testcase classname="test.ApplicationFastFood" name="testUpdateProduct on test.ApplicationFastFood[frame4,23,0,1235x702,invalid,hidden,layout=java.awt.BorderLayout,title=,normal,defaultCloseOperation=EXIT_ON_CLOSE,rootPane=javax.swing.JRootPane[,7,30,1221x665,invalid,layout=javax.swing.JRootPane$RootLayout,alignmentX=0.0,alignmentY=0.0,border=,flags=16777673,maximumSize=,minimumSize=,preferredSize=],rootPaneCheckingEnabled=true]" time="0.206"/>
  <testcase classname="test.ApplicationFastFood" name="testUpdateProduct on test.ApplicationFastFood[frame4,23,0,1235x702,invalid,hidden,layout=java.awt.BorderLayout,title=,normal,defaultCloseOperation=EXIT_ON_CLOSE,rootPane=javax.swing.JRootPane[,7,30,1221x665,invalid,layout=javax.swing.JRootPane$RootLayout,alignmentX=0.0,alignmentY=0.0,border=,flags=16777673,maximumSize=,minimumSize=,preferredSize=],rootPaneCheckingEnabled=true]" time="0.238"/>
  <testcase classname="test.ApplicationFastFood" name="testUpdateProduct on test.ApplicationFastFood[frame4,23,0,1235x702,invalid,hidden,layout=java.awt.BorderLayout,title=,normal,defaultCloseOperation=EXIT_ON_CLOSE,rootPane=javax.swing.JRootPane[,7,30,1221x665,invalid,layout=javax.swing.JRootPane$RootLayout,alignmentX=0.0,alignmentY=0.0,border=,flags=16777673,maximumSize=,minimumSize=,preferredSize=],rootPaneCheckingEnabled=true]" time="0.238"/>
  <testcase classname="test.ApplicationFastFood" name="testUpdateProduct on test.ApplicationFastFood[frame4,23,0,1235x702,invalid,hidden,layout=java.awt.BorderLayout,title=,normal,defaultCloseOperation=EXIT_ON_CLOSE,rootPane=javax.swing.JRootPane[,7,30,1221x665,invalid,layout=javax.swing.JRootPane$RootLayout,alignmentX=0.0,alignmentY=0.0,border=,flags=16777673,maximumSize=,minimumSize=,preferredSize=],rootPaneCheckingEnabled=true]" time="0.204"/>
  <testcase classname="test.ApplicationFastFood" name="testUpdateProduct on test.ApplicationFastFood[frame4,23,0,1235x702,invalid,hidden,layout=java.awt.BorderLayout,title=,normal,defaultCloseOperation=EXIT_ON_CLOSE,rootPane=javax.swing.JRootPane[,7,30,1221x665,invalid,layout=javax.swing.JRootPane$RootLayout,alignmentX=0.0,alignmentY=0.0,border=,flags=16777673,maximumSize=,minimumSize=,preferredSize=],rootPaneCheckingEnabled=true]" time="0.207"/>
  <testcase classname="test.ApplicationFastFood" name="testUpdateProduct on test.ApplicationFastFood[frame4,23,0,1235x702,invalid,hidden,layout=java.awt.BorderLayout,title=,normal,defaultCloseOperation=EXIT_ON_CLOSE,rootPane=javax.swing.JRootPane[,7,30,1221x665,invalid,layout=javax.swing.JRootPane$RootLayout,alignmentX=0.0,alignmentY=0.0,border=,flags=16777673,maximumSize=,minimumSize=,preferredSize=],rootPaneCheckingEnabled=true]" time="0.207"/>
  <testcase classname="test.ApplicationFastFood" name="testUpdateProduct on test.ApplicationFastFood[frame4,23,0,1235x702,invalid,hidden,layout=java.awt.BorderLayout,title=,normal,defaultCloseOperation=EXIT_ON_CLOSE,rootPane=javax.swing.JRootPane[,7,30,1221x665,invalid,layout=javax.swing.JRootPane$RootLayout,alignmentX=0.0,alignmentY=0.0,border=,flags=16777673,maximumSize=,minimumSize=,preferredSize=],rootPaneCheckingEnabled=true]" time="0.205"/>
  <testcase classname="test.ApplicationFastFood" name="testUpdateProduct on test.ApplicationFastFood[frame4,23,0,1235x702,invalid,hidden,layout=java.awt.BorderLayout,title=,normal,defaultCloseOperation=EXIT_ON_CLOSE,rootPane=javax.swing.JRootPane[,7,30,1221x665,invalid,layout=javax.swing.JRootPane$RootLayout,alignmentX=0.0,alignmentY=0.0,border=,flags=16777673,maximumSize=,minimumSize=,preferredSize=],rootPaneCheckingEnabled=true]" time="0.208"/>
  <testcase classname="test.ApplicationFastFood" name="testUpdateProduct on test.ApplicationFastFood[frame4,23,0,1235x702,invalid,hidden,layout=java.awt.BorderLayout,title=,normal,defaultCloseOperation=EXIT_ON_CLOSE,rootPane=javax.swing.JRootPane[,7,30,1221x665,invalid,layout=javax.swing.JRootPane$RootLayout,alignmentX=0.0,alignmentY=0.0,border=,flags=16777673,maximumSize=,minimumSize=,preferredSize=],rootPaneCheckingEnabled=true]" time="0.206">
    <failure type="java.lang.AssertionError" message="expected [Quantity has to lower than 1000000.0] but found [Quantity has to lower than 10000.0]">
      <![CDATA[java.lang.AssertionError: expected [Quantity has to lower than 1000000.0] but found [Quantity has to lower than 10000.0]
at test.ApplicationFastFood.testUpdateProduct(ApplicationFastFood.java:5744)
at java.base/java.util.ArrayList.forEach(ArrayList.java:1511)
... Removed 33 stack frames]]>
    </failure>
  </testcase> <!-- testUpdateProduct on test.ApplicationFastFood[frame4,23,0,1235x702,invalid,hidden,layout=java.awt.BorderLayout,title=,normal,defaultCloseOperation=EXIT_ON_CLOSE,rootPane=javax.swing.JRootPane[,7,30,1221x665,invalid,layout=javax.swing.JRootPane$RootLayout,alignmentX=0.0,alignmentY=0.0,border=,flags=16777673,maximumSize=,minimumSize=,preferredSize=],rootPaneCheckingEnabled=true] -->
  <testcase classname="test.ApplicationFastFood" name="testUpdateProduct on test.ApplicationFastFood[frame4,23,0,1235x702,invalid,hidden,layout=java.awt.BorderLayout,title=,normal,defaultCloseOperation=EXIT_ON_CLOSE,rootPane=javax.swing.JRootPane[,7,30,1221x665,invalid,layout=javax.swing.JRootPane$RootLayout,alignmentX=0.0,alignmentY=0.0,border=,flags=16777673,maximumSize=,minimumSize=,preferredSize=],rootPaneCheckingEnabled=true]" time="0.208"/>
  <testcase classname="test.ApplicationFastFood" name="testUpdateProduct on test.ApplicationFastFood[frame4,23,0,1235x702,invalid,hidden,layout=java.awt.BorderLayout,title=,normal,defaultCloseOperation=EXIT_ON_CLOSE,rootPane=javax.swing.JRootPane[,7,30,1221x665,invalid,layout=javax.swing.JRootPane$RootLayout,alignmentX=0.0,alignmentY=0.0,border=,flags=16777673,maximumSize=,minimumSize=,preferredSize=],rootPaneCheckingEnabled=true]" time="0.222"/>
  <testcase classname="test.ApplicationFastFood" name="testUpdateProduct on test.ApplicationFastFood[frame4,23,0,1235x702,invalid,hidden,layout=java.awt.BorderLayout,title=,normal,defaultCloseOperation=EXIT_ON_CLOSE,rootPane=javax.swing.JRootPane[,7,30,1221x665,invalid,layout=javax.swing.JRootPane$RootLayout,alignmentX=0.0,alignmentY=0.0,border=,flags=16777673,maximumSize=,minimumSize=,preferredSize=],rootPaneCheckingEnabled=true]" time="0.205"/>
  <testcase classname="test.ApplicationFastFood" name="testUpdateProduct on test.ApplicationFastFood[frame4,23,0,1235x702,invalid,hidden,layout=java.awt.BorderLayout,title=,normal,defaultCloseOperation=EXIT_ON_CLOSE,rootPane=javax.swing.JRootPane[,7,30,1221x665,invalid,layout=javax.swing.JRootPane$RootLayout,alignmentX=0.0,alignmentY=0.0,border=,flags=16777673,maximumSize=,minimumSize=,preferredSize=],rootPaneCheckingEnabled=true]" time="0.222"/>
  <testcase classname="test.ApplicationFastFood" name="testUpdateProduct on test.ApplicationFastFood[frame4,23,0,1235x702,invalid,hidden,layout=java.awt.BorderLayout,title=,normal,defaultCloseOperation=EXIT_ON_CLOSE,rootPane=javax.swing.JRootPane[,7,30,1221x665,invalid,layout=javax.swing.JRootPane$RootLayout,alignmentX=0.0,alignmentY=0.0,border=,flags=16777673,maximumSize=,minimumSize=,preferredSize=],rootPaneCheckingEnabled=true]" time="0.237">
    <failure type="java.lang.AssertionError" message="expected [Quantity has to lower than 1000000.0] but found [Quantity has to lower than 10000.0]">
      <![CDATA[java.lang.AssertionError: expected [Quantity has to lower than 1000000.0] but found [Quantity has to lower than 10000.0]
at test.ApplicationFastFood.testUpdateProduct(ApplicationFastFood.java:5744)
at java.base/java.util.ArrayList.forEach(ArrayList.java:1511)
... Removed 33 stack frames]]>
    </failure>
  </testcase> <!-- testUpdateProduct on test.ApplicationFastFood[frame4,23,0,1235x702,invalid,hidden,layout=java.awt.BorderLayout,title=,normal,defaultCloseOperation=EXIT_ON_CLOSE,rootPane=javax.swing.JRootPane[,7,30,1221x665,invalid,layout=javax.swing.JRootPane$RootLayout,alignmentX=0.0,alignmentY=0.0,border=,flags=16777673,maximumSize=,minimumSize=,preferredSize=],rootPaneCheckingEnabled=true] -->
  <testcase classname="test.ApplicationFastFood" name="testUpdateProduct on test.ApplicationFastFood[frame4,23,0,1235x702,invalid,hidden,layout=java.awt.BorderLayout,title=,normal,defaultCloseOperation=EXIT_ON_CLOSE,rootPane=javax.swing.JRootPane[,7,30,1221x665,invalid,layout=javax.swing.JRootPane$RootLayout,alignmentX=0.0,alignmentY=0.0,border=,flags=16777673,maximumSize=,minimumSize=,preferredSize=],rootPaneCheckingEnabled=true]" time="0.222"/>
  <testcase classname="test.ApplicationFastFood" name="testUpdateProduct on test.ApplicationFastFood[frame4,23,0,1235x702,invalid,hidden,layout=java.awt.BorderLayout,title=,normal,defaultCloseOperation=EXIT_ON_CLOSE,rootPane=javax.swing.JRootPane[,7,30,1221x665,invalid,layout=javax.swing.JRootPane$RootLayout,alignmentX=0.0,alignmentY=0.0,border=,flags=16777673,maximumSize=,minimumSize=,preferredSize=],rootPaneCheckingEnabled=true]" time="0.206"/>
  <testcase classname="test.ApplicationFastFood" name="testUpdateProduct on test.ApplicationFastFood[frame4,23,0,1235x702,invalid,hidden,layout=java.awt.BorderLayout,title=,normal,defaultCloseOperation=EXIT_ON_CLOSE,rootPane=javax.swing.JRootPane[,7,30,1221x665,invalid,layout=javax.swing.JRootPane$RootLayout,alignmentX=0.0,alignmentY=0.0,border=,flags=16777673,maximumSize=,minimumSize=,preferredSize=],rootPaneCheckingEnabled=true]" time="0.237"/>
  <testcase classname="test.ApplicationFastFood" name="testUpdateProduct on test.ApplicationFastFood[frame4,23,0,1235x702,invalid,hidden,layout=java.awt.BorderLayout,title=,normal,defaultCloseOperation=EXIT_ON_CLOSE,rootPane=javax.swing.JRootPane[,7,30,1221x665,invalid,layout=javax.swing.JRootPane$RootLayout,alignmentX=0.0,alignmentY=0.0,border=,flags=16777673,maximumSize=,minimumSize=,preferredSize=],rootPaneCheckingEnabled=true]" time="0.191"/>
  <testcase classname="test.ApplicationFastFood" name="testUpdateProduct on test.ApplicationFastFood[frame4,23,0,1235x702,invalid,hidden,layout=java.awt.BorderLayout,title=,normal,defaultCloseOperation=EXIT_ON_CLOSE,rootPane=javax.swing.JRootPane[,7,30,1221x665,invalid,layout=javax.swing.JRootPane$RootLayout,alignmentX=0.0,alignmentY=0.0,border=,flags=16777673,maximumSize=,minimumSize=,preferredSize=],rootPaneCheckingEnabled=true]" time="0.207"/>
  <testcase classname="test.ApplicationFastFood" name="testUpdateProduct on test.ApplicationFastFood[frame4,23,0,1235x702,invalid,hidden,layout=java.awt.BorderLayout,title=,normal,defaultCloseOperation=EXIT_ON_CLOSE,rootPane=javax.swing.JRootPane[,7,30,1221x665,invalid,layout=javax.swing.JRootPane$RootLayout,alignmentX=0.0,alignmentY=0.0,border=,flags=16777673,maximumSize=,minimumSize=,preferredSize=],rootPaneCheckingEnabled=true]" time="0.206"/>
  <testcase classname="test.ApplicationFastFood" name="testUpdateProduct on test.ApplicationFastFood[frame4,23,0,1235x702,invalid,hidden,layout=java.awt.BorderLayout,title=,normal,defaultCloseOperation=EXIT_ON_CLOSE,rootPane=javax.swing.JRootPane[,7,30,1221x665,invalid,layout=javax.swing.JRootPane$RootLayout,alignmentX=0.0,alignmentY=0.0,border=,flags=16777673,maximumSize=,minimumSize=,preferredSize=],rootPaneCheckingEnabled=true]" time="0.189"/>
  <testcase classname="test.ApplicationFastFood" name="testUpdateProduct on test.ApplicationFastFood[frame4,23,0,1235x702,invalid,hidden,layout=java.awt.BorderLayout,title=,normal,defaultCloseOperation=EXIT_ON_CLOSE,rootPane=javax.swing.JRootPane[,7,30,1221x665,invalid,layout=javax.swing.JRootPane$RootLayout,alignmentX=0.0,alignmentY=0.0,border=,flags=16777673,maximumSize=,minimumSize=,preferredSize=],rootPaneCheckingEnabled=true]" time="0.205"/>
  <testcase classname="test.ApplicationFastFood" name="testUpdateProduct on test.ApplicationFastFood[frame4,23,0,1235x702,invalid,hidden,layout=java.awt.BorderLayout,title=,normal,defaultCloseOperation=EXIT_ON_CLOSE,rootPane=javax.swing.JRootPane[,7,30,1221x665,invalid,layout=javax.swing.JRootPane$RootLayout,alignmentX=0.0,alignmentY=0.0,border=,flags=16777673,maximumSize=,minimumSize=,preferredSize=],rootPaneCheckingEnabled=true]" time="0.206"/>
  <testcase classname="test.ApplicationFastFood" name="testUpdateProduct on test.ApplicationFastFood[frame4,23,0,1235x702,invalid,hidden,layout=java.awt.BorderLayout,title=,normal,defaultCloseOperation=EXIT_ON_CLOSE,rootPane=javax.swing.JRootPane[,7,30,1221x665,invalid,layout=javax.swing.JRootPane$RootLayout,alignmentX=0.0,alignmentY=0.0,border=,flags=16777673,maximumSize=,minimumSize=,preferredSize=],rootPaneCheckingEnabled=true]" time="0.222"/>
  <testcase classname="test.ApplicationFastFood" name="testUpdateProduct on test.ApplicationFastFood[frame4,23,0,1235x702,invalid,hidden,layout=java.awt.BorderLayout,title=,normal,defaultCloseOperation=EXIT_ON_CLOSE,rootPane=javax.swing.JRootPane[,7,30,1221x665,invalid,layout=javax.swing.JRootPane$RootLayout,alignmentX=0.0,alignmentY=0.0,border=,flags=16777673,maximumSize=,minimumSize=,preferredSize=],rootPaneCheckingEnabled=true]" time="0.19"/>
  <testcase classname="test.ApplicationFastFood" name="testUpdateProduct on test.ApplicationFastFood[frame4,23,0,1235x702,invalid,hidden,layout=java.awt.BorderLayout,title=,normal,defaultCloseOperation=EXIT_ON_CLOSE,rootPane=javax.swing.JRootPane[,7,30,1221x665,invalid,layout=javax.swing.JRootPane$RootLayout,alignmentX=0.0,alignmentY=0.0,border=,flags=16777673,maximumSize=,minimumSize=,preferredSize=],rootPaneCheckingEnabled=true]" time="0.207"/>
  <testcase classname="test.ApplicationFastFood" name="testUpdateProduct on test.ApplicationFastFood[frame4,23,0,1235x702,invalid,hidden,layout=java.awt.BorderLayout,title=,normal,defaultCloseOperation=EXIT_ON_CLOSE,rootPane=javax.swing.JRootPane[,7,30,1221x665,invalid,layout=javax.swing.JRootPane$RootLayout,alignmentX=0.0,alignmentY=0.0,border=,flags=16777673,maximumSize=,minimumSize=,preferredSize=],rootPaneCheckingEnabled=true]" time="0.268"/>
  <testcase classname="test.ApplicationFastFood" name="testUpdateProduct on test.ApplicationFastFood[frame4,23,0,1235x702,invalid,hidden,layout=java.awt.BorderLayout,title=,normal,defaultCloseOperation=EXIT_ON_CLOSE,rootPane=javax.swing.JRootPane[,7,30,1221x665,invalid,layout=javax.swing.JRootPane$RootLayout,alignmentX=0.0,alignmentY=0.0,border=,flags=16777673,maximumSize=,minimumSize=,preferredSize=],rootPaneCheckingEnabled=true]" time="0.191"/>
  <testcase classname="test.ApplicationFastFood" name="testUpdateProduct on test.ApplicationFastFood[frame4,23,0,1235x702,invalid,hidden,layout=java.awt.BorderLayout,title=,normal,defaultCloseOperation=EXIT_ON_CLOSE,rootPane=javax.swing.JRootPane[,7,30,1221x665,invalid,layout=javax.swing.JRootPane$RootLayout,alignmentX=0.0,alignmentY=0.0,border=,flags=16777673,maximumSize=,minimumSize=,preferredSize=],rootPaneCheckingEnabled=true]" time="0.27"/>
  <testcase classname="test.ApplicationFastFood" name="testUpdateProduct on test.ApplicationFastFood[frame4,23,0,1235x702,invalid,hidden,layout=java.awt.BorderLayout,title=,normal,defaultCloseOperation=EXIT_ON_CLOSE,rootPane=javax.swing.JRootPane[,7,30,1221x665,invalid,layout=javax.swing.JRootPane$RootLayout,alignmentX=0.0,alignmentY=0.0,border=,flags=16777673,maximumSize=,minimumSize=,preferredSize=],rootPaneCheckingEnabled=true]" time="0.207"/>
  <testcase classname="test.ApplicationFastFood" name="testUpdateProduct on test.ApplicationFastFood[frame4,23,0,1235x702,invalid,hidden,layout=java.awt.BorderLayout,title=,normal,defaultCloseOperation=EXIT_ON_CLOSE,rootPane=javax.swing.JRootPane[,7,30,1221x665,invalid,layout=javax.swing.JRootPane$RootLayout,alignmentX=0.0,alignmentY=0.0,border=,flags=16777673,maximumSize=,minimumSize=,preferredSize=],rootPaneCheckingEnabled=true]" time="0.236"/>
  <testcase classname="test.ApplicationFastFood" name="testUpdateProduct on test.ApplicationFastFood[frame4,23,0,1235x702,invalid,hidden,layout=java.awt.BorderLayout,title=,normal,defaultCloseOperation=EXIT_ON_CLOSE,rootPane=javax.swing.JRootPane[,7,30,1221x665,invalid,layout=javax.swing.JRootPane$RootLayout,alignmentX=0.0,alignmentY=0.0,border=,flags=16777673,maximumSize=,minimumSize=,preferredSize=],rootPaneCheckingEnabled=true]" time="0.204"/>
  <testcase classname="test.ApplicationFastFood" name="testUpdateProduct on test.ApplicationFastFood[frame4,23,0,1235x702,invalid,hidden,layout=java.awt.BorderLayout,title=,normal,defaultCloseOperation=EXIT_ON_CLOSE,rootPane=javax.swing.JRootPane[,7,30,1221x665,invalid,layout=javax.swing.JRootPane$RootLayout,alignmentX=0.0,alignmentY=0.0,border=,flags=16777673,maximumSize=,minimumSize=,preferredSize=],rootPaneCheckingEnabled=true]" time="0.222"/>
  <testcase classname="test.ApplicationFastFood" name="testUpdateProduct on test.ApplicationFastFood[frame4,23,0,1235x702,invalid,hidden,layout=java.awt.BorderLayout,title=,normal,defaultCloseOperation=EXIT_ON_CLOSE,rootPane=javax.swing.JRootPane[,7,30,1221x665,invalid,layout=javax.swing.JRootPane$RootLayout,alignmentX=0.0,alignmentY=0.0,border=,flags=16777673,maximumSize=,minimumSize=,preferredSize=],rootPaneCheckingEnabled=true]" time="0.221"/>
  <testcase classname="test.ApplicationFastFood" name="testUpdateProduct on test.ApplicationFastFood[frame4,23,0,1235x702,invalid,hidden,layout=java.awt.BorderLayout,title=,normal,defaultCloseOperation=EXIT_ON_CLOSE,rootPane=javax.swing.JRootPane[,7,30,1221x665,invalid,layout=javax.swing.JRootPane$RootLayout,alignmentX=0.0,alignmentY=0.0,border=,flags=16777673,maximumSize=,minimumSize=,preferredSize=],rootPaneCheckingEnabled=true]" time="0.206"/>
  <testcase classname="test.ApplicationFastFood" name="testUpdateProduct on test.ApplicationFastFood[frame4,23,0,1235x702,invalid,hidden,layout=java.awt.BorderLayout,title=,normal,defaultCloseOperation=EXIT_ON_CLOSE,rootPane=javax.swing.JRootPane[,7,30,1221x665,invalid,layout=javax.swing.JRootPane$RootLayout,alignmentX=0.0,alignmentY=0.0,border=,flags=16777673,maximumSize=,minimumSize=,preferredSize=],rootPaneCheckingEnabled=true]" time="0.221"/>
  <testcase classname="test.ApplicationFastFood" name="testUpdateProduct on test.ApplicationFastFood[frame4,23,0,1235x702,invalid,hidden,layout=java.awt.BorderLayout,title=,normal,defaultCloseOperation=EXIT_ON_CLOSE,rootPane=javax.swing.JRootPane[,7,30,1221x665,invalid,layout=javax.swing.JRootPane$RootLayout,alignmentX=0.0,alignmentY=0.0,border=,flags=16777673,maximumSize=,minimumSize=,preferredSize=],rootPaneCheckingEnabled=true]" time="0.24"/>
  <testcase classname="test.ApplicationFastFood" name="testUpdateProduct on test.ApplicationFastFood[frame4,23,0,1235x702,invalid,hidden,layout=java.awt.BorderLayout,title=,normal,defaultCloseOperation=EXIT_ON_CLOSE,rootPane=javax.swing.JRootPane[,7,30,1221x665,invalid,layout=javax.swing.JRootPane$RootLayout,alignmentX=0.0,alignmentY=0.0,border=,flags=16777673,maximumSize=,minimumSize=,preferredSize=],rootPaneCheckingEnabled=true]" time="0.222"/>
  <testcase classname="test.ApplicationFastFood" name="testUpdateProduct on test.ApplicationFastFood[frame4,23,0,1235x702,invalid,hidden,layout=java.awt.BorderLayout,title=,normal,defaultCloseOperation=EXIT_ON_CLOSE,rootPane=javax.swing.JRootPane[,7,30,1221x665,invalid,layout=javax.swing.JRootPane$RootLayout,alignmentX=0.0,alignmentY=0.0,border=,flags=16777673,maximumSize=,minimumSize=,preferredSize=],rootPaneCheckingEnabled=true]" time="0.572"/>
  <testcase classname="test.ApplicationFastFood" name="testLogin" time="0.0">
    <ignored/>
  </testcase> <!-- testLogin -->
  <testcase classname="test.ApplicationFastFood" name="testChangePass" time="0.0">
    <ignored/>
  </testcase> <!-- testChangePass -->
  <testcase classname="test.ApplicationFastFood" name="testUpdateInformation" time="0.0">
    <ignored/>
  </testcase> <!-- testUpdateInformation -->
  <testcase classname="test.ApplicationFastFood" name="testRegister" time="0.0">
    <ignored/>
  </testcase> <!-- testRegister -->
  <testcase classname="test.ApplicationFastFood" name="testInsertProduct" time="0.0">
    <ignored/>
  </testcase> <!-- testInsertProduct -->
</testsuite> <!-- insertproduct -->
